#
# There is insufficient memory for the Java Runtime Environment to continue.
# Native memory allocation (malloc) failed to allocate 1102304 bytes for Chunk::new
# Possible reasons:
#   The system is out of physical RAM or swap space
#   The process is running with CompressedOops enabled, and the Java Heap may be blocking the growth of the native heap
# Possible solutions:
#   Reduce memory load on the system
#   Increase physical memory or swap space
#   Check if swap backing store is full
#   Decrease Java heap size (-Xmx/-Xms)
#   Decrease number of Java threads
#   Decrease Java thread stack sizes (-Xss)
#   Set larger code cache with -XX:ReservedCodeCacheSize=
#   JVM is running with Unscaled Compressed Oops mode in which the Java heap is
#     placed in the first 4GB address space. The Java Heap base address is the
#     maximum limit for the native heap growth. Please use -XX:HeapBaseMinAddress
#     to set the Java Heap base and to place the Java Heap above 4GB virtual address.
# This output file may be truncated or incomplete.
#
#  Out of Memory Error (arena.cpp:191), pid=16720, tid=17360
#
# JRE version: OpenJDK Runtime Environment (17.0.9) (build 17.0.9+0--11185874)
# Java VM: OpenJDK 64-Bit Server VM (17.0.9+0--11185874, mixed mode, tiered, compressed oops, compressed class ptrs, g1 gc, windows-amd64)
# No core dump will be written. Minidumps are not enabled by default on client versions of Windows
#

---------------  S U M M A R Y ------------

Command Line: --add-opens=java.base/java.util=ALL-UNNAMED --add-opens=java.base/java.lang=ALL-UNNAMED --add-opens=java.base/java.lang.invoke=ALL-UNNAMED --add-opens=java.prefs/java.util.prefs=ALL-UNNAMED --add-opens=java.base/java.nio.charset=ALL-UNNAMED --add-opens=java.base/java.net=ALL-UNNAMED --add-opens=java.base/java.util.concurrent.atomic=ALL-UNNAMED -Xmx2048m -Dfile.encoding=UTF-8 -Duser.country=MX -Duser.language=es -Duser.variant -javaagent:C:\Users\johna\.gradle\wrapper\dists\gradle-8.4-bin\1w5dpkrfk8irigvoxmyhowfim\gradle-8.4\lib\agents\gradle-instrumentation-agent-8.4.jar org.gradle.launcher.daemon.bootstrap.GradleDaemon 8.4

Host: Intel(R) Core(TM) i3-10110U CPU @ 2.10GHz, 4 cores, 7G,  Windows 11 , 64 bit Build 22621 (10.0.22621.3430)
Time: Sat Apr 13 15:59:45 2024 Hora est. Pacífico, Sudamérica elapsed time: 21.791690 seconds (0d 0h 0m 21s)

---------------  T H R E A D  ---------------

Current thread (0x000001722c049020):  JavaThread "C2 CompilerThread0" daemon [_thread_in_native, id=17360, stack(0x0000003781d00000,0x0000003781e00000)]


Current CompileTask:
C2:  21791 6595       4       org.objectweb.asm.Frame::execute (2318 bytes)

Stack: [0x0000003781d00000,0x0000003781e00000]
Native frames: (J=compiled Java code, j=interpreted, Vv=VM code, C=native code)
V  [jvm.dll+0x6886e9]
V  [jvm.dll+0x841e4a]
V  [jvm.dll+0x843a8e]
V  [jvm.dll+0x8440f3]
V  [jvm.dll+0x24c14f]
V  [jvm.dll+0xac44c]
V  [jvm.dll+0xaca9c]
V  [jvm.dll+0x36c1f7]
V  [jvm.dll+0x1be4b6]
V  [jvm.dll+0x21df09]
V  [jvm.dll+0x21d1d1]
V  [jvm.dll+0x1a674d]
V  [jvm.dll+0x22d088]
V  [jvm.dll+0x22b1c0]
V  [jvm.dll+0x7f62f7]
V  [jvm.dll+0x7f06aa]
V  [jvm.dll+0x687565]
C  [ucrtbase.dll+0x29333]
C  [KERNEL32.DLL+0x1257d]
C  [ntdll.dll+0x5aa48]


---------------  P R O C E S S  ---------------

Threads class SMR info:
_java_thread_list=0x000001722d08e3e0, length=44, elements={
0x000001720e89b270, 0x000001722c013020, 0x000001722c013ea0, 0x0000017227e91190,
0x0000017227e91b60, 0x0000017227e92720, 0x000001722c048420, 0x000001722c049020,
0x000001722c052950, 0x000001722c0b2fa0, 0x000001722c1c3020, 0x000001722c27ec00,
0x000001722dd20440, 0x000001722d01e3e0, 0x000001722cf90740, 0x000001722cf39d20,
0x000001722cf3a200, 0x000001722cf4f780, 0x000001722d54b1c0, 0x000001722d55e020,
0x000001722d55db10, 0x000001722d55e530, 0x000001722d55c1c0, 0x000001722d55ef50,
0x000001722d55d600, 0x000001722d55d0f0, 0x000001722d55bcb0, 0x000001722d55cbe0,
0x000001722e1bdfa0, 0x000001722e1bda90, 0x000001722e1bfe00, 0x000001722e1c0820,
0x000001722e1be4b0, 0x000001722e1c0310, 0x000001722e1c0d30, 0x000001722e1c1240,
0x000001722e1bf8f0, 0x000001722e1c30a0, 0x000001722e1bd070, 0x000001722e1beed0,
0x000001722e1bd580, 0x000001722e1c1c60, 0x000001722e1c1750, 0x000001722e1c2b90
}

Java Threads: ( => current thread )
  0x000001720e89b270 JavaThread "main" [_thread_blocked, id=15768, stack(0x0000003781000000,0x0000003781100000)]
  0x000001722c013020 JavaThread "Reference Handler" daemon [_thread_blocked, id=1788, stack(0x0000003781700000,0x0000003781800000)]
  0x000001722c013ea0 JavaThread "Finalizer" daemon [_thread_blocked, id=16116, stack(0x0000003781800000,0x0000003781900000)]
  0x0000017227e91190 JavaThread "Signal Dispatcher" daemon [_thread_blocked, id=8384, stack(0x0000003781900000,0x0000003781a00000)]
  0x0000017227e91b60 JavaThread "Attach Listener" daemon [_thread_blocked, id=1500, stack(0x0000003781a00000,0x0000003781b00000)]
  0x0000017227e92720 JavaThread "Service Thread" daemon [_thread_blocked, id=10824, stack(0x0000003781b00000,0x0000003781c00000)]
  0x000001722c048420 JavaThread "Monitor Deflation Thread" daemon [_thread_blocked, id=13920, stack(0x0000003781c00000,0x0000003781d00000)]
=>0x000001722c049020 JavaThread "C2 CompilerThread0" daemon [_thread_in_native, id=17360, stack(0x0000003781d00000,0x0000003781e00000)]
  0x000001722c052950 JavaThread "C1 CompilerThread0" daemon [_thread_in_native, id=16736, stack(0x0000003781e00000,0x0000003781f00000)]
  0x000001722c0b2fa0 JavaThread "Sweeper thread" daemon [_thread_blocked, id=10568, stack(0x0000003781f00000,0x0000003782000000)]
  0x000001722c1c3020 JavaThread "Common-Cleaner" daemon [_thread_blocked, id=7048, stack(0x0000003782000000,0x0000003782100000)]
  0x000001722c27ec00 JavaThread "Notification Thread" daemon [_thread_blocked, id=10736, stack(0x0000003782100000,0x0000003782200000)]
  0x000001722dd20440 JavaThread "Daemon health stats" [_thread_blocked, id=7520, stack(0x0000003782600000,0x0000003782700000)]
  0x000001722d01e3e0 JavaThread "Incoming local TCP Connector on port 54036" [_thread_in_native, id=10108, stack(0x0000003782700000,0x0000003782800000)]
  0x000001722cf90740 JavaThread "Daemon periodic checks" [_thread_blocked, id=10476, stack(0x0000003782800000,0x0000003782900000)]
  0x000001722cf39d20 JavaThread "Daemon" [_thread_blocked, id=12124, stack(0x0000003782900000,0x0000003782a00000)]
  0x000001722cf3a200 JavaThread "Handler for socket connection from /127.0.0.1:54036 to /127.0.0.1:54037" [_thread_in_native, id=1264, stack(0x0000003782a00000,0x0000003782b00000)]
  0x000001722cf4f780 JavaThread "Cancel handler" [_thread_blocked, id=3796, stack(0x0000003782b00000,0x0000003782c00000)]
  0x000001722d54b1c0 JavaThread "Daemon worker" [_thread_in_Java, id=16540, stack(0x0000003782c00000,0x0000003782d00000)]
  0x000001722d55e020 JavaThread "Asynchronous log dispatcher for DefaultDaemonConnection: socket connection from /127.0.0.1:54036 to /127.0.0.1:54037" [_thread_blocked, id=16348, stack(0x0000003782d00000,0x0000003782e00000)]
  0x000001722d55db10 JavaThread "Stdin handler" [_thread_blocked, id=10364, stack(0x0000003782e00000,0x0000003782f00000)]
  0x000001722d55e530 JavaThread "Daemon client event forwarder" [_thread_blocked, id=14464, stack(0x0000003782f00000,0x0000003783000000)]
  0x000001722d55c1c0 JavaThread "Cache worker for journal cache (C:\Users\johna\.gradle\caches\journal-1)" [_thread_blocked, id=14736, stack(0x0000003783000000,0x0000003783100000)]
  0x000001722d55ef50 JavaThread "File lock request listener" [_thread_in_native, id=10956, stack(0x0000003783100000,0x0000003783200000)]
  0x000001722d55d600 JavaThread "Cache worker for file hash cache (C:\Users\johna\.gradle\caches\8.4\fileHashes)" [_thread_blocked, id=12336, stack(0x0000003783200000,0x0000003783300000)]
  0x000001722d55d0f0 JavaThread "File watcher server" daemon [_thread_in_native, id=16652, stack(0x0000003783300000,0x0000003783400000)]
  0x000001722d55bcb0 JavaThread "File watcher consumer" daemon [_thread_blocked, id=5996, stack(0x0000003783400000,0x0000003783500000)]
  0x000001722d55cbe0 JavaThread "Cache worker for checksums cache (C:\Users\johna\AndroidStudioProjects\app_MediAlert\.gradle\8.4\checksums)" [_thread_blocked, id=6676, stack(0x0000003783500000,0x0000003783600000)]
  0x000001722e1bdfa0 JavaThread "Cache worker for file hash cache (C:\Users\johna\AndroidStudioProjects\app_MediAlert\.gradle\8.4\fileHashes)" [_thread_blocked, id=3840, stack(0x0000003783600000,0x0000003783700000)]
  0x000001722e1bda90 JavaThread "Cache worker for cache directory md-supplier (C:\Users\johna\.gradle\caches\8.4\md-supplier)" [_thread_blocked, id=1860, stack(0x0000003783700000,0x0000003783800000)]
  0x000001722e1bfe00 JavaThread "Cache worker for file content cache (C:\Users\johna\.gradle\caches\8.4\fileContent)" [_thread_blocked, id=14472, stack(0x0000003783800000,0x0000003783900000)]
  0x000001722e1c0820 JavaThread "Cache worker for cache directory md-rule (C:\Users\johna\.gradle\caches\8.4\md-rule)" [_thread_blocked, id=14720, stack(0x0000003783900000,0x0000003783a00000)]
  0x000001722e1be4b0 JavaThread "Cache worker for execution history cache (C:\Users\johna\.gradle\caches\8.4\executionHistory)" [_thread_blocked, id=8420, stack(0x0000003783b00000,0x0000003783c00000)]
  0x000001722e1c0310 JavaThread "Cache worker for kotlin-dsl (C:\Users\johna\.gradle\caches\8.4\kotlin-dsl)" [_thread_blocked, id=4752, stack(0x0000003783c00000,0x0000003783d00000)]
  0x000001722e1c0d30 JavaThread "jar transforms" [_thread_blocked, id=15848, stack(0x0000003783d00000,0x0000003783e00000)]
  0x000001722e1c1240 JavaThread "jar transforms Thread 2" [_thread_blocked, id=7760, stack(0x0000003783e00000,0x0000003783f00000)]
  0x000001722e1bf8f0 JavaThread "jar transforms Thread 3" [_thread_blocked, id=4360, stack(0x0000003783f00000,0x0000003784000000)]
  0x000001722e1c30a0 JavaThread "jar transforms Thread 4" [_thread_blocked, id=16244, stack(0x0000003784000000,0x0000003784100000)]
  0x000001722e1bd070 JavaThread "Cache worker for dependencies-accessors (C:\Users\johna\AndroidStudioProjects\app_MediAlert\.gradle\8.4\dependencies-accessors)" [_thread_blocked, id=17268, stack(0x0000003784100000,0x0000003784200000)]
  0x000001722e1beed0 JavaThread "Cache worker for Build Output Cleanup Cache (C:\Users\johna\AndroidStudioProjects\app_MediAlert\.gradle\buildOutputCleanup)" [_thread_blocked, id=9160, stack(0x0000003784200000,0x0000003784300000)]
  0x000001722e1bd580 JavaThread "Unconstrained build operations" [_thread_blocked, id=13752, stack(0x0000003784300000,0x0000003784400000)]
  0x000001722e1c1c60 JavaThread "Unconstrained build operations Thread 2" [_thread_blocked, id=15788, stack(0x0000003784400000,0x0000003784500000)]
  0x000001722e1c1750 JavaThread "Unconstrained build operations Thread 3" [_thread_blocked, id=16700, stack(0x0000003784500000,0x0000003784600000)]
  0x000001722e1c2b90 JavaThread "build event listener" [_thread_blocked, id=12160, stack(0x0000003784600000,0x0000003784700000)]

Other Threads:
  0x0000017227e7afe0 VMThread "VM Thread" [stack: 0x0000003781600000,0x0000003781700000] [id=11960]
  0x000001722c305040 WatcherThread [stack: 0x0000003782200000,0x0000003782300000] [id=8564]
  0x000001720e8f5700 GCTaskThread "GC Thread#0" [stack: 0x0000003781100000,0x0000003781200000] [id=15876]
  0x000001722c572650 GCTaskThread "GC Thread#1" [stack: 0x0000003782300000,0x0000003782400000] [id=5004]
  0x000001722c63f530 GCTaskThread "GC Thread#2" [stack: 0x0000003782400000,0x0000003782500000] [id=14644]
  0x000001722d0240e0 GCTaskThread "GC Thread#3" [stack: 0x0000003782500000,0x0000003782600000] [id=1900]
  0x000001720e906650 ConcurrentGCThread "G1 Main Marker" [stack: 0x0000003781200000,0x0000003781300000] [id=15132]
  0x000001720e907070 ConcurrentGCThread "G1 Conc#0" [stack: 0x0000003781300000,0x0000003781400000] [id=7084]
  0x0000017227cd20c0 ConcurrentGCThread "G1 Refine#0" [stack: 0x0000003781400000,0x0000003781500000] [id=7728]
  0x000001722ecce0e0 ConcurrentGCThread "G1 Refine#1" [stack: 0x0000003783a00000,0x0000003783b00000] [id=15040]
  0x0000017227cd2af0 ConcurrentGCThread "G1 Service" [stack: 0x0000003781500000,0x0000003781600000] [id=5256]

Threads with active compile tasks:
C2 CompilerThread0    21826 6595       4       org.objectweb.asm.Frame::execute (2318 bytes)

VM state: not at safepoint (normal execution)

VM Mutex/Monitor currently owned by a thread: None

Heap address: 0x0000000080000000, size: 2048 MB, Compressed Oops mode: 32-bit

CDS archive(s) not mapped
Compressed class space mapped at: 0x0000000100000000-0x0000000140000000, reserved size: 1073741824
Narrow klass base: 0x0000000000000000, Narrow klass shift: 3, Narrow klass range: 0x140000000

GC Precious Log:
 CPUs: 4 total, 4 available
 Memory: 8025M
 Large Page Support: Disabled
 NUMA Support: Disabled
 Compressed Oops: Enabled (32-bit)
 Heap Region Size: 1M
 Heap Min Capacity: 8M
 Heap Initial Capacity: 126M
 Heap Max Capacity: 2G
 Pre-touch: Disabled
 Parallel Workers: 4
 Concurrent Workers: 1
 Concurrent Refinement Workers: 4
 Periodic GC: Disabled

Heap:
 garbage-first heap   total 109568K, used 61867K [0x0000000080000000, 0x0000000100000000)
  region size 1024K, 3 young (3072K), 1 survivors (1024K)
 Metaspace       used 63081K, committed 63680K, reserved 1114112K
  class space    used 8548K, committed 8832K, reserved 1048576K

Heap Regions: E=young(eden), S=young(survivor), O=old, HS=humongous(starts), HC=humongous(continues), CS=collection set, F=free, OA=open archive, CA=closed archive, TAMS=top-at-mark-start (previous, next)
|   0|0x0000000080000000, 0x0000000080100000, 0x0000000080100000|100%| O|  |TAMS 0x0000000080100000, 0x0000000080000000| Untracked 
|   1|0x0000000080100000, 0x0000000080200000, 0x0000000080200000|100%| O|  |TAMS 0x0000000080200000, 0x0000000080100000| Untracked 
|   2|0x0000000080200000, 0x0000000080300000, 0x0000000080300000|100%|HS|  |TAMS 0x0000000080300000, 0x0000000080200000| Complete 
|   3|0x0000000080300000, 0x0000000080400000, 0x0000000080400000|100%|HC|  |TAMS 0x0000000080400000, 0x0000000080300000| Complete 
|   4|0x0000000080400000, 0x0000000080500000, 0x0000000080500000|100%|HC|  |TAMS 0x0000000080500000, 0x0000000080400000| Complete 
|   5|0x0000000080500000, 0x0000000080600000, 0x0000000080600000|100%|HC|  |TAMS 0x0000000080600000, 0x0000000080500000| Complete 
|   6|0x0000000080600000, 0x0000000080700000, 0x0000000080700000|100%| O|  |TAMS 0x0000000080700000, 0x0000000080600000| Untracked 
|   7|0x0000000080700000, 0x0000000080800000, 0x0000000080800000|100%| O|  |TAMS 0x0000000080800000, 0x0000000080700000| Untracked 
|   8|0x0000000080800000, 0x0000000080900000, 0x0000000080900000|100%| O|  |TAMS 0x0000000080900000, 0x0000000080800000| Untracked 
|   9|0x0000000080900000, 0x0000000080a00000, 0x0000000080a00000|100%| O|  |TAMS 0x0000000080a00000, 0x0000000080900000| Untracked 
|  10|0x0000000080a00000, 0x0000000080ad9e00, 0x0000000080b00000| 85%| O|  |TAMS 0x0000000080a00000, 0x0000000080a00000| Untracked 
|  11|0x0000000080b00000, 0x0000000080c00000, 0x0000000080c00000|100%| O|  |TAMS 0x0000000080c00000, 0x0000000080b00000| Untracked 
|  12|0x0000000080c00000, 0x0000000080d00000, 0x0000000080d00000|100%| O|  |TAMS 0x0000000080d00000, 0x0000000080c00000| Untracked 
|  13|0x0000000080d00000, 0x0000000080e00000, 0x0000000080e00000|100%| O|  |TAMS 0x0000000080e00000, 0x0000000080d00000| Untracked 
|  14|0x0000000080e00000, 0x0000000080f00000, 0x0000000080f00000|100%| O|  |TAMS 0x0000000080f00000, 0x0000000080e00000| Untracked 
|  15|0x0000000080f00000, 0x0000000081000000, 0x0000000081000000|100%| O|  |TAMS 0x0000000081000000, 0x0000000080f00000| Untracked 
|  16|0x0000000081000000, 0x0000000081100000, 0x0000000081100000|100%| O|  |TAMS 0x0000000081100000, 0x0000000081000000| Untracked 
|  17|0x0000000081100000, 0x0000000081200000, 0x0000000081200000|100%| O|  |TAMS 0x0000000081200000, 0x0000000081100000| Untracked 
|  18|0x0000000081200000, 0x0000000081300000, 0x0000000081300000|100%| O|  |TAMS 0x0000000081300000, 0x0000000081200000| Untracked 
|  19|0x0000000081300000, 0x0000000081400000, 0x0000000081400000|100%| O|  |TAMS 0x0000000081400000, 0x0000000081300000| Untracked 
|  20|0x0000000081400000, 0x0000000081500000, 0x0000000081500000|100%| O|  |TAMS 0x0000000081500000, 0x0000000081400000| Untracked 
|  21|0x0000000081500000, 0x0000000081600000, 0x0000000081600000|100%| O|  |TAMS 0x0000000081600000, 0x0000000081500000| Untracked 
|  22|0x0000000081600000, 0x0000000081700000, 0x0000000081700000|100%|HS|  |TAMS 0x0000000081700000, 0x0000000081600000| Complete 
|  23|0x0000000081700000, 0x0000000081700000, 0x0000000081800000|  0%| F|  |TAMS 0x0000000081700000, 0x0000000081700000| Untracked 
|  24|0x0000000081800000, 0x0000000081900000, 0x0000000081900000|100%| O|  |TAMS 0x0000000081900000, 0x0000000081800000| Untracked 
|  25|0x0000000081900000, 0x0000000081a00000, 0x0000000081a00000|100%| O|  |TAMS 0x0000000081a00000, 0x0000000081900000| Untracked 
|  26|0x0000000081a00000, 0x0000000081b00000, 0x0000000081b00000|100%| O|  |TAMS 0x0000000081b00000, 0x0000000081a00000| Untracked 
|  27|0x0000000081b00000, 0x0000000081c00000, 0x0000000081c00000|100%| O|  |TAMS 0x0000000081c00000, 0x0000000081b00000| Untracked 
|  28|0x0000000081c00000, 0x0000000081d00000, 0x0000000081d00000|100%| O|  |TAMS 0x0000000081d00000, 0x0000000081c00000| Untracked 
|  29|0x0000000081d00000, 0x0000000081e00000, 0x0000000081e00000|100%| O|  |TAMS 0x0000000081e00000, 0x0000000081d00000| Untracked 
|  30|0x0000000081e00000, 0x0000000081f00000, 0x0000000081f00000|100%| O|  |TAMS 0x0000000081f00000, 0x0000000081e00000| Untracked 
|  31|0x0000000081f00000, 0x0000000082000000, 0x0000000082000000|100%| O|  |TAMS 0x0000000082000000, 0x0000000081f00000| Untracked 
|  32|0x0000000082000000, 0x0000000082100000, 0x0000000082100000|100%| O|  |TAMS 0x0000000082100000, 0x0000000082000000| Untracked 
|  33|0x0000000082100000, 0x0000000082200000, 0x0000000082200000|100%| O|  |TAMS 0x0000000082200000, 0x0000000082100000| Untracked 
|  34|0x0000000082200000, 0x0000000082300000, 0x0000000082300000|100%| O|  |TAMS 0x0000000082300000, 0x0000000082200000| Untracked 
|  35|0x0000000082300000, 0x0000000082400000, 0x0000000082400000|100%| O|  |TAMS 0x0000000082400000, 0x0000000082300000| Untracked 
|  36|0x0000000082400000, 0x0000000082500000, 0x0000000082500000|100%| O|  |TAMS 0x0000000082500000, 0x0000000082400000| Untracked 
|  37|0x0000000082500000, 0x0000000082600000, 0x0000000082600000|100%| O|  |TAMS 0x0000000082600000, 0x0000000082500000| Untracked 
|  38|0x0000000082600000, 0x0000000082700000, 0x0000000082700000|100%| O|  |TAMS 0x0000000082700000, 0x0000000082600000| Untracked 
|  39|0x0000000082700000, 0x0000000082800000, 0x0000000082800000|100%|HS|  |TAMS 0x0000000082800000, 0x0000000082700000| Complete 
|  40|0x0000000082800000, 0x0000000082900000, 0x0000000082900000|100%|HS|  |TAMS 0x0000000082900000, 0x0000000082800000| Complete 
|  41|0x0000000082900000, 0x0000000082a00000, 0x0000000082a00000|100%|HS|  |TAMS 0x0000000082a00000, 0x0000000082900000| Complete 
|  42|0x0000000082a00000, 0x0000000082b00000, 0x0000000082b00000|100%|HC|  |TAMS 0x0000000082b00000, 0x0000000082a00000| Complete 
|  43|0x0000000082b00000, 0x0000000082c00000, 0x0000000082c00000|100%|HS|  |TAMS 0x0000000082c00000, 0x0000000082b00000| Complete 
|  44|0x0000000082c00000, 0x0000000082d00000, 0x0000000082d00000|100%|HC|  |TAMS 0x0000000082d00000, 0x0000000082c00000| Complete 
|  45|0x0000000082d00000, 0x0000000082e00000, 0x0000000082e00000|100%|HS|  |TAMS 0x0000000082e00000, 0x0000000082d00000| Complete 
|  46|0x0000000082e00000, 0x0000000082f00000, 0x0000000082f00000|100%|HS|  |TAMS 0x0000000082f00000, 0x0000000082e00000| Complete 
|  47|0x0000000082f00000, 0x0000000083000000, 0x0000000083000000|100%|HC|  |TAMS 0x0000000083000000, 0x0000000082f00000| Complete 
|  48|0x0000000083000000, 0x0000000083100000, 0x0000000083100000|100%|HC|  |TAMS 0x0000000083100000, 0x0000000083000000| Complete 
|  49|0x0000000083100000, 0x0000000083200000, 0x0000000083200000|100%|HC|  |TAMS 0x0000000083200000, 0x0000000083100000| Complete 
|  50|0x0000000083200000, 0x0000000083300000, 0x0000000083300000|100%| O|  |TAMS 0x0000000083300000, 0x0000000083200000| Untracked 
|  51|0x0000000083300000, 0x0000000083400000, 0x0000000083400000|100%|HS|  |TAMS 0x0000000083400000, 0x0000000083300000| Complete 
|  52|0x0000000083400000, 0x0000000083500000, 0x0000000083500000|100%| O|  |TAMS 0x0000000083500000, 0x0000000083400000| Untracked 
|  53|0x0000000083500000, 0x0000000083600000, 0x0000000083600000|100%| O|  |TAMS 0x0000000083600000, 0x0000000083500000| Untracked 
|  54|0x0000000083600000, 0x0000000083700000, 0x0000000083700000|100%| O|  |TAMS 0x0000000083700000, 0x0000000083600000| Untracked 
|  55|0x0000000083700000, 0x0000000083800000, 0x0000000083800000|100%| O|  |TAMS 0x0000000083745c00, 0x0000000083700000| Untracked 
|  56|0x0000000083800000, 0x0000000083800000, 0x0000000083900000|  0%| F|  |TAMS 0x0000000083800000, 0x0000000083800000| Untracked 
|  57|0x0000000083900000, 0x0000000083900000, 0x0000000083a00000|  0%| F|  |TAMS 0x0000000083900000, 0x0000000083900000| Untracked 
|  58|0x0000000083a00000, 0x0000000083b00000, 0x0000000083b00000|100%| O|  |TAMS 0x0000000083b00000, 0x0000000083a00000| Untracked 
|  59|0x0000000083b00000, 0x0000000083c00000, 0x0000000083c00000|100%| O|  |TAMS 0x0000000083c00000, 0x0000000083b00000| Untracked 
|  60|0x0000000083c00000, 0x0000000083d00000, 0x0000000083d00000|100%| O|  |TAMS 0x0000000083d00000, 0x0000000083c00000| Untracked 
|  61|0x0000000083d00000, 0x0000000083d00000, 0x0000000083e00000|  0%| F|  |TAMS 0x0000000083d00000, 0x0000000083d00000| Untracked 
|  62|0x0000000083e00000, 0x0000000083e00000, 0x0000000083f00000|  0%| F|  |TAMS 0x0000000083e00000, 0x0000000083e00000| Untracked 
|  63|0x0000000083f00000, 0x0000000083f00000, 0x0000000084000000|  0%| F|  |TAMS 0x0000000083f00000, 0x0000000083f00000| Untracked 
|  64|0x0000000084000000, 0x0000000084000000, 0x0000000084100000|  0%| F|  |TAMS 0x0000000084000000, 0x0000000084000000| Untracked 
|  65|0x0000000084100000, 0x0000000084100000, 0x0000000084200000|  0%| F|  |TAMS 0x0000000084100000, 0x0000000084100000| Untracked 
|  66|0x0000000084200000, 0x0000000084200000, 0x0000000084300000|  0%| F|  |TAMS 0x0000000084200000, 0x0000000084200000| Untracked 
|  67|0x0000000084300000, 0x0000000084300000, 0x0000000084400000|  0%| F|  |TAMS 0x0000000084300000, 0x0000000084300000| Untracked 
|  68|0x0000000084400000, 0x0000000084400000, 0x0000000084500000|  0%| F|  |TAMS 0x0000000084400000, 0x0000000084400000| Untracked 
|  69|0x0000000084500000, 0x0000000084500000, 0x0000000084600000|  0%| F|  |TAMS 0x0000000084500000, 0x0000000084500000| Untracked 
|  70|0x0000000084600000, 0x0000000084600000, 0x0000000084700000|  0%| F|  |TAMS 0x0000000084600000, 0x0000000084600000| Untracked 
|  71|0x0000000084700000, 0x0000000084700000, 0x0000000084800000|  0%| F|  |TAMS 0x0000000084700000, 0x0000000084700000| Untracked 
|  72|0x0000000084800000, 0x0000000084800000, 0x0000000084900000|  0%| F|  |TAMS 0x0000000084800000, 0x0000000084800000| Untracked 
|  73|0x0000000084900000, 0x0000000084900000, 0x0000000084a00000|  0%| F|  |TAMS 0x0000000084900000, 0x0000000084900000| Untracked 
|  74|0x0000000084a00000, 0x0000000084a00000, 0x0000000084b00000|  0%| F|  |TAMS 0x0000000084a00000, 0x0000000084a00000| Untracked 
|  75|0x0000000084b00000, 0x0000000084b00000, 0x0000000084c00000|  0%| F|  |TAMS 0x0000000084b00000, 0x0000000084b00000| Untracked 
|  76|0x0000000084c00000, 0x0000000084c00000, 0x0000000084d00000|  0%| F|  |TAMS 0x0000000084c00000, 0x0000000084c00000| Untracked 
|  77|0x0000000084d00000, 0x0000000084d00000, 0x0000000084e00000|  0%| F|  |TAMS 0x0000000084d00000, 0x0000000084d00000| Untracked 
|  78|0x0000000084e00000, 0x0000000084e00000, 0x0000000084f00000|  0%| F|  |TAMS 0x0000000084e00000, 0x0000000084e00000| Untracked 
|  79|0x0000000084f00000, 0x0000000084f00000, 0x0000000085000000|  0%| F|  |TAMS 0x0000000084f00000, 0x0000000084f00000| Untracked 
|  80|0x0000000085000000, 0x0000000085000000, 0x0000000085100000|  0%| F|  |TAMS 0x0000000085000000, 0x0000000085000000| Untracked 
|  81|0x0000000085100000, 0x0000000085100000, 0x0000000085200000|  0%| F|  |TAMS 0x0000000085100000, 0x0000000085100000| Untracked 
|  82|0x0000000085200000, 0x0000000085200000, 0x0000000085300000|  0%| F|  |TAMS 0x0000000085200000, 0x0000000085200000| Untracked 
|  83|0x0000000085300000, 0x0000000085300000, 0x0000000085400000|  0%| F|  |TAMS 0x0000000085300000, 0x0000000085300000| Untracked 
|  84|0x0000000085400000, 0x0000000085400000, 0x0000000085500000|  0%| F|  |TAMS 0x0000000085400000, 0x0000000085400000| Untracked 
|  85|0x0000000085500000, 0x0000000085500000, 0x0000000085600000|  0%| F|  |TAMS 0x0000000085500000, 0x0000000085500000| Untracked 
|  86|0x0000000085600000, 0x0000000085600000, 0x0000000085700000|  0%| F|  |TAMS 0x0000000085600000, 0x0000000085600000| Untracked 
|  87|0x0000000085700000, 0x0000000085700000, 0x0000000085800000|  0%| F|  |TAMS 0x0000000085700000, 0x0000000085700000| Untracked 
|  88|0x0000000085800000, 0x0000000085800000, 0x0000000085900000|  0%| F|  |TAMS 0x0000000085800000, 0x0000000085800000| Untracked 
|  89|0x0000000085900000, 0x0000000085900000, 0x0000000085a00000|  0%| F|  |TAMS 0x0000000085900000, 0x0000000085900000| Untracked 
|  90|0x0000000085a00000, 0x0000000085a00000, 0x0000000085b00000|  0%| F|  |TAMS 0x0000000085a00000, 0x0000000085a00000| Untracked 
|  91|0x0000000085b00000, 0x0000000085b00000, 0x0000000085c00000|  0%| F|  |TAMS 0x0000000085b00000, 0x0000000085b00000| Untracked 
|  92|0x0000000085c00000, 0x0000000085c00000, 0x0000000085d00000|  0%| F|  |TAMS 0x0000000085c00000, 0x0000000085c00000| Untracked 
|  93|0x0000000085d00000, 0x0000000085d00000, 0x0000000085e00000|  0%| F|  |TAMS 0x0000000085d00000, 0x0000000085d00000| Untracked 
|  94|0x0000000085e00000, 0x0000000085e00000, 0x0000000085f00000|  0%| F|  |TAMS 0x0000000085e00000, 0x0000000085e00000| Untracked 
|  95|0x0000000085f00000, 0x0000000085f00000, 0x0000000086000000|  0%| F|  |TAMS 0x0000000085f00000, 0x0000000085f00000| Untracked 
|  96|0x0000000086000000, 0x0000000086000000, 0x0000000086100000|  0%| F|  |TAMS 0x0000000086000000, 0x0000000086000000| Untracked 
|  97|0x0000000086100000, 0x0000000086100000, 0x0000000086200000|  0%| F|  |TAMS 0x0000000086100000, 0x0000000086100000| Untracked 
|  98|0x0000000086200000, 0x0000000086200000, 0x0000000086300000|  0%| F|  |TAMS 0x0000000086200000, 0x0000000086200000| Untracked 
|  99|0x0000000086300000, 0x0000000086300000, 0x0000000086400000|  0%| F|  |TAMS 0x0000000086300000, 0x0000000086300000| Untracked 
| 100|0x0000000086400000, 0x0000000086400000, 0x0000000086500000|  0%| F|  |TAMS 0x0000000086400000, 0x0000000086400000| Untracked 
| 101|0x0000000086500000, 0x0000000086500000, 0x0000000086600000|  0%| F|  |TAMS 0x0000000086500000, 0x0000000086500000| Untracked 
| 102|0x0000000086600000, 0x0000000086691000, 0x0000000086700000| 56%| S|CS|TAMS 0x0000000086600000, 0x0000000086600000| Complete 
| 103|0x0000000086700000, 0x0000000086700000, 0x0000000086800000|  0%| F|  |TAMS 0x0000000086700000, 0x0000000086700000| Untracked 
| 104|0x0000000086800000, 0x0000000086880800, 0x0000000086900000| 50%| E|  |TAMS 0x0000000086800000, 0x0000000086800000| Complete 
| 125|0x0000000087d00000, 0x0000000087e00000, 0x0000000087e00000|100%| E|CS|TAMS 0x0000000087d00000, 0x0000000087d00000| Complete 
|2047|0x00000000fff00000, 0x0000000100000000, 0x0000000100000000|100%| O|  |TAMS 0x0000000100000000, 0x00000000fff00000| Untracked 

Card table byte_map: [0x0000017221170000,0x0000017221570000] _byte_map_base: 0x0000017220d70000

Marking Bits (Prev, Next): (CMBitMap*) 0x000001720e8f5d60, (CMBitMap*) 0x000001720e8f5d20
 Prev Bits: [0x0000017223970000, 0x0000017225970000)
 Next Bits: [0x0000017221970000, 0x0000017223970000)

Polling page: 0x000001720ca20000

Metaspace:

Usage:
  Non-class:     53.26 MB used.
      Class:      8.35 MB used.
       Both:     61.61 MB used.

Virtual space:
  Non-class space:       64.00 MB reserved,      53.56 MB ( 84%) committed,  1 nodes.
      Class space:        1.00 GB reserved,       8.62 MB ( <1%) committed,  1 nodes.
             Both:        1.06 GB reserved,      62.19 MB (  6%) committed. 

Chunk freelists:
   Non-Class:  10.00 MB
       Class:  7.39 MB
        Both:  17.39 MB

MaxMetaspaceSize: unlimited
CompressedClassSpaceSize: 1.00 GB
Initial GC threshold: 21.00 MB
Current GC threshold: 99.38 MB
CDS: off
MetaspaceReclaimPolicy: balanced
 - commit_granule_bytes: 65536.
 - commit_granule_words: 8192.
 - virtual_space_node_default_size: 8388608.
 - enlarge_chunks_in_place: 1.
 - new_chunks_are_fully_committed: 0.
 - uncommit_free_chunks: 1.
 - use_allocation_guard: 0.
 - handle_deallocations: 1.


Internal statistics:

num_allocs_failed_limit: 6.
num_arena_births: 726.
num_arena_deaths: 0.
num_vsnodes_births: 2.
num_vsnodes_deaths: 0.
num_space_committed: 995.
num_space_uncommitted: 0.
num_chunks_returned_to_freelist: 6.
num_chunks_taken_from_freelist: 2876.
num_chunk_merges: 6.
num_chunk_splits: 1903.
num_chunks_enlarged: 1303.
num_inconsistent_stats: 0.

CodeHeap 'non-profiled nmethods': size=120000Kb used=2759Kb max_used=3257Kb free=117240Kb
 bounds [0x0000017219840000, 0x0000017219b70000, 0x0000017220d70000]
CodeHeap 'profiled nmethods': size=120000Kb used=10917Kb max_used=12276Kb free=109082Kb
 bounds [0x0000017211d70000, 0x0000017212970000, 0x00000172192a0000]
CodeHeap 'non-nmethods': size=5760Kb used=1641Kb max_used=1690Kb free=4119Kb
 bounds [0x00000172192a0000, 0x0000017219510000, 0x0000017219840000]
 total_blobs=6605 nmethods=5887 adapters=630
 compilation: enabled
              stopped_count=0, restarted_count=0
 full_count=0

Compilation events (20 events):
Event: 21.785 Thread 0x000001722c052950 nmethod 6666 0x0000017211e25c90 code [0x0000017211e25ec0, 0x0000017211e26838]
Event: 21.785 Thread 0x000001722c052950 6667       3       org.gradle.internal.instantiation.generator.Jsr330ConstructorSelector$$Lambda$120/0x0000000100293a58::<init> (15 bytes)
Event: 21.785 Thread 0x000001722c052950 nmethod 6667 0x0000017211f9da10 code [0x0000017211f9dbc0, 0x0000017211f9ddd8]
Event: 21.785 Thread 0x000001722c052950 6668       3       org.gradle.api.internal.provider.AbstractProperty::getValidationDisplayName (16 bytes)
Event: 21.785 Thread 0x000001722c052950 nmethod 6668 0x0000017212244210 code [0x00000172122443a0, 0x0000017212244518]
Event: 21.785 Thread 0x000001722c052950 6669       3       org.gradle.internal.Try::successful (9 bytes)
Event: 21.785 Thread 0x000001722c052950 nmethod 6669 0x00000172126eb790 code [0x00000172126eb940, 0x00000172126ebc58]
Event: 21.785 Thread 0x000001722c052950 6670       3       org.gradle.internal.Try$Success::<init> (11 bytes)
Event: 21.785 Thread 0x000001722c052950 nmethod 6670 0x0000017212071410 code [0x00000172120715c0, 0x0000017212071838]
Event: 21.785 Thread 0x000001722c052950 6671       3       org.gradle.api.internal.provider.ValueSupplier$Present::<init> (6 bytes)
Event: 21.785 Thread 0x000001722c052950 nmethod 6671 0x0000017212070e90 code [0x0000017212071040, 0x0000017212071298]
Event: 21.785 Thread 0x000001722c052950 6672       3       org.gradle.api.internal.provider.ValueSupplier$Present::<init> (15 bytes)
Event: 21.786 Thread 0x000001722c052950 nmethod 6672 0x00000172121c9e90 code [0x00000172121ca020, 0x00000172121ca218]
Event: 21.786 Thread 0x000001722c052950 6673       3       org.gradle.internal.service.DefaultServiceRegistry::add (23 bytes)
Event: 21.787 Thread 0x000001722c052950 nmethod 6673 0x0000017211df5f90 code [0x0000017211df6200, 0x0000017211df6d78]
Event: 21.787 Thread 0x000001722c052950 6674       3       org.gradle.internal.service.DefaultServiceRegistry$FixedInstanceService::<init> (12 bytes)
Event: 21.788 Thread 0x000001722c052950 nmethod 6674 0x000001721206c490 code [0x000001721206c6c0, 0x000001721206d0b8]
Event: 21.788 Thread 0x000001722c052950 6675       1       org.gradle.api.internal.provider.AbstractMinimalProvider::getDeclaredDisplayName (2 bytes)
Event: 21.788 Thread 0x000001722c052950 nmethod 6675 0x00000172198bdf10 code [0x00000172198be0a0, 0x00000172198be178]
Event: 21.788 Thread 0x000001722c052950 6676       3       org.gradle.internal.service.DefaultServiceRegistry::findProviderMethods (203 bytes)

GC Heap History (20 events):
Event: 19.151 GC heap before
{Heap before GC invocations=18 (full 0):
 garbage-first heap   total 68608K, used 55405K [0x0000000080000000, 0x0000000100000000)
  region size 1024K, 21 young (21504K), 3 survivors (3072K)
 Metaspace       used 55915K, committed 56512K, reserved 1114112K
  class space    used 7660K, committed 7936K, reserved 1048576K
}
Event: 19.158 GC heap after
{Heap after GC invocations=19 (full 0):
 garbage-first heap   total 68608K, used 39421K [0x0000000080000000, 0x0000000100000000)
  region size 1024K, 3 young (3072K), 3 survivors (3072K)
 Metaspace       used 55915K, committed 56512K, reserved 1114112K
  class space    used 7660K, committed 7936K, reserved 1048576K
}
Event: 19.300 GC heap before
{Heap before GC invocations=20 (full 0):
 garbage-first heap   total 73728K, used 43517K [0x0000000080000000, 0x0000000100000000)
  region size 1024K, 8 young (8192K), 3 survivors (3072K)
 Metaspace       used 56101K, committed 56704K, reserved 1114112K
  class space    used 7676K, committed 8000K, reserved 1048576K
}
Event: 19.304 GC heap after
{Heap after GC invocations=21 (full 0):
 garbage-first heap   total 73728K, used 40011K [0x0000000080000000, 0x0000000100000000)
  region size 1024K, 1 young (1024K), 1 survivors (1024K)
 Metaspace       used 56101K, committed 56704K, reserved 1114112K
  class space    used 7676K, committed 8000K, reserved 1048576K
}
Event: 19.895 GC heap before
{Heap before GC invocations=22 (full 0):
 garbage-first heap   total 78848K, used 70731K [0x0000000080000000, 0x0000000100000000)
  region size 1024K, 19 young (19456K), 1 survivors (1024K)
 Metaspace       used 56824K, committed 57408K, reserved 1114112K
  class space    used 7792K, committed 8064K, reserved 1048576K
}
Event: 19.899 GC heap after
{Heap after GC invocations=23 (full 0):
 garbage-first heap   total 79872K, used 58820K [0x0000000080000000, 0x0000000100000000)
  region size 1024K, 3 young (3072K), 3 survivors (3072K)
 Metaspace       used 56824K, committed 57408K, reserved 1114112K
  class space    used 7792K, committed 8064K, reserved 1048576K
}
Event: 19.919 GC heap before
{Heap before GC invocations=23 (full 0):
 garbage-first heap   total 79872K, used 59844K [0x0000000080000000, 0x0000000100000000)
  region size 1024K, 4 young (4096K), 3 survivors (3072K)
 Metaspace       used 56912K, committed 57536K, reserved 1114112K
  class space    used 7800K, committed 8128K, reserved 1048576K
}
Event: 19.922 GC heap after
{Heap after GC invocations=24 (full 0):
 garbage-first heap   total 79872K, used 58355K [0x0000000080000000, 0x0000000100000000)
  region size 1024K, 1 young (1024K), 1 survivors (1024K)
 Metaspace       used 56912K, committed 57536K, reserved 1114112K
  class space    used 7800K, committed 8128K, reserved 1048576K
}
Event: 20.048 GC heap before
{Heap before GC invocations=24 (full 0):
 garbage-first heap   total 79872K, used 63475K [0x0000000080000000, 0x0000000100000000)
  region size 1024K, 8 young (8192K), 1 survivors (1024K)
 Metaspace       used 57364K, committed 57920K, reserved 1114112K
  class space    used 7844K, committed 8128K, reserved 1048576K
}
Event: 20.049 GC heap after
{Heap after GC invocations=25 (full 0):
 garbage-first heap   total 79872K, used 58828K [0x0000000080000000, 0x0000000100000000)
  region size 1024K, 1 young (1024K), 1 survivors (1024K)
 Metaspace       used 57364K, committed 57920K, reserved 1114112K
  class space    used 7844K, committed 8128K, reserved 1048576K
}
Event: 20.275 GC heap before
{Heap before GC invocations=26 (full 0):
 garbage-first heap   total 107520K, used 67020K [0x0000000080000000, 0x0000000100000000)
  region size 1024K, 9 young (9216K), 1 survivors (1024K)
 Metaspace       used 58013K, committed 58624K, reserved 1114112K
  class space    used 7932K, committed 8256K, reserved 1048576K
}
Event: 20.277 GC heap after
{Heap after GC invocations=27 (full 0):
 garbage-first heap   total 107520K, used 60099K [0x0000000080000000, 0x0000000100000000)
  region size 1024K, 1 young (1024K), 1 survivors (1024K)
 Metaspace       used 58013K, committed 58624K, reserved 1114112K
  class space    used 7932K, committed 8256K, reserved 1048576K
}
Event: 20.495 GC heap before
{Heap before GC invocations=27 (full 0):
 garbage-first heap   total 107520K, used 64195K [0x0000000080000000, 0x0000000100000000)
  region size 1024K, 5 young (5120K), 1 survivors (1024K)
 Metaspace       used 58300K, committed 58880K, reserved 1114112K
  class space    used 7967K, committed 8256K, reserved 1048576K
}
Event: 20.499 GC heap after
{Heap after GC invocations=28 (full 0):
 garbage-first heap   total 107520K, used 60149K [0x0000000080000000, 0x0000000100000000)
  region size 1024K, 1 young (1024K), 1 survivors (1024K)
 Metaspace       used 58300K, committed 58880K, reserved 1114112K
  class space    used 7967K, committed 8256K, reserved 1048576K
}
Event: 21.089 GC heap before
{Heap before GC invocations=28 (full 0):
 garbage-first heap   total 107520K, used 82677K [0x0000000080000000, 0x0000000100000000)
  region size 1024K, 23 young (23552K), 1 survivors (1024K)
 Metaspace       used 60229K, committed 60864K, reserved 1114112K
  class space    used 8240K, committed 8576K, reserved 1048576K
}
Event: 21.092 GC heap after
{Heap after GC invocations=29 (full 0):
 garbage-first heap   total 107520K, used 60844K [0x0000000080000000, 0x0000000100000000)
  region size 1024K, 2 young (2048K), 2 survivors (2048K)
 Metaspace       used 60229K, committed 60864K, reserved 1114112K
  class space    used 8240K, committed 8576K, reserved 1048576K
}
Event: 21.690 GC heap before
{Heap before GC invocations=30 (full 0):
 garbage-first heap   total 109568K, used 83372K [0x0000000080000000, 0x0000000100000000)
  region size 1024K, 25 young (25600K), 2 survivors (2048K)
 Metaspace       used 62844K, committed 63424K, reserved 1114112K
  class space    used 8521K, committed 8768K, reserved 1048576K
}
Event: 21.693 GC heap after
{Heap after GC invocations=31 (full 0):
 garbage-first heap   total 109568K, used 61236K [0x0000000080000000, 0x0000000100000000)
  region size 1024K, 2 young (2048K), 2 survivors (2048K)
 Metaspace       used 62844K, committed 63424K, reserved 1114112K
  class space    used 8521K, committed 8768K, reserved 1048576K
}
Event: 21.775 GC heap before
{Heap before GC invocations=31 (full 0):
 garbage-first heap   total 109568K, used 64308K [0x0000000080000000, 0x0000000100000000)
  region size 1024K, 5 young (5120K), 2 survivors (2048K)
 Metaspace       used 63044K, committed 63680K, reserved 1114112K
  class space    used 8548K, committed 8832K, reserved 1048576K
}
Event: 21.781 GC heap after
{Heap after GC invocations=32 (full 0):
 garbage-first heap   total 109568K, used 60843K [0x0000000080000000, 0x0000000100000000)
  region size 1024K, 1 young (1024K), 1 survivors (1024K)
 Metaspace       used 63044K, committed 63680K, reserved 1114112K
  class space    used 8548K, committed 8832K, reserved 1048576K
}

Dll operation events (3 events):
Event: 0.045 Loaded shared library C:\Program Files\Android\Android Studio\jbr\bin\java.dll
Event: 0.605 Loaded shared library C:\Program Files\Android\Android Studio\jbr\bin\zip.dll
Event: 1.310 Loaded shared library C:\Program Files\Android\Android Studio\jbr\bin\verify.dll

Deoptimization events (20 events):
Event: 21.056 Thread 0x000001722d54b1c0 Uncommon trap: trap_request=0xffffffde fr.pc=0x00000172198783a0 relative=0x00000000000003c0
Event: 21.056 Thread 0x000001722d54b1c0 Uncommon trap: reason=class_check action=maybe_recompile pc=0x00000172198783a0 method=java.util.stream.AbstractPipeline.copyIntoWithCancel(Ljava/util/stream/Sink;Ljava/util/Spliterator;)Z @ 32 c2
Event: 21.056 Thread 0x000001722d54b1c0 DEOPT PACKING pc=0x00000172198783a0 sp=0x0000003782cf6250
Event: 21.056 Thread 0x000001722d54b1c0 DEOPT UNPACKING pc=0x00000172192f69a3 sp=0x0000003782cf6110 mode 2
Event: 21.056 Thread 0x000001722d54b1c0 Uncommon trap: trap_request=0xffffffde fr.pc=0x00000172198783a0 relative=0x00000000000003c0
Event: 21.056 Thread 0x000001722d54b1c0 Uncommon trap: reason=class_check action=maybe_recompile pc=0x00000172198783a0 method=java.util.stream.AbstractPipeline.copyIntoWithCancel(Ljava/util/stream/Sink;Ljava/util/Spliterator;)Z @ 32 c2
Event: 21.056 Thread 0x000001722d54b1c0 DEOPT PACKING pc=0x00000172198783a0 sp=0x0000003782cf6250
Event: 21.056 Thread 0x000001722d54b1c0 DEOPT UNPACKING pc=0x00000172192f69a3 sp=0x0000003782cf6110 mode 2
Event: 21.093 Thread 0x000001722c1c3020 Uncommon trap: trap_request=0xffffffde fr.pc=0x000001721999a7d4 relative=0x00000000000004b4
Event: 21.093 Thread 0x000001722c1c3020 Uncommon trap: reason=class_check action=maybe_recompile pc=0x000001721999a7d4 method=jdk.internal.ref.PhantomCleanable.clean()V @ 12 c2
Event: 21.093 Thread 0x000001722c1c3020 DEOPT PACKING pc=0x000001721999a7d4 sp=0x00000037820ff210
Event: 21.093 Thread 0x000001722c1c3020 DEOPT UNPACKING pc=0x00000172192f69a3 sp=0x00000037820ff1f0 mode 2
Event: 21.104 Thread 0x000001722d54b1c0 Uncommon trap: trap_request=0xffffff45 fr.pc=0x0000017219b59a00 relative=0x0000000000000480
Event: 21.104 Thread 0x000001722d54b1c0 Uncommon trap: reason=unstable_if action=reinterpret pc=0x0000017219b59a00 method=org.gradle.internal.service.DefaultServiceRegistry$OwnServices.getService(Ljava/lang/reflect/Type;)Lorg/gradle/internal/service/Service; @ 27 c2
Event: 21.104 Thread 0x000001722d54b1c0 DEOPT PACKING pc=0x0000017219b59a00 sp=0x0000003782cf73e0
Event: 21.104 Thread 0x000001722d54b1c0 DEOPT UNPACKING pc=0x00000172192f69a3 sp=0x0000003782cf7358 mode 2
Event: 21.208 Thread 0x000001722d54b1c0 Uncommon trap: trap_request=0xffffffbe fr.pc=0x00000172198583ac relative=0x000000000000036c
Event: 21.208 Thread 0x000001722d54b1c0 Uncommon trap: reason=profile_predicate action=maybe_recompile pc=0x00000172198583ac method=sun.instrument.TransformerManager.transform(Ljava/lang/Module;Ljava/lang/ClassLoader;Ljava/lang/String;Ljava/lang/Class;Ljava/security/ProtectionDomain;[B)[B @ 21 
Event: 21.208 Thread 0x000001722d54b1c0 DEOPT PACKING pc=0x00000172198583ac sp=0x0000003782cf5680
Event: 21.208 Thread 0x000001722d54b1c0 DEOPT UNPACKING pc=0x00000172192f69a3 sp=0x0000003782cf5600 mode 2

Classes unloaded (0 events):
No events

Classes redefined (0 events):
No events

Internal exceptions (20 events):
Event: 16.126 Thread 0x000001722d54b1c0 Exception <a 'java/lang/NoSuchMethodError'{0x0000000084e18fc8}: 'void java.lang.invoke.DirectMethodHandle$Holder.invokeSpecial(java.lang.Object, java.lang.Object, java.lang.Object, int)'> (0x0000000084e18fc8) 
thrown [s\src\hotspot\share\interpreter\linkResolver.cpp, line 771]
Event: 16.480 Thread 0x000001722d54b1c0 Exception <a 'java/lang/NoSuchMethodError'{0x0000000084a360c0}: 'int java.lang.invoke.DirectMethodHandle$Holder.invokeSpecialIFC(java.lang.Object, java.lang.Object, java.lang.Object)'> (0x0000000084a360c0) 
thrown [s\src\hotspot\share\interpreter\linkResolver.cpp, line 771]
Event: 16.639 Thread 0x000001722d54b1c0 Exception <a 'java/lang/NoSuchMethodError'{0x00000000839e5340}: 'java.lang.Object java.lang.invoke.DirectMethodHandle$Holder.newInvokeSpecial(java.lang.Object, java.lang.Object, java.lang.Object, java.lang.Object, java.lang.Object, int)'> (0x00000000839e5340) 
thrown [s\src\hotspot\share\interpreter\linkResolver.cpp, line 771]
Event: 16.640 Thread 0x000001722d54b1c0 Exception <a 'java/lang/NoSuchMethodError'{0x00000000839ea798}: 'java.lang.Object java.lang.invoke.DirectMethodHandle$Holder.invokeSpecial(java.lang.Object, java.lang.Object, java.lang.Object, java.lang.Object, java.lang.Object, java.lang.Object, int)'> (0x00000000839ea798) 
thrown [s\src\hotspot\share\interpreter\linkResolver.cpp, line 771]
Event: 16.648 Thread 0x000001722d54b1c0 Exception <a 'java/lang/NoSuchMethodError'{0x0000000083821358}: 'java.lang.Object java.lang.invoke.DirectMethodHandle$Holder.invokeSpecial(java.lang.Object, java.lang.Object, java.lang.Object, java.lang.Object, java.lang.Object, long)'> (0x0000000083821358) 
thrown [s\src\hotspot\share\interpreter\linkResolver.cpp, line 771]
Event: 16.658 Thread 0x000001722d54b1c0 Exception <a 'java/lang/NoSuchMethodError'{0x00000000838436b0}: 'void java.lang.invoke.DirectMethodHandle$Holder.invokeStatic(java.lang.Object, java.lang.Object, java.lang.Object, int, java.lang.Object)'> (0x00000000838436b0) 
thrown [s\src\hotspot\share\interpreter\linkResolver.cpp, line 771]
Event: 19.149 Thread 0x000001722d54b1c0 Exception <a 'java/lang/NoSuchMethodError'{0x00000000831eea90}: 'long java.lang.invoke.DirectMethodHandle$Holder.invokeVirtual(java.lang.Object, java.lang.Object)'> (0x00000000831eea90) 
thrown [s\src\hotspot\share\interpreter\linkResolver.cpp, line 771]
Event: 19.172 Thread 0x000001722d55e530 Exception <a 'java/lang/NoSuchMethodError'{0x0000000087d45810}: static Lorg/gradle/internal/build/event/types/DefaultOperationFinishedProgressEvent;.<clinit>()V> (0x0000000087d45810) 
thrown [s\src\hotspot\share\prims\jni.cpp, line 1108]
Event: 19.214 Thread 0x000001722d55e530 Exception <a 'java/lang/NoSuchMethodError'{0x0000000084e2ca10}: static Lorg/gradle/internal/build/event/types/DefaultProjectConfigurationSuccessResult;.<clinit>()V> (0x0000000084e2ca10) 
thrown [s\src\hotspot\share\prims\jni.cpp, line 1108]
Event: 19.217 Thread 0x000001722d55e530 Exception <a 'java/lang/NoSuchMethodError'{0x0000000084e51ff0}: static Lorg/gradle/internal/build/event/types/AbstractProjectConfigurationResult;.<clinit>()V> (0x0000000084e51ff0) 
thrown [s\src\hotspot\share\prims\jni.cpp, line 1108]
Event: 19.219 Thread 0x000001722d55e530 Exception <a 'java/lang/NoSuchMethodError'{0x0000000084e8dbf0}: static Lorg/gradle/internal/build/event/types/AbstractOperationResult;.<clinit>()V> (0x0000000084e8dbf0) 
thrown [s\src\hotspot\share\prims\jni.cpp, line 1108]
Event: 19.220 Thread 0x000001722d55e530 Exception <a 'java/lang/NoSuchMethodError'{0x0000000084e9f640}: static Lorg/gradle/internal/build/event/types/AbstractResult;.<clinit>()V> (0x0000000084e9f640) 
thrown [s\src\hotspot\share\prims\jni.cpp, line 1108]
Event: 19.226 Thread 0x000001722d55e530 Exception <a 'java/lang/NoSuchMethodError'{0x0000000084eb8568}: static Lorg/gradle/internal/build/event/types/DefaultPluginApplicationResult;.<clinit>()V> (0x0000000084eb8568) 
thrown [s\src\hotspot\share\prims\jni.cpp, line 1108]
Event: 19.227 Thread 0x000001722d55e530 Exception <a 'java/lang/NoSuchMethodError'{0x0000000084ec4f58}: static Lorg/gradle/internal/build/event/types/DefaultBinaryPluginIdentifier;.<clinit>()V> (0x0000000084ec4f58) 
thrown [s\src\hotspot\share\prims\jni.cpp, line 1108]
Event: 19.229 Thread 0x000001722d55e530 Exception <a 'java/lang/NoSuchMethodError'{0x0000000084edf040}: static Lorg/gradle/internal/build/event/types/DefaultScriptPluginIdentifier;.<clinit>()V> (0x0000000084edf040) 
thrown [s\src\hotspot\share\prims\jni.cpp, line 1108]
Event: 19.417 Thread 0x000001722d54b1c0 Exception <a 'java/lang/NoSuchMethodError'{0x0000000084e7fe28}: 'void java.lang.invoke.Invokers$Holder.invoke_MT(java.lang.Object, java.lang.Object, java.lang.Object, java.lang.Object)'> (0x0000000084e7fe28) 
thrown [s\src\hotspot\share\interpreter\linkResolver.cpp, line 771]
Event: 19.647 Thread 0x000001722d54b1c0 Exception <a 'java/lang/ClassNotFoundException'{0x0000000084271da0}: sun/misc/SharedSecrets> (0x0000000084271da0) 
thrown [s\src\hotspot\share\classfile\systemDictionary.cpp, line 256]
Event: 19.647 Thread 0x000001722d54b1c0 Exception <a 'java/lang/ClassNotFoundException'{0x0000000084273378}: org/gradle/api/internal/plugins/DefaultObjectConfigurationActionBeanInfo> (0x0000000084273378) 
thrown [s\src\hotspot\share\classfile\systemDictionary.cpp, line 256]
Event: 19.649 Thread 0x000001722d54b1c0 Exception <a 'java/lang/ClassNotFoundException'{0x0000000084289c40}: org/gradle/api/internal/plugins/DefaultObjectConfigurationActionCustomizer> (0x0000000084289c40) 
thrown [s\src\hotspot\share\classfile\systemDictionary.cpp, line 256]
Event: 20.925 Thread 0x000001722d54b1c0 Exception <a 'java/lang/NoSuchMethodError'{0x00000000857d70d0}: 'int java.lang.invoke.DirectMethodHandle$Holder.invokeInterface(java.lang.Object, java.lang.Object, java.lang.Object, java.lang.Object)'> (0x00000000857d70d0) 
thrown [s\src\hotspot\share\interpreter\linkResolver.cpp, line 771]

VM Operations (20 events):
Event: 20.124 Executing VM operation: G1PauseRemark
Event: 20.128 Executing VM operation: G1PauseRemark done
Event: 20.166 Executing VM operation: G1PauseCleanup
Event: 20.166 Executing VM operation: G1PauseCleanup done
Event: 20.275 Executing VM operation: G1CollectForAllocation
Event: 20.277 Executing VM operation: G1CollectForAllocation done
Event: 20.495 Executing VM operation: G1CollectForAllocation
Event: 20.499 Executing VM operation: G1CollectForAllocation done
Event: 20.923 Executing VM operation: HandshakeAllThreads
Event: 20.923 Executing VM operation: HandshakeAllThreads done
Event: 21.089 Executing VM operation: G1CollectForAllocation
Event: 21.093 Executing VM operation: G1CollectForAllocation done
Event: 21.174 Executing VM operation: G1PauseRemark
Event: 21.179 Executing VM operation: G1PauseRemark done
Event: 21.217 Executing VM operation: G1PauseCleanup
Event: 21.219 Executing VM operation: G1PauseCleanup done
Event: 21.690 Executing VM operation: G1CollectForAllocation
Event: 21.693 Executing VM operation: G1CollectForAllocation done
Event: 21.775 Executing VM operation: G1CollectForAllocation
Event: 21.781 Executing VM operation: G1CollectForAllocation done

Events (20 events):
Event: 21.509 loading class java/time/format/DateTimeFormatterBuilder$FractionPrinterParser
Event: 21.509 loading class java/time/format/DateTimeFormatterBuilder$FractionPrinterParser done
Event: 21.509 loading class java/time/format/DateTimeFormatterBuilder$ZoneIdPrinterParser
Event: 21.510 loading class java/time/format/DateTimeFormatterBuilder$ZoneIdPrinterParser done
Event: 21.510 loading class java/time/format/DateTimeFormatterBuilder$StringLiteralPrinterParser
Event: 21.510 loading class java/time/format/DateTimeFormatterBuilder$StringLiteralPrinterParser done
Event: 21.510 loading class java/time/format/DateTimeFormatterBuilder$InstantPrinterParser
Event: 21.510 loading class java/time/format/DateTimeFormatterBuilder$InstantPrinterParser done
Event: 21.511 loading class java/time/format/DateTimeTextProvider$LocaleStore
Event: 21.511 loading class java/time/format/DateTimeTextProvider$LocaleStore done
Event: 21.511 loading class java/time/format/DateTimeTextProvider
Event: 21.511 loading class java/time/format/DateTimeTextProvider done
Event: 21.511 loading class java/time/format/DateTimeTextProvider$1
Event: 21.511 loading class java/time/format/DateTimeTextProvider$1 done
Event: 21.512 loading class java/time/format/DateTimeFormatterBuilder$1
Event: 21.512 loading class java/time/format/DateTimeFormatterBuilder$1 done
Event: 21.512 loading class java/time/format/DateTimeFormatterBuilder$TextPrinterParser
Event: 21.512 loading class java/time/format/DateTimeFormatterBuilder$TextPrinterParser done
Event: 21.513 loading class java/util/concurrent/Executors$DefaultThreadFactory
Event: 21.513 loading class java/util/concurrent/Executors$DefaultThreadFactory done


Dynamic libraries:
0x00007ff70fb50000 - 0x00007ff70fb5a000 	C:\Program Files\Android\Android Studio\jbr\bin\java.exe
0x00007fff9f1b0000 - 0x00007fff9f3c7000 	C:\WINDOWS\SYSTEM32\ntdll.dll
0x00007fff9cf90000 - 0x00007fff9d054000 	C:\WINDOWS\System32\KERNEL32.DLL
0x00007fff9c4d0000 - 0x00007fff9c87b000 	C:\WINDOWS\System32\KERNELBASE.dll
0x00007fff9c880000 - 0x00007fff9c991000 	C:\WINDOWS\System32\ucrtbase.dll
0x00007fff76670000 - 0x00007fff76687000 	C:\Program Files\Android\Android Studio\jbr\bin\jli.dll
0x00007fff81c90000 - 0x00007fff81cab000 	C:\Program Files\Android\Android Studio\jbr\bin\VCRUNTIME140.dll
0x00007fff9e5a0000 - 0x00007fff9e74e000 	C:\WINDOWS\System32\USER32.dll
0x00007fff9cb10000 - 0x00007fff9cb36000 	C:\WINDOWS\System32\win32u.dll
0x00007fff9e890000 - 0x00007fff9e8b9000 	C:\WINDOWS\System32\GDI32.dll
0x00007fff9cc90000 - 0x00007fff9cda9000 	C:\WINDOWS\System32\gdi32full.dll
0x00007fff9cbf0000 - 0x00007fff9cc8a000 	C:\WINDOWS\System32\msvcp_win.dll
0x00007fff84250000 - 0x00007fff844e3000 	C:\WINDOWS\WinSxS\amd64_microsoft.windows.common-controls_6595b64144ccf1df_6.0.22621.3430_none_270fe68173859015\COMCTL32.dll
0x00007fff9ea80000 - 0x00007fff9eb27000 	C:\WINDOWS\System32\msvcrt.dll
0x00007fff9e750000 - 0x00007fff9e781000 	C:\WINDOWS\System32\IMM32.DLL
0x00007fff8bc00000 - 0x00007fff8bc0c000 	C:\Program Files\Android\Android Studio\jbr\bin\vcruntime140_1.dll
0x00007fff214e0000 - 0x00007fff2156d000 	C:\Program Files\Android\Android Studio\jbr\bin\msvcp140.dll
0x00007fff043c0000 - 0x00007fff05043000 	C:\Program Files\Android\Android Studio\jbr\bin\server\jvm.dll
0x00007fff9eb30000 - 0x00007fff9ebe2000 	C:\WINDOWS\System32\ADVAPI32.dll
0x00007fff9d230000 - 0x00007fff9d2d8000 	C:\WINDOWS\System32\sechost.dll
0x00007fff9cbc0000 - 0x00007fff9cbe8000 	C:\WINDOWS\System32\bcrypt.dll
0x00007fff9d3d0000 - 0x00007fff9d4e5000 	C:\WINDOWS\System32\RPCRT4.dll
0x00007fff9b330000 - 0x00007fff9b37d000 	C:\WINDOWS\SYSTEM32\POWRPROF.dll
0x00007fff852f0000 - 0x00007fff852f9000 	C:\WINDOWS\SYSTEM32\WSOCK32.dll
0x00007fff99fe0000 - 0x00007fff9a014000 	C:\WINDOWS\SYSTEM32\WINMM.dll
0x00007fff9e000000 - 0x00007fff9e071000 	C:\WINDOWS\System32\WS2_32.dll
0x00007fff8c3c0000 - 0x00007fff8c3ca000 	C:\WINDOWS\SYSTEM32\VERSION.dll
0x00007fff9b310000 - 0x00007fff9b323000 	C:\WINDOWS\SYSTEM32\UMPDC.dll
0x00007fff9b530000 - 0x00007fff9b548000 	C:\WINDOWS\SYSTEM32\kernel.appcore.dll
0x00007fff91dc0000 - 0x00007fff91dca000 	C:\Program Files\Android\Android Studio\jbr\bin\jimage.dll
0x00007fff99c90000 - 0x00007fff99ec3000 	C:\WINDOWS\SYSTEM32\DBGHELP.DLL
0x00007fff9e110000 - 0x00007fff9e498000 	C:\WINDOWS\System32\combase.dll
0x00007fff9e4a0000 - 0x00007fff9e577000 	C:\WINDOWS\System32\OLEAUT32.dll
0x00007fff76110000 - 0x00007fff76142000 	C:\WINDOWS\SYSTEM32\dbgcore.DLL
0x00007fff9cb40000 - 0x00007fff9cbb9000 	C:\WINDOWS\System32\bcryptPrimitives.dll
0x00007fff87320000 - 0x00007fff8732e000 	C:\Program Files\Android\Android Studio\jbr\bin\instrument.dll
0x00007fff88610000 - 0x00007fff88635000 	C:\Program Files\Android\Android Studio\jbr\bin\java.dll
0x00007fff874d0000 - 0x00007fff874e8000 	C:\Program Files\Android\Android Studio\jbr\bin\zip.dll
0x00007fff9d580000 - 0x00007fff9dddb000 	C:\WINDOWS\System32\SHELL32.dll
0x00007fff9a3f0000 - 0x00007fff9ace4000 	C:\WINDOWS\SYSTEM32\windows.storage.dll
0x00007fff9a2b0000 - 0x00007fff9a3ee000 	C:\WINDOWS\SYSTEM32\wintypes.dll
0x00007fff9e790000 - 0x00007fff9e884000 	C:\WINDOWS\System32\SHCORE.dll
0x00007fff9d1d0000 - 0x00007fff9d22e000 	C:\WINDOWS\System32\shlwapi.dll
0x00007fff9c400000 - 0x00007fff9c421000 	C:\WINDOWS\SYSTEM32\profapi.dll
0x00007fff87230000 - 0x00007fff87249000 	C:\Program Files\Android\Android Studio\jbr\bin\net.dll
0x00007fff97f90000 - 0x00007fff980c6000 	C:\WINDOWS\SYSTEM32\WINHTTP.dll
0x00007fff9ba30000 - 0x00007fff9ba99000 	C:\WINDOWS\system32\mswsock.dll
0x00007fff87210000 - 0x00007fff87226000 	C:\Program Files\Android\Android Studio\jbr\bin\nio.dll
0x00007fff87410000 - 0x00007fff87420000 	C:\Program Files\Android\Android Studio\jbr\bin\verify.dll
0x00007fff80d60000 - 0x00007fff80d87000 	C:\Users\johna\.gradle\native\c067742578af261105cb4f569cf0c3c89f3d7b1fecec35dd04571415982c5e48\windows-amd64\native-platform.dll
0x00007fff17140000 - 0x00007fff17284000 	C:\Users\johna\.gradle\native\38dada09dfb8b06ba9b0570ebf7e218e3eb74d4ef43ca46872605cf95ebc2f47\windows-amd64\native-platform-file-events.dll
0x00007fff88650000 - 0x00007fff88659000 	C:\Program Files\Android\Android Studio\jbr\bin\management.dll
0x00007fff874c0000 - 0x00007fff874cb000 	C:\Program Files\Android\Android Studio\jbr\bin\management_ext.dll
0x00007fff9ea70000 - 0x00007fff9ea78000 	C:\WINDOWS\System32\PSAPI.DLL
0x00007fff9bcb0000 - 0x00007fff9bccb000 	C:\WINDOWS\SYSTEM32\CRYPTSP.dll
0x00007fff9b550000 - 0x00007fff9b585000 	C:\WINDOWS\system32\rsaenh.dll
0x00007fff9bb10000 - 0x00007fff9bb38000 	C:\WINDOWS\SYSTEM32\USERENV.dll
0x00007fff9bcd0000 - 0x00007fff9bcdc000 	C:\WINDOWS\SYSTEM32\CRYPTBASE.dll
0x00007fff9b050000 - 0x00007fff9b07d000 	C:\WINDOWS\SYSTEM32\IPHLPAPI.DLL
0x00007fff9dff0000 - 0x00007fff9dff9000 	C:\WINDOWS\System32\NSI.dll
0x00007fff924c0000 - 0x00007fff924d9000 	C:\WINDOWS\SYSTEM32\dhcpcsvc6.DLL
0x00007fff92270000 - 0x00007fff9228f000 	C:\WINDOWS\SYSTEM32\dhcpcsvc.DLL
0x00007fff9b080000 - 0x00007fff9b179000 	C:\WINDOWS\SYSTEM32\DNSAPI.dll
0x00007fff88710000 - 0x00007fff88718000 	C:\WINDOWS\system32\wshunix.dll

dbghelp: loaded successfully - version: 4.0.5 - missing functions: none
symbol engine: initialized successfully - sym options: 0x614 - pdb path: .;C:\Program Files\Android\Android Studio\jbr\bin;C:\WINDOWS\SYSTEM32;C:\WINDOWS\WinSxS\amd64_microsoft.windows.common-controls_6595b64144ccf1df_6.0.22621.3430_none_270fe68173859015;C:\Program Files\Android\Android Studio\jbr\bin\server;C:\Users\johna\.gradle\native\c067742578af261105cb4f569cf0c3c89f3d7b1fecec35dd04571415982c5e48\windows-amd64;C:\Users\johna\.gradle\native\38dada09dfb8b06ba9b0570ebf7e218e3eb74d4ef43ca46872605cf95ebc2f47\windows-amd64

VM Arguments:
jvm_args: --add-opens=java.base/java.util=ALL-UNNAMED --add-opens=java.base/java.lang=ALL-UNNAMED --add-opens=java.base/java.lang.invoke=ALL-UNNAMED --add-opens=java.prefs/java.util.prefs=ALL-UNNAMED --add-opens=java.base/java.nio.charset=ALL-UNNAMED --add-opens=java.base/java.net=ALL-UNNAMED --add-opens=java.base/java.util.concurrent.atomic=ALL-UNNAMED -Xmx2048m -Dfile.encoding=UTF-8 -Duser.country=MX -Duser.language=es -Duser.variant -javaagent:C:\Users\johna\.gradle\wrapper\dists\gradle-8.4-bin\1w5dpkrfk8irigvoxmyhowfim\gradle-8.4\lib\agents\gradle-instrumentation-agent-8.4.jar 
java_command: org.gradle.launcher.daemon.bootstrap.GradleDaemon 8.4
java_class_path (initial): C:\Users\johna\.gradle\wrapper\dists\gradle-8.4-bin\1w5dpkrfk8irigvoxmyhowfim\gradle-8.4\lib\gradle-launcher-8.4.jar
Launcher Type: SUN_STANDARD

[Global flags]
     intx CICompilerCount                          = 3                                         {product} {ergonomic}
     uint ConcGCThreads                            = 1                                         {product} {ergonomic}
     uint G1ConcRefinementThreads                  = 4                                         {product} {ergonomic}
   size_t G1HeapRegionSize                         = 1048576                                   {product} {ergonomic}
    uintx GCDrainStackTargetSize                   = 64                                        {product} {ergonomic}
   size_t InitialHeapSize                          = 132120576                                 {product} {ergonomic}
   size_t MarkStackSize                            = 4194304                                   {product} {ergonomic}
   size_t MaxHeapSize                              = 2147483648                                {product} {command line}
   size_t MaxNewSize                               = 1287651328                                {product} {ergonomic}
   size_t MinHeapDeltaBytes                        = 1048576                                   {product} {ergonomic}
   size_t MinHeapSize                              = 8388608                                   {product} {ergonomic}
    uintx NonNMethodCodeHeapSize                   = 5832780                                {pd product} {ergonomic}
    uintx NonProfiledCodeHeapSize                  = 122912730                              {pd product} {ergonomic}
    uintx ProfiledCodeHeapSize                     = 122912730                              {pd product} {ergonomic}
    uintx ReservedCodeCacheSize                    = 251658240                              {pd product} {ergonomic}
     bool SegmentedCodeCache                       = true                                      {product} {ergonomic}
   size_t SoftMaxHeapSize                          = 2147483648                             {manageable} {ergonomic}
     bool UseCompressedClassPointers               = true                           {product lp64_product} {ergonomic}
     bool UseCompressedOops                        = true                           {product lp64_product} {ergonomic}
     bool UseG1GC                                  = true                                      {product} {ergonomic}
     bool UseLargePagesIndividualAllocation        = false                                  {pd product} {ergonomic}

Logging:
Log output configuration:
 #0: stdout all=warning uptime,level,tags
 #1: stderr all=off uptime,level,tags

Environment Variables:
PATH=C:\Program Files\Common Files\Oracle\Java\javapath;C:\Windows\System32\HWAudioDriverLibs;C:\WINDOWS\system32;C:\WINDOWS;C:\WINDOWS\System32\Wbem;C:\WINDOWS\System32\WindowsPowerShell\v1.0\;C:\WINDOWS\System32\OpenSSH\;C:\WINDOWS\system32\config\systemprofile\AppData\Local\Microsoft\WindowsApps;C:\Program Files\nodejs\;C:\ProgramData\chocolatey\bin;C:\WINDOWS\system32;C:\WINDOWS;C:\WINDOWS\System32\Wbem;C:\WINDOWS\System32\WindowsPowerShell\v1.0\;C:\WINDOWS\System32\OpenSSH\;C:\Desarrollo\php;C:\ProgramData\ComposerSetup\bin;C:\Program Files\Git\cmd;C:\Users\johna\AppData\Local\Microsoft\WindowsApps;C:\Users\johna\AppData\Local\Programs\Microsoft VS Code\bin;C:\Users\johna\AppData\Roaming\npm;C:\Users\johna\AppData\Roaming\Composer\vendor\bin;C:\Users\johna\AppData\Local\packer_1.8.7
USERNAME=johna
OS=Windows_NT
PROCESSOR_IDENTIFIER=Intel64 Family 6 Model 142 Stepping 12, GenuineIntel
TMP=C:\Users\johna\AppData\Local\Temp
TEMP=C:\Users\johna\AppData\Local\Temp



Periodic native trim disabled

JNI global refs:
JNI global refs: 27, weak refs: 6

JNI global refs memory usage: 843, weak refs: 841

OOME stack traces (most recent first):
Classloader memory used:
Loader org.gradle.internal.classloader.VisitableURLClassLoader                         : 3541K
Loader bootstrap                                                                       : 2497K
Loader org.gradle.initialization.MixInLegacyTypesClassLoader                           : 1054K
Loader org.gradle.internal.classloader.VisitableURLClassLoader$InstrumentingVisitableURLClassLoader: 663K
Loader jdk.internal.loader.ClassLoaders$PlatformClassLoader                            : 69065B
Loader jdk.internal.reflect.DelegatingClassLoader                                      : 29175B
Loader jdk.internal.loader.ClassLoaders$AppClassLoader                                 : 28453B
Loader org.gradle.internal.classloader.VisitableURLClassLoader                         : 8133B

Classes loaded by more than one classloader:
Class Program                                                                         : loaded 4 times (x 72B)
Class com.google.common.collect.Iterators$MergingIterator                             : loaded 2 times (x 79B)
Class [Lcom.google.common.collect.AbstractMapEntry;                                   : loaded 2 times (x 67B)
Class com.google.common.collect.SingletonImmutableList                                : loaded 2 times (x 167B)
Class com.google.common.cache.CacheLoader$SupplierToCacheLoader                       : loaded 2 times (x 73B)
Class org.gradle.internal.classpath.ClassPath                                         : loaded 2 times (x 68B)
Class com.google.common.cache.RemovalListener                                         : loaded 2 times (x 68B)
Class org.gradle.api.internal.classpath.DefaultModuleRegistry                         : loaded 2 times (x 84B)
Class Settings_gradle$1$1                                                             : loaded 2 times (x 72B)
Class com.google.common.collect.ListMultimap                                          : loaded 2 times (x 68B)
Class com.google.common.base.CharMatcher$JavaDigit                                    : loaded 2 times (x 109B)
Class com.google.common.base.CharMatcher$Digit                                        : loaded 2 times (x 110B)
Class com.google.common.collect.AbstractMultimap                                      : loaded 2 times (x 121B)
Class com.google.common.cache.CacheBuilder$OneWeigher                                 : loaded 2 times (x 80B)
Class org.gradle.api.Action                                                           : loaded 2 times (x 68B)
Class com.google.common.collect.ImmutableEntry                                        : loaded 2 times (x 80B)
Class com.google.common.collect.Lists$StringAsImmutableList                           : loaded 2 times (x 167B)
Class com.google.common.base.CharMatcher                                              : loaded 2 times (x 109B)
Class com.google.common.base.CharMatcher$IsNot                                        : loaded 2 times (x 109B)
Class com.google.common.base.Splitter                                                 : loaded 2 times (x 70B)
Class [Lcom.google.common.cache.Weigher;                                              : loaded 2 times (x 67B)
Class com.google.common.collect.Iterators$ArrayItr                                    : loaded 2 times (x 95B)
Class com.google.common.cache.LocalCache$Segment                                      : loaded 2 times (x 152B)
Class org.gradle.api.internal.DefaultClassPathProvider                                : loaded 2 times (x 74B)
Class org.gradle.internal.installation.GradleInstallation$1                           : loaded 2 times (x 73B)
Class com.google.common.base.CharMatcher$BitSetMatcher                                : loaded 2 times (x 110B)
Class com.google.common.collect.ImmutableMap$IteratorBasedImmutableMap                : loaded 2 times (x 123B)
Class com.google.common.collect.ImmutableMap                                          : loaded 2 times (x 118B)
Class com.google.common.base.Converter                                                : loaded 2 times (x 88B)
Class com.google.common.collect.ImmutableSet$EmptySetBuilderImpl                      : loaded 2 times (x 74B)
Class com.google.common.base.Equivalence                                              : loaded 2 times (x 80B)
Class com.google.common.cache.LocalCache$EntryFactory$1                               : loaded 2 times (x 81B)
Class com.google.common.cache.LocalCache$EntryFactory$2                               : loaded 2 times (x 81B)
Class com.google.common.cache.LocalCache$EntryFactory$3                               : loaded 2 times (x 81B)
Class com.google.common.cache.LocalCache$EntryFactory$4                               : loaded 2 times (x 81B)
Class com.google.common.cache.LocalCache$EntryFactory$5                               : loaded 2 times (x 81B)
Class com.google.common.cache.LocalCache$EntryFactory$6                               : loaded 2 times (x 81B)
Class com.google.common.cache.LocalCache$EntryFactory$7                               : loaded 2 times (x 81B)
Class com.google.common.cache.LocalCache$EntryFactory$8                               : loaded 2 times (x 81B)
Class com.google.common.base.Predicate                                                : loaded 2 times (x 68B)
Class org.gradle.internal.classloader.FilteringClassLoader                            : loaded 2 times (x 103B)
Class com.google.common.collect.RegularImmutableSet                                   : loaded 2 times (x 146B)
Class [Lcom.google.common.cache.LocalCache$Strength;                                  : loaded 2 times (x 67B)
Class org.gradle.internal.classpath.DefaultClassPath$ImmutableUniqueList$Builder      : loaded 2 times (x 73B)
Class com.google.common.collect.Maps$8                                                : loaded 2 times (x 80B)
Class [Lcom.google.common.cache.CacheBuilder$NullListener;                            : loaded 2 times (x 67B)
Class com.google.common.base.PatternCompiler                                          : loaded 2 times (x 68B)
Class com.google.common.base.CharMatcher$InRange                                      : loaded 2 times (x 109B)
Class com.google.common.collect.BiMap                                                 : loaded 2 times (x 68B)
Class com.google.common.collect.Lists                                                 : loaded 2 times (x 69B)
Class com.google.common.math.IntMath$1                                                : loaded 2 times (x 69B)
Class org.gradle.internal.classloader.ClassLoaderVisitor                              : loaded 2 times (x 74B)
Class com.google.common.cache.CacheBuilder$NullListener                               : loaded 2 times (x 80B)
Class com.google.common.math.MathPreconditions                                        : loaded 2 times (x 69B)
Class org.gradle.internal.service.DefaultServiceLocator                               : loaded 2 times (x 81B)
Class org.gradle.internal.service.UnknownServiceException                             : loaded 2 times (x 81B)
Class com.google.common.collect.ArrayListMultimap                                     : loaded 2 times (x 170B)
Class com.google.common.base.Strings                                                  : loaded 2 times (x 69B)
Class com.google.common.cache.CacheLoader$InvalidCacheLoadException                   : loaded 2 times (x 80B)
Class org.gradle.internal.classloader.DefaultClassLoaderFactory                       : loaded 2 times (x 80B)
Class com.google.common.collect.UnmodifiableIterator                                  : loaded 2 times (x 78B)
Class com.google.common.base.Platform$JdkPatternCompiler                              : loaded 2 times (x 73B)
Class com.google.common.cache.LocalCache$LoadingValueReference                        : loaded 2 times (x 94B)
Class com.google.common.base.CharMatcher$SingleWidth                                  : loaded 2 times (x 110B)
Class com.google.common.collect.Hashing                                               : loaded 2 times (x 69B)
Class com.google.common.base.JdkPattern                                               : loaded 2 times (x 73B)
Class com.google.common.collect.Multimap                                              : loaded 2 times (x 68B)
Class com.google.common.base.FunctionalEquivalence                                    : loaded 2 times (x 81B)
Class com.google.common.cache.LocalCache$1                                            : loaded 2 times (x 87B)
Class com.google.common.cache.LocalCache$2                                            : loaded 2 times (x 140B)
Class com.google.common.collect.RegularImmutableBiMap                                 : loaded 2 times (x 146B)
Class org.gradle.internal.classloader.VisitableURLClassLoader$Spec                    : loaded 2 times (x 72B)
Class org.gradle.api.GradleException                                                  : loaded 2 times (x 80B)
Class com.google.common.base.CharMatcher$JavaLetterOrDigit                            : loaded 2 times (x 109B)
Class org.gradle.api.internal.classpath.ModuleRegistry                                : loaded 2 times (x 68B)
Class com.google.common.cache.CacheBuilder                                            : loaded 2 times (x 70B)
Class com.google.common.collect.ImmutableCollection                                   : loaded 2 times (x 123B)
Class com.google.common.base.PairwiseEquivalence                                      : loaded 2 times (x 81B)
Class com.google.common.base.Ticker                                                   : loaded 2 times (x 70B)
Class org.gradle.api.internal.ClassPathProvider                                       : loaded 2 times (x 68B)
Class com.google.common.collect.RegularImmutableMap$Values                            : loaded 2 times (x 167B)
Class org.gradle.internal.classloader.ClasspathUtil$1                                 : loaded 2 times (x 74B)
Class com.google.common.collect.ImmutableEnumMap                                      : loaded 2 times (x 123B)
Class com.google.common.collect.ImmutableList$ReverseImmutableList                    : loaded 2 times (x 168B)
Class com.google.common.cache.AbstractCache$StatsCounter                              : loaded 2 times (x 68B)
Class com.google.common.cache.LocalCache$Strength$1                                   : loaded 2 times (x 79B)
Class com.google.common.cache.LocalCache$Strength$2                                   : loaded 2 times (x 79B)
Class com.google.common.cache.LocalCache$Strength$3                                   : loaded 2 times (x 79B)
Class org.gradle.internal.classloader.ClassLoaderFactory                              : loaded 2 times (x 68B)
Class com.google.common.collect.ObjectArrays                                          : loaded 2 times (x 69B)
Class com.google.common.collect.Iterators$10                                          : loaded 2 times (x 79B)
Class com.google.common.collect.ImmutableList                                         : loaded 2 times (x 166B)
Class org.gradle.api.internal.classpath.ManifestUtil                                  : loaded 2 times (x 69B)
Class org.gradle.api.specs.Spec                                                       : loaded 2 times (x 68B)
Class com.google.common.cache.CacheLoader$UnsupportedLoadingOperationException        : loaded 2 times (x 80B)
Class com.google.common.base.CharMatcher$Whitespace                                   : loaded 2 times (x 110B)
Class com.google.common.collect.Iterators$1                                           : loaded 2 times (x 79B)
Class com.google.common.collect.Iterators$4                                           : loaded 2 times (x 80B)
Class com.google.common.collect.RegularImmutableMap$BucketOverflowException           : loaded 2 times (x 80B)
Class com.google.common.collect.Iterators$5                                           : loaded 2 times (x 80B)
Class com.google.common.base.Equivalence$Equals                                       : loaded 2 times (x 80B)
Class com.google.common.base.Preconditions                                            : loaded 2 times (x 69B)
Class com.google.common.base.Function                                                 : loaded 2 times (x 68B)
Class com.google.common.collect.Iterators$9                                           : loaded 2 times (x 79B)
Class org.gradle.internal.IoActions                                                   : loaded 2 times (x 69B)
Class com.google.common.cache.ReferenceEntry                                          : loaded 2 times (x 68B)
Class com.google.common.collect.RegularImmutableMap$KeySet                            : loaded 2 times (x 148B)
Class com.google.common.collect.CollectPreconditions                                  : loaded 2 times (x 69B)
Class com.google.common.collect.Maps                                                  : loaded 2 times (x 69B)
Class com.google.common.collect.RegularImmutableMap                                   : loaded 2 times (x 119B)
Class com.google.common.collect.AbstractIndexedListIterator                           : loaded 2 times (x 94B)
Class com.google.common.base.CharMatcher$None                                         : loaded 2 times (x 110B)
Class org.gradle.api.internal.classpath.EffectiveClassPath                            : loaded 2 times (x 88B)
Class com.google.common.collect.UnmodifiableListIterator                              : loaded 2 times (x 93B)
Class com.google.common.cache.CacheLoader$FunctionToCacheLoader                       : loaded 2 times (x 73B)
Class com.google.common.cache.CacheBuilder$1                                          : loaded 2 times (x 83B)
Class com.google.common.cache.CacheBuilder$2                                          : loaded 2 times (x 70B)
Class com.google.common.collect.ImmutableList$1                                       : loaded 2 times (x 95B)
Class com.google.common.base.Splitter$Strategy                                        : loaded 2 times (x 68B)
Class com.google.common.collect.ImmutableMapEntrySet$RegularEntrySet                  : loaded 2 times (x 149B)
Class [Lcom.google.common.cache.RemovalListener;                                      : loaded 2 times (x 67B)
Class [Lcom.google.common.collect.ImmutableMapEntry;                                  : loaded 2 times (x 67B)
Class org.gradle.internal.installation.CurrentGradleInstallation                      : loaded 2 times (x 71B)
Class org.gradle.internal.agents.InstrumentingClassLoader                             : loaded 2 times (x 68B)
Class org.gradle.internal.installation.CurrentGradleInstallationLocator               : loaded 2 times (x 69B)
Class [Lcom.google.common.cache.LocalCache$Segment;                                   : loaded 2 times (x 67B)
Class org.gradle.api.internal.classpath.Module                                        : loaded 2 times (x 68B)
Class com.google.common.base.Splitter$1$1                                             : loaded 2 times (x 84B)
Class com.google.common.collect.ImmutableSet$JdkBackedSetBuilderImpl                  : loaded 2 times (x 74B)
Class com.google.common.collect.ImmutableSet$RegularSetBuilderImpl                    : loaded 2 times (x 75B)
Class org.gradle.internal.service.CachingServiceLocator                               : loaded 2 times (x 80B)
Class [Lcom.google.common.collect.ImmutableEntry;                                     : loaded 2 times (x 67B)
Class org.gradle.internal.classpath.DefaultClassPath                                  : loaded 2 times (x 88B)
Class com.google.common.base.Splitter$SplittingIterator                               : loaded 2 times (x 82B)
Class com.google.common.cache.LocalCache$LocalManualCache$1                           : loaded 2 times (x 73B)
Class Build_gradle$1                                                                  : loaded 2 times (x 76B)
Class [Lcom.google.common.cache.LocalCache$EntryFactory;                              : loaded 2 times (x 67B)
Class com.google.common.base.CharMatcher$Is                                           : loaded 2 times (x 109B)
Class com.google.common.base.Platform                                                 : loaded 2 times (x 69B)
Class com.google.common.collect.RegularImmutableAsList                                : loaded 2 times (x 176B)
Class com.google.common.collect.PeekingIterator                                       : loaded 2 times (x 68B)
Class com.google.common.collect.ImmutableMapEntrySet                                  : loaded 2 times (x 149B)
Class com.google.common.cache.CacheLoader                                             : loaded 2 times (x 72B)
Class com.google.common.collect.ImmutableBiMapFauxverideShim                          : loaded 2 times (x 118B)
Class com.google.common.cache.Cache                                                   : loaded 2 times (x 68B)
Class org.gradle.internal.classloader.SystemClassLoaderSpec                           : loaded 2 times (x 69B)
Class com.google.common.collect.SingletonImmutableSet                                 : loaded 2 times (x 144B)
Class [Lcom.google.common.base.AbstractIterator$State;                                : loaded 2 times (x 67B)
Class com.google.common.collect.ImmutableMap$Builder                                  : loaded 2 times (x 80B)
Class com.google.common.base.AbstractIterator                                         : loaded 2 times (x 78B)
Class com.google.common.base.AbstractIterator$1                                       : loaded 2 times (x 69B)
Class [Lcom.google.common.cache.CacheBuilder$OneWeigher;                              : loaded 2 times (x 67B)
Class com.google.common.collect.Iterators                                             : loaded 2 times (x 69B)
Class com.google.common.base.CharMatcher$1                                            : loaded 2 times (x 111B)
Class com.google.common.base.CharMatcher$Ascii                                        : loaded 2 times (x 110B)
Class com.google.common.cache.LocalCache$ComputingValueReference                      : loaded 2 times (x 94B)
Class org.gradle.api.UncheckedIOException                                             : loaded 2 times (x 80B)
Class com.google.common.base.CharMatcher$And                                          : loaded 2 times (x 110B)
Class com.google.common.collect.IndexedImmutableSet                                   : loaded 2 times (x 148B)
Class com.google.common.collect.AbstractListMultimap                                  : loaded 2 times (x 170B)
Class com.google.common.base.CharMatcher$Any                                          : loaded 2 times (x 110B)
Class org.gradle.internal.installation.GradleInstallation                             : loaded 2 times (x 73B)
Class com.google.common.cache.LocalCache$Strength                                     : loaded 2 times (x 79B)
Class com.google.common.collect.ArrayListMultimapGwtSerializationDependencies         : loaded 2 times (x 170B)
Class com.google.common.base.CharMatcher$RangesMatcher                                : loaded 2 times (x 110B)
Class com.google.common.collect.ImmutableList$SubList                                 : loaded 2 times (x 168B)
Class com.google.common.cache.LocalCache$ValueReference                               : loaded 2 times (x 68B)
Class org.gradle.internal.classloader.ClasspathUtil                                   : loaded 2 times (x 69B)
Class com.google.common.base.Splitter$1                                               : loaded 2 times (x 75B)
Class com.google.common.base.Ticker$1                                                 : loaded 2 times (x 70B)
Class com.google.common.collect.Maps$BiMapConverter                                   : loaded 2 times (x 88B)
Class org.gradle.api.internal.DefaultClassPathRegistry                                : loaded 2 times (x 74B)
Class com.google.common.collect.ImmutableSet$SetBuilderImpl                           : loaded 2 times (x 74B)
Class org.gradle.api.internal.classpath.DefaultModuleRegistry$DefaultModule           : loaded 2 times (x 84B)
Class com.google.common.base.CharMatcher$JavaIsoControl                               : loaded 2 times (x 110B)
Class com.google.common.collect.ImmutableMap$1                                        : loaded 2 times (x 79B)
Class com.google.common.base.CharMatcher$Or                                           : loaded 2 times (x 110B)
Class org.gradle.kotlin.dsl.VersionCatalogAccessorsKt                                 : loaded 2 times (x 69B)
Class com.google.common.base.Suppliers$SupplierOfInstance                             : loaded 2 times (x 77B)
Class com.google.common.collect.Iterables                                             : loaded 2 times (x 69B)
Class com.google.common.base.CharMatcher$JavaLowerCase                                : loaded 2 times (x 109B)
Class org.gradle.api.internal.classpath.UnknownModuleException                        : loaded 2 times (x 80B)
Class com.google.common.collect.Maps$EntryTransformer                                 : loaded 2 times (x 68B)
Class com.google.common.collect.ImmutableCollection$Builder                           : loaded 2 times (x 74B)
Class com.google.common.collect.SingletonImmutableBiMap                               : loaded 2 times (x 141B)
Class com.google.common.base.CommonPattern                                            : loaded 2 times (x 72B)
Class com.google.common.base.Suppliers                                                : loaded 2 times (x 69B)
Class com.google.common.cache.LoadingCache                                            : loaded 2 times (x 68B)
Class org.gradle.internal.service.ServiceLookupException                              : loaded 2 times (x 80B)
Class org.gradle.cache.GlobalCache                                                    : loaded 2 times (x 68B)
Class com.google.common.base.CharMatcher$NegatedFastMatcher                           : loaded 2 times (x 111B)
Class [Lorg.gradle.api.internal.ClassPathProvider;                                    : loaded 2 times (x 67B)
Class org.gradle.util.internal.GUtil                                                  : loaded 2 times (x 69B)
Class com.google.common.math.IntMath                                                  : loaded 2 times (x 69B)
Class com.google.common.collect.AbstractIterator                                      : loaded 2 times (x 80B)
Class org.gradle.internal.classloader.ClassLoaderSpec                                 : loaded 2 times (x 69B)
Class com.google.common.base.NullnessCasts                                            : loaded 2 times (x 69B)
Class com.google.common.cache.LocalCache$LocalManualCache                             : loaded 2 times (x 97B)
Class com.google.common.collect.AbstractMapEntry                                      : loaded 2 times (x 79B)
Class com.google.common.base.CharMatcher$Negated                                      : loaded 2 times (x 111B)
Class com.google.common.cache.CacheLoader$1                                           : loaded 2 times (x 73B)
Class com.google.common.collect.ImmutableSet$Builder                                  : loaded 2 times (x 83B)
Class com.google.common.base.CharMatcher$ForPredicate                                 : loaded 2 times (x 110B)
Class com.google.common.collect.ImmutableMap$MapViewOfValuesAsSingletonSets           : loaded 2 times (x 123B)
Class com.google.common.base.MoreObjects                                              : loaded 2 times (x 69B)
Class com.google.common.collect.SortedMapDifference                                   : loaded 2 times (x 68B)
Class com.google.common.cache.CacheStats                                              : loaded 2 times (x 69B)
Class org.gradle.internal.classloader.VisitableURLClassLoader                         : loaded 2 times (x 115B)
Class com.google.common.cache.LocalCache$LocalLoadingCache                            : loaded 2 times (x 132B)
Class com.google.common.base.Supplier                                                 : loaded 2 times (x 68B)
Class com.google.common.collect.ImmutableBiMap                                        : loaded 2 times (x 141B)
Class org.gradle.internal.Cast                                                        : loaded 2 times (x 69B)
Class Build_gradle                                                                    : loaded 2 times (x 70B)
Class org.gradle.api.internal.ClassPathRegistry                                       : loaded 2 times (x 68B)
Class com.google.common.cache.LocalCache$EntryFactory                                 : loaded 2 times (x 81B)
Class com.google.common.util.concurrent.UncheckedExecutionException                   : loaded 2 times (x 80B)
Class com.google.common.collect.ImmutableSet                                          : loaded 2 times (x 143B)
Class org.gradle.internal.classloader.VisitableURLClassLoader$InstrumentingVisitableURLClassLoader: loaded 2 times (x 121B)
Class org.gradle.internal.classloader.ClassLoaderHierarchy                            : loaded 2 times (x 68B)
Class com.google.common.base.AbstractIterator$State                                   : loaded 2 times (x 77B)
Class com.google.common.cache.Weigher                                                 : loaded 2 times (x 68B)
Class com.google.common.base.CharMatcher$NamedFastMatcher                             : loaded 2 times (x 110B)
Class org.gradle.internal.InternalTransformer                                         : loaded 2 times (x 68B)
Class org.gradle.internal.service.ServiceLocator                                      : loaded 2 times (x 68B)
Class Settings_gradle$1                                                               : loaded 2 times (x 72B)
Class com.google.common.collect.ImmutableMapEntry                                     : loaded 2 times (x 83B)
Class com.google.common.base.CharMatcher$Invisible                                    : loaded 2 times (x 110B)
Class com.google.common.base.CharMatcher$FastMatcher                                  : loaded 2 times (x 109B)
Class org.gradle.internal.classpath.DefaultClassPath$ImmutableUniqueList              : loaded 2 times (x 159B)
Class com.google.common.base.CharMatcher$JavaLetter                                   : loaded 2 times (x 109B)
Class org.gradle.internal.classpath.TransformedClassPath                              : loaded 2 times (x 94B)
Class com.google.common.collect.MapDifference                                         : loaded 2 times (x 68B)
Class Settings_gradle                                                                 : loaded 2 times (x 126B)
Class com.google.common.collect.Platform                                              : loaded 2 times (x 69B)
Class com.google.common.collect.ImmutableAsList                                       : loaded 2 times (x 169B)
Class com.google.common.util.concurrent.ExecutionError                                : loaded 2 times (x 80B)
Class com.google.common.base.Equivalence$Identity                                     : loaded 2 times (x 80B)
Class com.google.common.base.CharMatcher$AnyOf                                        : loaded 2 times (x 110B)
Class com.google.common.base.CharMatcher$IsEither                                     : loaded 2 times (x 109B)
Class com.google.common.cache.LocalCache                                              : loaded 2 times (x 185B)
Class com.google.common.collect.RegularImmutableList                                  : loaded 2 times (x 172B)
Class com.google.common.base.CharMatcher$JavaUpperCase                                : loaded 2 times (x 109B)
Class com.google.common.collect.Multiset                                              : loaded 2 times (x 68B)
Class com.google.common.collect.ImmutableSet$CachingAsList                            : loaded 2 times (x 145B)
Class com.google.common.collect.ImmutableMapEntry$NonTerminalImmutableMapEntry        : loaded 2 times (x 83B)
Class com.google.common.collect.AbstractMapBasedMultimap                              : loaded 2 times (x 137B)


---------------  S Y S T E M  ---------------

OS:
 Windows 11 , 64 bit Build 22621 (10.0.22621.3430)
OS uptime: 0 days 9:36 hours
Hyper-V role detected

CPU: total 4 (initial active 4) (2 cores per cpu, 2 threads per core) family 6 model 142 stepping 12 microcode 0xde, cx8, cmov, fxsr, ht, mmx, 3dnowpref, sse, sse2, sse3, ssse3, sse4.1, sse4.2, popcnt, lzcnt, tsc, tscinvbit, avx, avx2, aes, erms, clmul, bmi1, bmi2, adx, fma, vzeroupper, clflush, clflushopt, hv
Processor Information for all 4 processors :
  Max Mhz: 2592, Current Mhz: 2592, Mhz Limit: 2073

Memory: 4k page, system-wide physical 8025M (187M free)
TotalPageFile size 21191M (AvailPageFile size 6M)
current process WorkingSet (physical memory assigned to process): 279M, peak: 281M
current process commit charge ("private bytes"): 310M, peak: 313M

vm_info: OpenJDK 64-Bit Server VM (17.0.9+0--11185874) for windows-amd64 JRE (17.0.9+0--11185874), built on Dec  6 2023 18:57:44 by "androidbuild" with MS VC++ 16.10 / 16.11 (VS2019)

END.
