#
# There is insufficient memory for the Java Runtime Environment to continue.
# Native memory allocation (mmap) failed to map 34603008 bytes for G1 virtual space
# Possible reasons:
#   The system is out of physical RAM or swap space
#   The process is running with CompressedOops enabled, and the Java Heap may be blocking the growth of the native heap
# Possible solutions:
#   Reduce memory load on the system
#   Increase physical memory or swap space
#   Check if swap backing store is full
#   Decrease Java heap size (-Xmx/-Xms)
#   Decrease number of Java threads
#   Decrease Java thread stack sizes (-Xss)
#   Set larger code cache with -XX:ReservedCodeCacheSize=
#   JVM is running with Unscaled Compressed Oops mode in which the Java heap is
#     placed in the first 4GB address space. The Java Heap base address is the
#     maximum limit for the native heap growth. Please use -XX:HeapBaseMinAddress
#     to set the Java Heap base and to place the Java Heap above 4GB virtual address.
# This output file may be truncated or incomplete.
#
#  Out of Memory Error (os_windows.cpp:3825), pid=11932, tid=13516
#
# JRE version: OpenJDK Runtime Environment (17.0.9) (build 17.0.9+0--11185874)
# Java VM: OpenJDK 64-Bit Server VM (17.0.9+0--11185874, mixed mode, tiered, compressed oops, compressed class ptrs, g1 gc, windows-amd64)
# No core dump will be written. Minidumps are not enabled by default on client versions of Windows
#

---------------  S U M M A R Y ------------

Command Line: --add-opens=java.base/java.util=ALL-UNNAMED --add-opens=java.base/java.lang=ALL-UNNAMED --add-opens=java.base/java.lang.invoke=ALL-UNNAMED --add-opens=java.prefs/java.util.prefs=ALL-UNNAMED --add-opens=java.base/java.nio.charset=ALL-UNNAMED --add-opens=java.base/java.net=ALL-UNNAMED --add-opens=java.base/java.util.concurrent.atomic=ALL-UNNAMED -Xmx2048m -Dfile.encoding=UTF-8 -Duser.country=MX -Duser.language=es -Duser.variant -javaagent:C:\Users\johna\.gradle\wrapper\dists\gradle-8.4-bin\1w5dpkrfk8irigvoxmyhowfim\gradle-8.4\lib\agents\gradle-instrumentation-agent-8.4.jar org.gradle.launcher.daemon.bootstrap.GradleDaemon 8.4

Host: Intel(R) Core(TM) i3-10110U CPU @ 2.10GHz, 4 cores, 7G,  Windows 11 , 64 bit Build 22621 (10.0.22621.3430)
Time: Sat Apr 13 16:00:23 2024 Hora est. Pacífico, Sudamérica elapsed time: 16.554078 seconds (0d 0h 0m 16s)

---------------  T H R E A D  ---------------

Current thread (0x000001dd682ba7d0):  VMThread "VM Thread" [stack: 0x00000079c0a00000,0x00000079c0b00000] [id=13516]

Stack: [0x00000079c0a00000,0x00000079c0b00000]
Native frames: (J=compiled Java code, j=interpreted, Vv=VM code, C=native code)
V  [jvm.dll+0x6886e9]
V  [jvm.dll+0x841e4a]
V  [jvm.dll+0x843a8e]
V  [jvm.dll+0x8440f3]
V  [jvm.dll+0x24c14f]
V  [jvm.dll+0x685499]
V  [jvm.dll+0x679c2a]
V  [jvm.dll+0x30cf9b]
V  [jvm.dll+0x314446]
V  [jvm.dll+0x36425e]
V  [jvm.dll+0x36448f]
V  [jvm.dll+0x2e2d68]
V  [jvm.dll+0x2e0f44]
V  [jvm.dll+0x2e054c]
V  [jvm.dll+0x3253fb]
V  [jvm.dll+0x8487eb]
V  [jvm.dll+0x849531]
V  [jvm.dll+0x849a4d]
V  [jvm.dll+0x849e24]
V  [jvm.dll+0x849ef0]
V  [jvm.dll+0x7f06aa]
V  [jvm.dll+0x687565]
C  [ucrtbase.dll+0x29333]
C  [KERNEL32.DLL+0x1257d]
C  [ntdll.dll+0x5aa48]

VM_Operation (0x00000079c20f1170): G1CollectForAllocation, mode: safepoint, requested by thread 0x000001dd6e7fdcd0


---------------  P R O C E S S  ---------------

Threads class SMR info:
_java_thread_list=0x000001dd703d0f40, length=43, elements={
0x000001dd4ecdb270, 0x000001dd68413020, 0x000001dd68414640, 0x000001dd682d22a0,
0x000001dd68434020, 0x000001dd684349f0, 0x000001dd684353b0, 0x000001dd684360a0,
0x000001dd68468210, 0x000001dd6846a830, 0x000001dd68247230, 0x000001dd686cf870,
0x000001dd6e75f010, 0x000001dd6db87400, 0x000001dd6e7b7b60, 0x000001dd6e7ed9d0,
0x000001dd6e7ce030, 0x000001dd6e7fe1e0, 0x000001dd6e7fdcd0, 0x000001dd6e7fb450,
0x000001dd6e7fd2b0, 0x000001dd6e7fd7c0, 0x000001dd6e7faf40, 0x000001dd6e7fcda0,
0x000001dd6e7fb960, 0x000001dd6e7fbe70, 0x000001dd6e7fc380, 0x000001dd6e7fc890,
0x000001dd6f8e3bf0, 0x000001dd6f8e0950, 0x000001dd6f8e0440, 0x000001dd6f8e0e60,
0x000001dd6f8dfa20, 0x000001dd6f8df000, 0x000001dd6f8e4610, 0x000001dd6f8df510,
0x000001dd6f8e1880, 0x000001dd6f8e4b20, 0x000001dd6f8e1370, 0x000001dd6f8e6980,
0x000001dd6f8e5a50, 0x000001dd6f8e22a0, 0x000001dd6f8e6470
}

Java Threads: ( => current thread )
  0x000001dd4ecdb270 JavaThread "main" [_thread_blocked, id=15744, stack(0x00000079c0400000,0x00000079c0500000)]
  0x000001dd68413020 JavaThread "Reference Handler" daemon [_thread_blocked, id=1972, stack(0x00000079c0b00000,0x00000079c0c00000)]
  0x000001dd68414640 JavaThread "Finalizer" daemon [_thread_blocked, id=7716, stack(0x00000079c0c00000,0x00000079c0d00000)]
  0x000001dd682d22a0 JavaThread "Signal Dispatcher" daemon [_thread_blocked, id=16848, stack(0x00000079c0d00000,0x00000079c0e00000)]
  0x000001dd68434020 JavaThread "Attach Listener" daemon [_thread_blocked, id=8928, stack(0x00000079c0e00000,0x00000079c0f00000)]
  0x000001dd684349f0 JavaThread "Service Thread" daemon [_thread_blocked, id=12412, stack(0x00000079c0f00000,0x00000079c1000000)]
  0x000001dd684353b0 JavaThread "Monitor Deflation Thread" daemon [_thread_blocked, id=11876, stack(0x00000079c1000000,0x00000079c1100000)]
  0x000001dd684360a0 JavaThread "C2 CompilerThread0" daemon [_thread_blocked, id=10732, stack(0x00000079c1100000,0x00000079c1200000)]
  0x000001dd68468210 JavaThread "C1 CompilerThread0" daemon [_thread_blocked, id=12528, stack(0x00000079c1200000,0x00000079c1300000)]
  0x000001dd6846a830 JavaThread "Sweeper thread" daemon [_thread_blocked, id=6492, stack(0x00000079c1300000,0x00000079c1400000)]
  0x000001dd68247230 JavaThread "Common-Cleaner" daemon [_thread_blocked, id=10500, stack(0x00000079c1400000,0x00000079c1500000)]
  0x000001dd686cf870 JavaThread "Notification Thread" daemon [_thread_blocked, id=1388, stack(0x00000079c1500000,0x00000079c1600000)]
  0x000001dd6e75f010 JavaThread "Daemon health stats" [_thread_blocked, id=588, stack(0x00000079c1a00000,0x00000079c1b00000)]
  0x000001dd6db87400 JavaThread "Incoming local TCP Connector on port 54050" [_thread_in_native, id=5392, stack(0x00000079c1b00000,0x00000079c1c00000)]
  0x000001dd6e7b7b60 JavaThread "Daemon periodic checks" [_thread_blocked, id=2928, stack(0x00000079c1c00000,0x00000079c1d00000)]
  0x000001dd6e7ed9d0 JavaThread "Daemon" [_thread_blocked, id=3152, stack(0x00000079c1d00000,0x00000079c1e00000)]
  0x000001dd6e7ce030 JavaThread "Handler for socket connection from /127.0.0.1:54050 to /127.0.0.1:54051" [_thread_in_native, id=2204, stack(0x00000079c1e00000,0x00000079c1f00000)]
  0x000001dd6e7fe1e0 JavaThread "Cancel handler" [_thread_blocked, id=17296, stack(0x00000079c1f00000,0x00000079c2000000)]
  0x000001dd6e7fdcd0 JavaThread "Daemon worker" [_thread_blocked, id=15792, stack(0x00000079c2000000,0x00000079c2100000)]
  0x000001dd6e7fb450 JavaThread "Asynchronous log dispatcher for DefaultDaemonConnection: socket connection from /127.0.0.1:54050 to /127.0.0.1:54051" [_thread_blocked, id=12900, stack(0x00000079c2100000,0x00000079c2200000)]
  0x000001dd6e7fd2b0 JavaThread "Stdin handler" [_thread_blocked, id=14748, stack(0x00000079c2200000,0x00000079c2300000)]
  0x000001dd6e7fd7c0 JavaThread "Daemon client event forwarder" [_thread_blocked, id=15940, stack(0x00000079c2300000,0x00000079c2400000)]
  0x000001dd6e7faf40 JavaThread "Cache worker for journal cache (C:\Users\johna\.gradle\caches\journal-1)" [_thread_blocked, id=5264, stack(0x00000079c2400000,0x00000079c2500000)]
  0x000001dd6e7fcda0 JavaThread "File lock request listener" [_thread_in_native, id=14636, stack(0x00000079c2500000,0x00000079c2600000)]
  0x000001dd6e7fb960 JavaThread "Cache worker for file hash cache (C:\Users\johna\.gradle\caches\8.4\fileHashes)" [_thread_blocked, id=17336, stack(0x00000079c2600000,0x00000079c2700000)]
  0x000001dd6e7fbe70 JavaThread "File watcher server" daemon [_thread_blocked, id=14532, stack(0x00000079c2700000,0x00000079c2800000)]
  0x000001dd6e7fc380 JavaThread "File watcher consumer" daemon [_thread_blocked, id=11272, stack(0x00000079c2800000,0x00000079c2900000)]
  0x000001dd6e7fc890 JavaThread "Cache worker for checksums cache (C:\Users\johna\AndroidStudioProjects\app_MediAlert\.gradle\8.4\checksums)" [_thread_blocked, id=15888, stack(0x00000079c2900000,0x00000079c2a00000)]
  0x000001dd6f8e3bf0 JavaThread "Cache worker for file hash cache (C:\Users\johna\AndroidStudioProjects\app_MediAlert\.gradle\8.4\fileHashes)" [_thread_blocked, id=10496, stack(0x00000079c2a00000,0x00000079c2b00000)]
  0x000001dd6f8e0950 JavaThread "Cache worker for cache directory md-supplier (C:\Users\johna\.gradle\caches\8.4\md-supplier)" [_thread_blocked, id=5312, stack(0x00000079c2b00000,0x00000079c2c00000)]
  0x000001dd6f8e0440 JavaThread "Cache worker for file content cache (C:\Users\johna\.gradle\caches\8.4\fileContent)" [_thread_blocked, id=11556, stack(0x00000079c2c00000,0x00000079c2d00000)]
  0x000001dd6f8e0e60 JavaThread "Cache worker for cache directory md-rule (C:\Users\johna\.gradle\caches\8.4\md-rule)" [_thread_blocked, id=13412, stack(0x00000079c2d00000,0x00000079c2e00000)]
  0x000001dd6f8dfa20 JavaThread "Cache worker for execution history cache (C:\Users\johna\.gradle\caches\8.4\executionHistory)" [_thread_blocked, id=10944, stack(0x00000079c2f00000,0x00000079c3000000)]
  0x000001dd6f8df000 JavaThread "Cache worker for kotlin-dsl (C:\Users\johna\.gradle\caches\8.4\kotlin-dsl)" [_thread_blocked, id=10252, stack(0x00000079c3000000,0x00000079c3100000)]
  0x000001dd6f8e4610 JavaThread "jar transforms" [_thread_blocked, id=6720, stack(0x00000079c3100000,0x00000079c3200000)]
  0x000001dd6f8df510 JavaThread "jar transforms Thread 2" [_thread_blocked, id=10912, stack(0x00000079c3200000,0x00000079c3300000)]
  0x000001dd6f8e1880 JavaThread "jar transforms Thread 3" [_thread_blocked, id=16040, stack(0x00000079c3300000,0x00000079c3400000)]
  0x000001dd6f8e4b20 JavaThread "jar transforms Thread 4" [_thread_blocked, id=9172, stack(0x00000079c3400000,0x00000079c3500000)]
  0x000001dd6f8e1370 JavaThread "Cache worker for dependencies-accessors (C:\Users\johna\AndroidStudioProjects\app_MediAlert\.gradle\8.4\dependencies-accessors)" [_thread_blocked, id=2260, stack(0x00000079c3500000,0x00000079c3600000)]
  0x000001dd6f8e6980 JavaThread "Cache worker for Build Output Cleanup Cache (C:\Users\johna\AndroidStudioProjects\app_MediAlert\.gradle\buildOutputCleanup)" [_thread_blocked, id=11040, stack(0x00000079c3600000,0x00000079c3700000)]
  0x000001dd6f8e5a50 JavaThread "Unconstrained build operations" [_thread_blocked, id=2608, stack(0x00000079c3700000,0x00000079c3800000)]
  0x000001dd6f8e22a0 JavaThread "Unconstrained build operations Thread 2" [_thread_blocked, id=15676, stack(0x00000079c3800000,0x00000079c3900000)]
  0x000001dd6f8e6470 JavaThread "Unconstrained build operations Thread 3" [_thread_blocked, id=3824, stack(0x00000079c3900000,0x00000079c3a00000)]

Other Threads:
=>0x000001dd682ba7d0 VMThread "VM Thread" [stack: 0x00000079c0a00000,0x00000079c0b00000] [id=13516]
  0x000001dd4ecdc0f0 WatcherThread [stack: 0x00000079c1600000,0x00000079c1700000] [id=1952]
  0x000001dd4ed35700 GCTaskThread "GC Thread#0" [stack: 0x00000079c0500000,0x00000079c0600000] [id=3664]
  0x000001dd687fa860 GCTaskThread "GC Thread#1" [stack: 0x00000079c1700000,0x00000079c1800000] [id=6536]
  0x000001dd6d21f4c0 GCTaskThread "GC Thread#2" [stack: 0x00000079c1800000,0x00000079c1900000] [id=14392]
  0x000001dd6d8ca300 GCTaskThread "GC Thread#3" [stack: 0x00000079c1900000,0x00000079c1a00000] [id=8796]
  0x000001dd4ed46650 ConcurrentGCThread "G1 Main Marker" [stack: 0x00000079c0600000,0x00000079c0700000] [id=11900]
  0x000001dd4ed47070 ConcurrentGCThread "G1 Conc#0" [stack: 0x00000079c0700000,0x00000079c0800000] [id=9964]
  0x000001dd681124c0 ConcurrentGCThread "G1 Refine#0" [stack: 0x00000079c0800000,0x00000079c0900000] [id=5372]
  0x000001dd6ecc4460 ConcurrentGCThread "G1 Refine#1" [stack: 0x00000079c2e00000,0x00000079c2f00000] [id=16688]
  0x000001dd68112ef0 ConcurrentGCThread "G1 Service" [stack: 0x00000079c0900000,0x00000079c0a00000] [id=3236]

Threads with active compile tasks:
C2 CompilerThread0    16589 6368   !   4       jdk.internal.loader.BuiltinClassLoader::loadClassOrNull (143 bytes)

VM state: at safepoint (normal execution)

VM Mutex/Monitor currently owned by a thread:  ([mutex/lock_event])
[0x000001dd4ecd66e0] Threads_lock - owner thread: 0x000001dd682ba7d0
[0x000001dd4ecd6f50] Heap_lock - owner thread: 0x000001dd6e7fdcd0

Heap address: 0x0000000080000000, size: 2048 MB, Compressed Oops mode: 32-bit

CDS archive(s) not mapped
Compressed class space mapped at: 0x0000000100000000-0x0000000140000000, reserved size: 1073741824
Narrow klass base: 0x0000000000000000, Narrow klass shift: 3, Narrow klass range: 0x140000000

GC Precious Log:
 CPUs: 4 total, 4 available
 Memory: 8025M
 Large Page Support: Disabled
 NUMA Support: Disabled
 Compressed Oops: Enabled (32-bit)
 Heap Region Size: 1M
 Heap Min Capacity: 8M
 Heap Initial Capacity: 126M
 Heap Max Capacity: 2G
 Pre-touch: Disabled
 Parallel Workers: 4
 Concurrent Workers: 1
 Concurrent Refinement Workers: 4
 Periodic GC: Disabled

Heap:
 garbage-first heap   total 86016K, used 58597K [0x0000000080000000, 0x0000000100000000)
  region size 1024K, 1 young (1024K), 1 survivors (1024K)
 Metaspace       used 57031K, committed 57600K, reserved 1114112K
  class space    used 7817K, committed 8128K, reserved 1048576K

Heap Regions: E=young(eden), S=young(survivor), O=old, HS=humongous(starts), HC=humongous(continues), CS=collection set, F=free, OA=open archive, CA=closed archive, TAMS=top-at-mark-start (previous, next)
|   0|0x0000000080000000, 0x0000000080100000, 0x0000000080100000|100%| O|  |TAMS 0x0000000080100000, 0x0000000080100000| Untracked 
|   1|0x0000000080100000, 0x0000000080200000, 0x0000000080200000|100%| O|  |TAMS 0x0000000080200000, 0x0000000080200000| Untracked 
|   2|0x0000000080200000, 0x0000000080300000, 0x0000000080300000|100%|HS|  |TAMS 0x0000000080300000, 0x0000000080300000| Complete 
|   3|0x0000000080300000, 0x0000000080400000, 0x0000000080400000|100%|HC|  |TAMS 0x0000000080400000, 0x0000000080400000| Complete 
|   4|0x0000000080400000, 0x0000000080500000, 0x0000000080500000|100%|HC|  |TAMS 0x0000000080500000, 0x0000000080500000| Complete 
|   5|0x0000000080500000, 0x0000000080600000, 0x0000000080600000|100%|HC|  |TAMS 0x0000000080600000, 0x0000000080600000| Complete 
|   6|0x0000000080600000, 0x0000000080700000, 0x0000000080700000|100%| O|  |TAMS 0x0000000080700000, 0x0000000080700000| Untracked 
|   7|0x0000000080700000, 0x0000000080800000, 0x0000000080800000|100%| O|  |TAMS 0x0000000080800000, 0x0000000080800000| Untracked 
|   8|0x0000000080800000, 0x0000000080900000, 0x0000000080900000|100%| O|  |TAMS 0x0000000080900000, 0x0000000080900000| Untracked 
|   9|0x0000000080900000, 0x0000000080a00000, 0x0000000080a00000|100%| O|  |TAMS 0x0000000080a00000, 0x0000000080a00000| Untracked 
|  10|0x0000000080a00000, 0x0000000080b00000, 0x0000000080b00000|100%| O|  |TAMS 0x0000000080b00000, 0x0000000080b00000| Untracked 
|  11|0x0000000080b00000, 0x0000000080bcf600, 0x0000000080c00000| 81%| O|  |TAMS 0x0000000080bcf600, 0x0000000080bcf600| Untracked 
|  12|0x0000000080c00000, 0x0000000080d00000, 0x0000000080d00000|100%| O|  |TAMS 0x0000000080d00000, 0x0000000080d00000| Untracked 
|  13|0x0000000080d00000, 0x0000000080e00000, 0x0000000080e00000|100%| O|  |TAMS 0x0000000080e00000, 0x0000000080e00000| Untracked 
|  14|0x0000000080e00000, 0x0000000080f00000, 0x0000000080f00000|100%| O|  |TAMS 0x0000000080f00000, 0x0000000080f00000| Untracked 
|  15|0x0000000080f00000, 0x0000000081000000, 0x0000000081000000|100%| O|  |TAMS 0x0000000081000000, 0x0000000081000000| Untracked 
|  16|0x0000000081000000, 0x0000000081100000, 0x0000000081100000|100%| O|  |TAMS 0x0000000081100000, 0x0000000081100000| Untracked 
|  17|0x0000000081100000, 0x0000000081200000, 0x0000000081200000|100%| O|  |TAMS 0x0000000081200000, 0x0000000081200000| Untracked 
|  18|0x0000000081200000, 0x0000000081300000, 0x0000000081300000|100%| O|  |TAMS 0x0000000081300000, 0x0000000081300000| Untracked 
|  19|0x0000000081300000, 0x0000000081400000, 0x0000000081400000|100%| O|  |TAMS 0x0000000081400000, 0x0000000081400000| Untracked 
|  20|0x0000000081400000, 0x0000000081500000, 0x0000000081500000|100%| O|  |TAMS 0x0000000081500000, 0x0000000081500000| Untracked 
|  21|0x0000000081500000, 0x0000000081600000, 0x0000000081600000|100%| O|  |TAMS 0x0000000081600000, 0x0000000081600000| Untracked 
|  22|0x0000000081600000, 0x0000000081600000, 0x0000000081700000|  0%| F|  |TAMS 0x0000000081600000, 0x0000000081600000| Untracked 
|  23|0x0000000081700000, 0x0000000081800000, 0x0000000081800000|100%| O|  |TAMS 0x0000000081800000, 0x0000000081800000| Untracked 
|  24|0x0000000081800000, 0x0000000081900000, 0x0000000081900000|100%| O|  |TAMS 0x0000000081900000, 0x0000000081900000| Untracked 
|  25|0x0000000081900000, 0x0000000081a00000, 0x0000000081a00000|100%| O|  |TAMS 0x0000000081a00000, 0x0000000081a00000| Untracked 
|  26|0x0000000081a00000, 0x0000000081b00000, 0x0000000081b00000|100%| O|  |TAMS 0x0000000081b00000, 0x0000000081b00000| Untracked 
|  27|0x0000000081b00000, 0x0000000081c00000, 0x0000000081c00000|100%| O|  |TAMS 0x0000000081c00000, 0x0000000081c00000| Untracked 
|  28|0x0000000081c00000, 0x0000000081d00000, 0x0000000081d00000|100%| O|  |TAMS 0x0000000081d00000, 0x0000000081d00000| Untracked 
|  29|0x0000000081d00000, 0x0000000081e00000, 0x0000000081e00000|100%| O|  |TAMS 0x0000000081e00000, 0x0000000081e00000| Untracked 
|  30|0x0000000081e00000, 0x0000000081f00000, 0x0000000081f00000|100%| O|  |TAMS 0x0000000081f00000, 0x0000000081f00000| Untracked 
|  31|0x0000000081f00000, 0x0000000082000000, 0x0000000082000000|100%| O|  |TAMS 0x0000000082000000, 0x0000000082000000| Untracked 
|  32|0x0000000082000000, 0x0000000082100000, 0x0000000082100000|100%| O|  |TAMS 0x0000000082100000, 0x0000000082100000| Untracked 
|  33|0x0000000082100000, 0x0000000082200000, 0x0000000082200000|100%| O|  |TAMS 0x0000000082200000, 0x0000000082200000| Untracked 
|  34|0x0000000082200000, 0x0000000082300000, 0x0000000082300000|100%| O|  |TAMS 0x0000000082300000, 0x0000000082300000| Untracked 
|  35|0x0000000082300000, 0x0000000082400000, 0x0000000082400000|100%| O|  |TAMS 0x0000000082400000, 0x0000000082400000| Untracked 
|  36|0x0000000082400000, 0x0000000082500000, 0x0000000082500000|100%| O|  |TAMS 0x0000000082500000, 0x0000000082500000| Untracked 
|  37|0x0000000082500000, 0x0000000082600000, 0x0000000082600000|100%| O|  |TAMS 0x0000000082600000, 0x0000000082600000| Untracked 
|  38|0x0000000082600000, 0x0000000082700000, 0x0000000082700000|100%| O|  |TAMS 0x0000000082700000, 0x0000000082700000| Untracked 
|  39|0x0000000082700000, 0x0000000082800000, 0x0000000082800000|100%|HS|  |TAMS 0x0000000082800000, 0x0000000082800000| Complete 
|  40|0x0000000082800000, 0x0000000082900000, 0x0000000082900000|100%|HS|  |TAMS 0x0000000082900000, 0x0000000082900000| Complete 
|  41|0x0000000082900000, 0x0000000082a00000, 0x0000000082a00000|100%|HS|  |TAMS 0x0000000082a00000, 0x0000000082a00000| Complete 
|  42|0x0000000082a00000, 0x0000000082b00000, 0x0000000082b00000|100%|HC|  |TAMS 0x0000000082b00000, 0x0000000082b00000| Complete 
|  43|0x0000000082b00000, 0x0000000082c00000, 0x0000000082c00000|100%|HS|  |TAMS 0x0000000082c00000, 0x0000000082c00000| Complete 
|  44|0x0000000082c00000, 0x0000000082d00000, 0x0000000082d00000|100%|HC|  |TAMS 0x0000000082d00000, 0x0000000082d00000| Complete 
|  45|0x0000000082d00000, 0x0000000082e00000, 0x0000000082e00000|100%|HS|  |TAMS 0x0000000082d00000, 0x0000000082e00000| Complete 
|  46|0x0000000082e00000, 0x0000000082f00000, 0x0000000082f00000|100%|HS|  |TAMS 0x0000000082e00000, 0x0000000082f00000| Complete 
|  47|0x0000000082f00000, 0x0000000083000000, 0x0000000083000000|100%|HC|  |TAMS 0x0000000082f00000, 0x0000000083000000| Complete 
|  48|0x0000000083000000, 0x0000000083100000, 0x0000000083100000|100%|HC|  |TAMS 0x0000000083000000, 0x0000000083100000| Complete 
|  49|0x0000000083100000, 0x0000000083200000, 0x0000000083200000|100%|HC|  |TAMS 0x0000000083100000, 0x0000000083200000| Complete 
|  50|0x0000000083200000, 0x0000000083300000, 0x0000000083300000|100%| O|  |TAMS 0x0000000083200000, 0x0000000083300000| Untracked 
|  51|0x0000000083300000, 0x0000000083400000, 0x0000000083400000|100%|HS|  |TAMS 0x0000000083300000, 0x0000000083400000| Complete 
|  52|0x0000000083400000, 0x0000000083500000, 0x0000000083500000|100%| O|  |TAMS 0x0000000083400000, 0x0000000083500000| Untracked 
|  53|0x0000000083500000, 0x0000000083600000, 0x0000000083600000|100%| O|  |TAMS 0x0000000083500000, 0x0000000083600000| Untracked 
|  54|0x0000000083600000, 0x0000000083700000, 0x0000000083700000|100%| O|  |TAMS 0x0000000083600000, 0x0000000083700000| Untracked 
|  55|0x0000000083700000, 0x0000000083800000, 0x0000000083800000|100%| O|  |TAMS 0x0000000083700000, 0x0000000083800000| Untracked 
|  56|0x0000000083800000, 0x0000000083900000, 0x0000000083900000|100%| O|  |TAMS 0x0000000083800000, 0x0000000083900000| Untracked 
|  57|0x0000000083900000, 0x0000000083a00000, 0x0000000083a00000|100%| O|  |TAMS 0x0000000083900000, 0x0000000083a00000| Untracked 
|  58|0x0000000083a00000, 0x0000000083a06e00, 0x0000000083b00000|  2%| O|  |TAMS 0x0000000083a00000, 0x0000000083a06e00| Untracked 
|  59|0x0000000083b00000, 0x0000000083b00000, 0x0000000083c00000|  0%| F|  |TAMS 0x0000000083b00000, 0x0000000083b00000| Untracked 
|  60|0x0000000083c00000, 0x0000000083c00000, 0x0000000083d00000|  0%| F|  |TAMS 0x0000000083c00000, 0x0000000083c00000| Untracked 
|  61|0x0000000083d00000, 0x0000000083d00000, 0x0000000083e00000|  0%| F|  |TAMS 0x0000000083d00000, 0x0000000083d00000| Untracked 
|  62|0x0000000083e00000, 0x0000000083e00000, 0x0000000083f00000|  0%| F|  |TAMS 0x0000000083e00000, 0x0000000083e00000| Untracked 
|  63|0x0000000083f00000, 0x0000000083f00000, 0x0000000084000000|  0%| F|  |TAMS 0x0000000083f00000, 0x0000000083f00000| Untracked 
|  64|0x0000000084000000, 0x0000000084000000, 0x0000000084100000|  0%| F|  |TAMS 0x0000000084000000, 0x0000000084000000| Untracked 
|  65|0x0000000084100000, 0x0000000084100000, 0x0000000084200000|  0%| F|  |TAMS 0x0000000084100000, 0x0000000084100000| Untracked 
|  66|0x0000000084200000, 0x0000000084200000, 0x0000000084300000|  0%| F|  |TAMS 0x0000000084200000, 0x0000000084200000| Untracked 
|  67|0x0000000084300000, 0x0000000084300000, 0x0000000084400000|  0%| F|  |TAMS 0x0000000084300000, 0x0000000084300000| Untracked 
|  68|0x0000000084400000, 0x0000000084400000, 0x0000000084500000|  0%| F|  |TAMS 0x0000000084400000, 0x0000000084400000| Untracked 
|  69|0x0000000084500000, 0x0000000084500000, 0x0000000084600000|  0%| F|  |TAMS 0x0000000084500000, 0x0000000084500000| Untracked 
|  70|0x0000000084600000, 0x0000000084600000, 0x0000000084700000|  0%| F|  |TAMS 0x0000000084600000, 0x0000000084600000| Untracked 
|  71|0x0000000084700000, 0x0000000084700000, 0x0000000084800000|  0%| F|  |TAMS 0x0000000084700000, 0x0000000084700000| Untracked 
|  72|0x0000000084800000, 0x0000000084800000, 0x0000000084900000|  0%| F|  |TAMS 0x0000000084800000, 0x0000000084800000| Untracked 
|  73|0x0000000084900000, 0x0000000084900000, 0x0000000084a00000|  0%| F|  |TAMS 0x0000000084900000, 0x0000000084900000| Untracked 
|  74|0x0000000084a00000, 0x0000000084a00000, 0x0000000084b00000|  0%| F|  |TAMS 0x0000000084a00000, 0x0000000084a00000| Untracked 
|  75|0x0000000084b00000, 0x0000000084b63018, 0x0000000084c00000| 38%| S|CS|TAMS 0x0000000084b00000, 0x0000000084b00000| Complete 
|  76|0x0000000084c00000, 0x0000000084c00000, 0x0000000084d00000|  0%| F|  |TAMS 0x0000000084c00000, 0x0000000084c00000| Untracked 
|  77|0x0000000084d00000, 0x0000000084d00000, 0x0000000084e00000|  0%| F|  |TAMS 0x0000000084d00000, 0x0000000084d00000| Untracked 
|  78|0x0000000084e00000, 0x0000000084e00000, 0x0000000084f00000|  0%| F|  |TAMS 0x0000000084e00000, 0x0000000084e00000| Untracked 
|  79|0x0000000084f00000, 0x0000000084f00000, 0x0000000085000000|  0%| F|  |TAMS 0x0000000084f00000, 0x0000000084f00000| Untracked 
|  80|0x0000000085000000, 0x0000000085000000, 0x0000000085100000|  0%| F|  |TAMS 0x0000000085000000, 0x0000000085000000| Untracked 
|  81|0x0000000085100000, 0x0000000085100000, 0x0000000085200000|  0%| F|  |TAMS 0x0000000085100000, 0x0000000085100000| Untracked 
|  82|0x0000000085200000, 0x0000000085200000, 0x0000000085300000|  0%| F|  |TAMS 0x0000000085200000, 0x0000000085200000| Untracked 
| 125|0x0000000087d00000, 0x0000000087d00000, 0x0000000087e00000|  0%| F|  |TAMS 0x0000000087d00000, 0x0000000087d00000| Untracked 

Card table byte_map: [0x000001dd615b0000,0x000001dd619b0000] _byte_map_base: 0x000001dd611b0000

Marking Bits (Prev, Next): (CMBitMap*) 0x000001dd4ed35d20, (CMBitMap*) 0x000001dd4ed35d60
 Prev Bits: [0x000001dd61db0000, 0x000001dd63db0000)
 Next Bits: [0x000001dd63db0000, 0x000001dd65db0000)

Polling page: 0x000001dd4e490000

Metaspace:

Usage:
  Non-class:     48.06 MB used.
      Class:      7.63 MB used.
       Both:     55.70 MB used.

Virtual space:
  Non-class space:       64.00 MB reserved,      48.31 MB ( 75%) committed,  1 nodes.
      Class space:        1.00 GB reserved,       7.94 MB ( <1%) committed,  1 nodes.
             Both:        1.06 GB reserved,      56.25 MB (  5%) committed. 

Chunk freelists:
   Non-Class:  14.89 MB
       Class:  8.11 MB
        Both:  23.00 MB

MaxMetaspaceSize: unlimited
CompressedClassSpaceSize: 1.00 GB
Initial GC threshold: 21.00 MB
Current GC threshold: 92.19 MB
CDS: off
MetaspaceReclaimPolicy: balanced
 - commit_granule_bytes: 65536.
 - commit_granule_words: 8192.
 - virtual_space_node_default_size: 8388608.
 - enlarge_chunks_in_place: 1.
 - new_chunks_are_fully_committed: 0.
 - uncommit_free_chunks: 1.
 - use_allocation_guard: 0.
 - handle_deallocations: 1.


Internal statistics:

num_allocs_failed_limit: 6.
num_arena_births: 636.
num_arena_deaths: 0.
num_vsnodes_births: 2.
num_vsnodes_deaths: 0.
num_space_committed: 900.
num_space_uncommitted: 0.
num_chunks_returned_to_freelist: 6.
num_chunks_taken_from_freelist: 2516.
num_chunk_merges: 6.
num_chunk_splits: 1681.
num_chunks_enlarged: 1136.
num_inconsistent_stats: 0.

CodeHeap 'non-profiled nmethods': size=120000Kb used=3216Kb max_used=3216Kb free=116783Kb
 bounds [0x000001dd59c80000, 0x000001dd59fb0000, 0x000001dd611b0000]
CodeHeap 'profiled nmethods': size=120000Kb used=12159Kb max_used=12159Kb free=107840Kb
 bounds [0x000001dd521b0000, 0x000001dd52d90000, 0x000001dd596e0000]
CodeHeap 'non-nmethods': size=5760Kb used=1623Kb max_used=1683Kb free=4136Kb
 bounds [0x000001dd596e0000, 0x000001dd59950000, 0x000001dd59c80000]
 total_blobs=7057 nmethods=6359 adapters=610
 compilation: enabled
              stopped_count=0, restarted_count=0
 full_count=0

Compilation events (20 events):
Event: 16.447 Thread 0x000001dd68468210 6393       3       sun.security.provider.SHA2::implCompress0 (490 bytes)
Event: 16.447 Thread 0x000001dd68468210 nmethod 6393 0x000001dd52d8af10 code [0x000001dd52d8b100, 0x000001dd52d8b9a8]
Event: 16.458 Thread 0x000001dd68468210 6394       3       java.util.concurrent.ConcurrentHashMap$ValuesView::iterator (34 bytes)
Event: 16.458 Thread 0x000001dd68468210 nmethod 6394 0x000001dd52d8be90 code [0x000001dd52d8c040, 0x000001dd52d8c268]
Event: 16.459 Thread 0x000001dd68468210 6395       3       java.lang.String::lastIndexOf (104 bytes)
Event: 16.459 Thread 0x000001dd68468210 nmethod 6395 0x000001dd52d8c390 code [0x000001dd52d8c5a0, 0x000001dd52d8cb08]
Event: 16.505 Thread 0x000001dd68468210 6396       3       com.google.common.collect.MapMakerInternalMap$StrongKeyWeakValueSegment::maybeDrainReferenceQueues (9 bytes)
Event: 16.505 Thread 0x000001dd68468210 nmethod 6396 0x000001dd52d8cd10 code [0x000001dd52d8cea0, 0x000001dd52d8d068]
Event: 16.505 Thread 0x000001dd68468210 6397       3       com.google.common.collect.MapMakerInternalMap$Segment::drainValueReferenceQueue (42 bytes)
Event: 16.506 Thread 0x000001dd68468210 nmethod 6397 0x000001dd52d8d110 code [0x000001dd52d8d300, 0x000001dd52d8d8b8]
Event: 16.506 Thread 0x000001dd68468210 6398       3       com.google.common.collect.MapMakerInternalMap$StrongKeyWeakValueEntry$Helper::setValue (14 bytes)
Event: 16.506 Thread 0x000001dd68468210 nmethod 6398 0x000001dd52d8db10 code [0x000001dd52d8dcc0, 0x000001dd52d8dfc8]
Event: 16.512 Thread 0x000001dd68468210 6399   !   3       org.gradle.internal.classloader.FilteringClassLoader::loadClass (62 bytes)
Event: 16.513 Thread 0x000001dd68468210 nmethod 6399 0x000001dd52d8e090 code [0x000001dd52d8e340, 0x000001dd52d8ef68]
Event: 16.523 Thread 0x000001dd68468210 6400       3       org.gradle.internal.classloader.TransformErrorHandler::getLastErrorAndClear (20 bytes)
Event: 16.523 Thread 0x000001dd68468210 nmethod 6400 0x000001dd52d8f410 code [0x000001dd52d8f5c0, 0x000001dd52d8f938]
Event: 16.526 Thread 0x000001dd68468210 6401       3       org.gradle.internal.classloader.TransformReplacer::ensureOpened (18 bytes)
Event: 16.526 Thread 0x000001dd68468210 nmethod 6401 0x000001dd52d8fa90 code [0x000001dd52d8fc40, 0x000001dd52d8fe68]
Event: 16.530 Thread 0x000001dd68468210 6402       1       org.gradle.internal.classloader.JarCompat::getJarFile (5 bytes)
Event: 16.531 Thread 0x000001dd68468210 nmethod 6402 0x000001dd59fa3e10 code [0x000001dd59fa3fa0, 0x000001dd59fa4078]

GC Heap History (20 events):
Event: 10.948 GC heap after
{Heap after GC invocations=13 (full 0):
 garbage-first heap   total 68608K, used 31141K [0x0000000080000000, 0x0000000100000000)
  region size 1024K, 4 young (4096K), 4 survivors (4096K)
 Metaspace       used 45362K, committed 45760K, reserved 1114112K
  class space    used 6026K, committed 6208K, reserved 1048576K
}
Event: 11.909 GC heap before
{Heap before GC invocations=13 (full 0):
 garbage-first heap   total 68608K, used 53669K [0x0000000080000000, 0x0000000100000000)
  region size 1024K, 26 young (26624K), 4 survivors (4096K)
 Metaspace       used 48009K, committed 48448K, reserved 1114112K
  class space    used 6445K, committed 6656K, reserved 1048576K
}
Event: 11.915 GC heap after
{Heap after GC invocations=14 (full 0):
 garbage-first heap   total 68608K, used 32201K [0x0000000080000000, 0x0000000100000000)
  region size 1024K, 3 young (3072K), 3 survivors (3072K)
 Metaspace       used 48009K, committed 48448K, reserved 1114112K
  class space    used 6445K, committed 6656K, reserved 1048576K
}
Event: 12.835 GC heap before
{Heap before GC invocations=14 (full 0):
 garbage-first heap   total 68608K, used 54729K [0x0000000080000000, 0x0000000100000000)
  region size 1024K, 25 young (25600K), 3 survivors (3072K)
 Metaspace       used 51087K, committed 51584K, reserved 1114112K
  class space    used 6939K, committed 7168K, reserved 1048576K
}
Event: 12.844 GC heap after
{Heap after GC invocations=15 (full 0):
 garbage-first heap   total 68608K, used 33445K [0x0000000080000000, 0x0000000100000000)
  region size 1024K, 3 young (3072K), 3 survivors (3072K)
 Metaspace       used 51087K, committed 51584K, reserved 1114112K
  class space    used 6939K, committed 7168K, reserved 1048576K
}
Event: 13.703 GC heap before
{Heap before GC invocations=15 (full 0):
 garbage-first heap   total 68608K, used 54949K [0x0000000080000000, 0x0000000100000000)
  region size 1024K, 24 young (24576K), 3 survivors (3072K)
 Metaspace       used 53615K, committed 54080K, reserved 1114112K
  class space    used 7353K, committed 7552K, reserved 1048576K
}
Event: 13.709 GC heap after
{Heap after GC invocations=16 (full 0):
 garbage-first heap   total 68608K, used 34678K [0x0000000080000000, 0x0000000100000000)
  region size 1024K, 3 young (3072K), 3 survivors (3072K)
 Metaspace       used 53615K, committed 54080K, reserved 1114112K
  class space    used 7353K, committed 7552K, reserved 1048576K
}
Event: 14.852 GC heap before
{Heap before GC invocations=17 (full 0):
 garbage-first heap   total 68608K, used 55158K [0x0000000080000000, 0x0000000100000000)
  region size 1024K, 23 young (23552K), 3 survivors (3072K)
 Metaspace       used 55447K, committed 55936K, reserved 1114112K
  class space    used 7615K, committed 7872K, reserved 1048576K
}
Event: 14.861 GC heap after
{Heap after GC invocations=18 (full 0):
 garbage-first heap   total 68608K, used 37048K [0x0000000080000000, 0x0000000100000000)
  region size 1024K, 3 young (3072K), 3 survivors (3072K)
 Metaspace       used 55447K, committed 55936K, reserved 1114112K
  class space    used 7615K, committed 7872K, reserved 1048576K
}
Event: 15.588 GC heap before
{Heap before GC invocations=18 (full 0):
 garbage-first heap   total 68608K, used 54456K [0x0000000080000000, 0x0000000100000000)
  region size 1024K, 21 young (21504K), 3 survivors (3072K)
 Metaspace       used 56050K, committed 56640K, reserved 1114112K
  class space    used 7665K, committed 7936K, reserved 1048576K
}
Event: 15.600 GC heap after
{Heap after GC invocations=19 (full 0):
 garbage-first heap   total 68608K, used 39837K [0x0000000080000000, 0x0000000100000000)
  region size 1024K, 3 young (3072K), 3 survivors (3072K)
 Metaspace       used 56050K, committed 56640K, reserved 1114112K
  class space    used 7665K, committed 7936K, reserved 1048576K
}
Event: 15.754 GC heap before
{Heap before GC invocations=20 (full 0):
 garbage-first heap   total 71680K, used 41885K [0x0000000080000000, 0x0000000100000000)
  region size 1024K, 6 young (6144K), 3 survivors (3072K)
 Metaspace       used 56098K, committed 56640K, reserved 1114112K
  class space    used 7669K, committed 7936K, reserved 1048576K
}
Event: 15.762 GC heap after
{Heap after GC invocations=21 (full 0):
 garbage-first heap   total 71680K, used 40128K [0x0000000080000000, 0x0000000100000000)
  region size 1024K, 1 young (1024K), 1 survivors (1024K)
 Metaspace       used 56098K, committed 56640K, reserved 1114112K
  class space    used 7669K, committed 7936K, reserved 1048576K
}
Event: 15.911 GC heap before
{Heap before GC invocations=22 (full 0):
 garbage-first heap   total 75776K, used 47296K [0x0000000080000000, 0x0000000100000000)
  region size 1024K, 4 young (4096K), 1 survivors (1024K)
 Metaspace       used 56150K, committed 56704K, reserved 1114112K
  class space    used 7679K, committed 7936K, reserved 1048576K
}
Event: 15.913 GC heap after
{Heap after GC invocations=23 (full 0):
 garbage-first heap   total 75776K, used 47659K [0x0000000080000000, 0x0000000100000000)
  region size 1024K, 2 young (2048K), 2 survivors (2048K)
 Metaspace       used 56150K, committed 56704K, reserved 1114112K
  class space    used 7679K, committed 7936K, reserved 1048576K
}
Event: 16.286 GC heap before
{Heap before GC invocations=24 (full 0):
 garbage-first heap   total 86016K, used 63019K [0x0000000080000000, 0x0000000100000000)
  region size 1024K, 11 young (11264K), 2 survivors (2048K)
 Metaspace       used 56321K, committed 56896K, reserved 1114112K
  class space    used 7706K, committed 8000K, reserved 1048576K
}
Event: 16.289 GC heap after
{Heap after GC invocations=25 (full 0):
 garbage-first heap   total 86016K, used 59001K [0x0000000080000000, 0x0000000100000000)
  region size 1024K, 2 young (2048K), 2 survivors (2048K)
 Metaspace       used 56321K, committed 56896K, reserved 1114112K
  class space    used 7706K, committed 8000K, reserved 1048576K
}
Event: 16.354 GC heap before
{Heap before GC invocations=25 (full 0):
 garbage-first heap   total 86016K, used 61049K [0x0000000080000000, 0x0000000100000000)
  region size 1024K, 4 young (4096K), 2 survivors (2048K)
 Metaspace       used 56503K, committed 57024K, reserved 1114112K
  class space    used 7737K, committed 8000K, reserved 1048576K
}
Event: 16.355 GC heap after
{Heap after GC invocations=26 (full 0):
 garbage-first heap   total 86016K, used 58280K [0x0000000080000000, 0x0000000100000000)
  region size 1024K, 1 young (1024K), 1 survivors (1024K)
 Metaspace       used 56503K, committed 57024K, reserved 1114112K
  class space    used 7737K, committed 8000K, reserved 1048576K
}
Event: 16.548 GC heap before
{Heap before GC invocations=26 (full 0):
 garbage-first heap   total 86016K, used 64424K [0x0000000080000000, 0x0000000100000000)
  region size 1024K, 8 young (8192K), 1 survivors (1024K)
 Metaspace       used 57031K, committed 57600K, reserved 1114112K
  class space    used 7817K, committed 8128K, reserved 1048576K
}

Dll operation events (3 events):
Event: 0.024 Loaded shared library C:\Program Files\Android\Android Studio\jbr\bin\java.dll
Event: 0.326 Loaded shared library C:\Program Files\Android\Android Studio\jbr\bin\zip.dll
Event: 0.928 Loaded shared library C:\Program Files\Android\Android Studio\jbr\bin\verify.dll

Deoptimization events (20 events):
Event: 16.231 Thread 0x000001dd6e7fdcd0 Uncommon trap: trap_request=0xffffffde fr.pc=0x000001dd59ed754c relative=0x000000000000636c
Event: 16.231 Thread 0x000001dd6e7fdcd0 Uncommon trap: reason=class_check action=maybe_recompile pc=0x000001dd59ed754c method=java.util.jar.JarFile.getManifestFromReference()Ljava/util/jar/Manifest; @ 152 c2
Event: 16.231 Thread 0x000001dd6e7fdcd0 DEOPT PACKING pc=0x000001dd59ed754c sp=0x00000079c20f6520
Event: 16.231 Thread 0x000001dd6e7fdcd0 DEOPT UNPACKING pc=0x000001dd597369a3 sp=0x00000079c20f6378 mode 2
Event: 16.448 Thread 0x000001dd6e7fdcd0 Uncommon trap: trap_request=0xffffffde fr.pc=0x000001dd59ed754c relative=0x000000000000636c
Event: 16.448 Thread 0x000001dd6e7fdcd0 Uncommon trap: reason=class_check action=maybe_recompile pc=0x000001dd59ed754c method=java.util.jar.JarFile.getManifestFromReference()Ljava/util/jar/Manifest; @ 152 c2
Event: 16.448 Thread 0x000001dd6e7fdcd0 DEOPT PACKING pc=0x000001dd59ed754c sp=0x00000079c20f6c50
Event: 16.448 Thread 0x000001dd6e7fdcd0 DEOPT UNPACKING pc=0x000001dd597369a3 sp=0x00000079c20f6aa8 mode 2
Event: 16.451 Thread 0x000001dd6e7fdcd0 Uncommon trap: trap_request=0xffffffde fr.pc=0x000001dd59e5b878 relative=0x0000000000000878
Event: 16.451 Thread 0x000001dd6e7fdcd0 Uncommon trap: reason=class_check action=maybe_recompile pc=0x000001dd59e5b878 method=java.io.BufferedInputStream.read1([BII)I @ 39 c2
Event: 16.452 Thread 0x000001dd6e7fdcd0 DEOPT PACKING pc=0x000001dd59e5b878 sp=0x00000079c20f6a80
Event: 16.452 Thread 0x000001dd6e7fdcd0 DEOPT UNPACKING pc=0x000001dd597369a3 sp=0x00000079c20f6998 mode 2
Event: 16.452 Thread 0x000001dd6e7fdcd0 Uncommon trap: trap_request=0xffffffde fr.pc=0x000001dd59e5b878 relative=0x0000000000000878
Event: 16.452 Thread 0x000001dd6e7fdcd0 Uncommon trap: reason=class_check action=maybe_recompile pc=0x000001dd59e5b878 method=java.io.BufferedInputStream.read1([BII)I @ 39 c2
Event: 16.452 Thread 0x000001dd6e7fdcd0 DEOPT PACKING pc=0x000001dd59e5b878 sp=0x00000079c20f6a80
Event: 16.452 Thread 0x000001dd6e7fdcd0 DEOPT UNPACKING pc=0x000001dd597369a3 sp=0x00000079c20f6998 mode 2
Event: 16.452 Thread 0x000001dd6e7fdcd0 Uncommon trap: trap_request=0xffffffde fr.pc=0x000001dd59e5b878 relative=0x0000000000000878
Event: 16.452 Thread 0x000001dd6e7fdcd0 Uncommon trap: reason=class_check action=maybe_recompile pc=0x000001dd59e5b878 method=java.io.BufferedInputStream.read1([BII)I @ 39 c2
Event: 16.452 Thread 0x000001dd6e7fdcd0 DEOPT PACKING pc=0x000001dd59e5b878 sp=0x00000079c20f6a80
Event: 16.452 Thread 0x000001dd6e7fdcd0 DEOPT UNPACKING pc=0x000001dd597369a3 sp=0x00000079c20f6998 mode 2

Classes unloaded (0 events):
No events

Classes redefined (0 events):
No events

Internal exceptions (20 events):
Event: 13.735 Thread 0x000001dd6e7fdcd0 Exception <a 'java/lang/NoSuchMethodError'{0x0000000087d8fd80}: 'void java.lang.invoke.DirectMethodHandle$Holder.invokeSpecial(java.lang.Object, java.lang.Object, java.lang.Object, int)'> (0x0000000087d8fd80) 
thrown [s\src\hotspot\share\interpreter\linkResolver.cpp, line 771]
Event: 13.943 Thread 0x000001dd6e7fdcd0 Exception <a 'java/lang/NoSuchMethodError'{0x0000000084d6e850}: 'int java.lang.invoke.DirectMethodHandle$Holder.invokeSpecialIFC(java.lang.Object, java.lang.Object, java.lang.Object)'> (0x0000000084d6e850) 
thrown [s\src\hotspot\share\interpreter\linkResolver.cpp, line 771]
Event: 14.081 Thread 0x000001dd6e7fdcd0 Exception <a 'java/lang/NoSuchMethodError'{0x000000008491d570}: 'java.lang.Object java.lang.invoke.DirectMethodHandle$Holder.newInvokeSpecial(java.lang.Object, java.lang.Object, java.lang.Object, java.lang.Object, java.lang.Object, int)'> (0x000000008491d570) 
thrown [s\src\hotspot\share\interpreter\linkResolver.cpp, line 771]
Event: 14.082 Thread 0x000001dd6e7fdcd0 Exception <a 'java/lang/NoSuchMethodError'{0x00000000849229c8}: 'java.lang.Object java.lang.invoke.DirectMethodHandle$Holder.invokeSpecial(java.lang.Object, java.lang.Object, java.lang.Object, java.lang.Object, java.lang.Object, java.lang.Object, int)'> (0x00000000849229c8) 
thrown [s\src\hotspot\share\interpreter\linkResolver.cpp, line 771]
Event: 14.089 Thread 0x000001dd6e7fdcd0 Exception <a 'java/lang/NoSuchMethodError'{0x0000000084958990}: 'java.lang.Object java.lang.invoke.DirectMethodHandle$Holder.invokeSpecial(java.lang.Object, java.lang.Object, java.lang.Object, java.lang.Object, java.lang.Object, long)'> (0x0000000084958990) 
thrown [s\src\hotspot\share\interpreter\linkResolver.cpp, line 771]
Event: 14.092 Thread 0x000001dd6e7fdcd0 Exception <a 'java/lang/NoSuchMethodError'{0x000000008497af38}: 'void java.lang.invoke.DirectMethodHandle$Holder.invokeStatic(java.lang.Object, java.lang.Object, java.lang.Object, int, java.lang.Object)'> (0x000000008497af38) 
thrown [s\src\hotspot\share\interpreter\linkResolver.cpp, line 771]
Event: 15.525 Thread 0x000001dd6e7fdcd0 Exception <a 'java/lang/NoSuchMethodError'{0x0000000083264c18}: 'long java.lang.invoke.DirectMethodHandle$Holder.invokeVirtual(java.lang.Object, java.lang.Object)'> (0x0000000083264c18) 
thrown [s\src\hotspot\share\interpreter\linkResolver.cpp, line 771]
Event: 15.535 Thread 0x000001dd6e7fd7c0 Exception <a 'java/lang/NoSuchMethodError'{0x00000000832bd4b0}: static Lorg/gradle/internal/build/event/types/DefaultOperationFinishedProgressEvent;.<clinit>()V> (0x00000000832bd4b0) 
thrown [s\src\hotspot\share\prims\jni.cpp, line 1108]
Event: 15.538 Thread 0x000001dd6e7fd7c0 Exception <a 'java/lang/NoSuchMethodError'{0x00000000832e7d40}: static Lorg/gradle/internal/build/event/types/DefaultProjectConfigurationSuccessResult;.<clinit>()V> (0x00000000832e7d40) 
thrown [s\src\hotspot\share\prims\jni.cpp, line 1108]
Event: 15.539 Thread 0x000001dd6e7fd7c0 Exception <a 'java/lang/NoSuchMethodError'{0x00000000832ec720}: static Lorg/gradle/internal/build/event/types/AbstractProjectConfigurationResult;.<clinit>()V> (0x00000000832ec720) 
thrown [s\src\hotspot\share\prims\jni.cpp, line 1108]
Event: 15.540 Thread 0x000001dd6e7fd7c0 Exception <a 'java/lang/NoSuchMethodError'{0x00000000832ede68}: static Lorg/gradle/internal/build/event/types/AbstractOperationResult;.<clinit>()V> (0x00000000832ede68) 
thrown [s\src\hotspot\share\prims\jni.cpp, line 1108]
Event: 15.540 Thread 0x000001dd6e7fd7c0 Exception <a 'java/lang/NoSuchMethodError'{0x00000000832ef2b8}: static Lorg/gradle/internal/build/event/types/AbstractResult;.<clinit>()V> (0x00000000832ef2b8) 
thrown [s\src\hotspot\share\prims\jni.cpp, line 1108]
Event: 15.546 Thread 0x000001dd6e7fd7c0 Exception <a 'java/lang/NoSuchMethodError'{0x00000000831080a8}: static Lorg/gradle/internal/build/event/types/DefaultPluginApplicationResult;.<clinit>()V> (0x00000000831080a8) 
thrown [s\src\hotspot\share\prims\jni.cpp, line 1108]
Event: 15.551 Thread 0x000001dd6e7fd7c0 Exception <a 'java/lang/NoSuchMethodError'{0x0000000083114ed8}: static Lorg/gradle/internal/build/event/types/DefaultBinaryPluginIdentifier;.<clinit>()V> (0x0000000083114ed8) 
thrown [s\src\hotspot\share\prims\jni.cpp, line 1108]
Event: 15.554 Thread 0x000001dd6e7fd7c0 Exception <a 'java/lang/NoSuchMethodError'{0x000000008312edb0}: static Lorg/gradle/internal/build/event/types/DefaultScriptPluginIdentifier;.<clinit>()V> (0x000000008312edb0) 
thrown [s\src\hotspot\share\prims\jni.cpp, line 1108]
Event: 15.722 Thread 0x000001dd6e7fdcd0 Implicit null exception at 0x000001dd59f14692 to 0x000001dd59f14d34
Event: 15.906 Thread 0x000001dd6e7fdcd0 Exception <a 'java/lang/NoSuchMethodError'{0x0000000084f7c038}: 'void java.lang.invoke.Invokers$Holder.invoke_MT(java.lang.Object, java.lang.Object, java.lang.Object, java.lang.Object)'> (0x0000000084f7c038) 
thrown [s\src\hotspot\share\interpreter\linkResolver.cpp, line 771]
Event: 16.206 Thread 0x000001dd6e7fdcd0 Exception <a 'java/lang/ClassNotFoundException'{0x0000000084bc11f8}: sun/misc/SharedSecrets> (0x0000000084bc11f8) 
thrown [s\src\hotspot\share\classfile\systemDictionary.cpp, line 256]
Event: 16.206 Thread 0x000001dd6e7fdcd0 Exception <a 'java/lang/ClassNotFoundException'{0x0000000084bc27d0}: org/gradle/api/internal/plugins/DefaultObjectConfigurationActionBeanInfo> (0x0000000084bc27d0) 
thrown [s\src\hotspot\share\classfile\systemDictionary.cpp, line 256]
Event: 16.208 Thread 0x000001dd6e7fdcd0 Exception <a 'java/lang/ClassNotFoundException'{0x0000000084bd9098}: org/gradle/api/internal/plugins/DefaultObjectConfigurationActionCustomizer> (0x0000000084bd9098) 
thrown [s\src\hotspot\share\classfile\systemDictionary.cpp, line 256]

VM Operations (20 events):
Event: 15.679 Executing VM operation: G1PauseRemark done
Event: 15.713 Executing VM operation: G1PauseCleanup
Event: 15.714 Executing VM operation: G1PauseCleanup done
Event: 15.754 Executing VM operation: G1TryInitiateConcMark
Event: 15.762 Executing VM operation: G1TryInitiateConcMark done
Event: 15.842 Executing VM operation: G1PauseRemark
Event: 15.846 Executing VM operation: G1PauseRemark done
Event: 15.884 Executing VM operation: G1PauseCleanup
Event: 15.885 Executing VM operation: G1PauseCleanup done
Event: 15.911 Executing VM operation: G1TryInitiateConcMark
Event: 15.914 Executing VM operation: G1TryInitiateConcMark done
Event: 15.992 Executing VM operation: G1PauseRemark
Event: 15.998 Executing VM operation: G1PauseRemark done
Event: 16.038 Executing VM operation: G1PauseCleanup
Event: 16.038 Executing VM operation: G1PauseCleanup done
Event: 16.286 Executing VM operation: G1CollectForAllocation
Event: 16.289 Executing VM operation: G1CollectForAllocation done
Event: 16.354 Executing VM operation: G1CollectForAllocation
Event: 16.355 Executing VM operation: G1CollectForAllocation done
Event: 16.548 Executing VM operation: G1CollectForAllocation

Events (20 events):
Event: 14.186 loading class java/util/Collections$2 done
Event: 14.432 loading class java/util/concurrent/LinkedBlockingDeque$Itr
Event: 14.433 loading class java/util/concurrent/LinkedBlockingDeque$AbstractItr
Event: 14.433 loading class java/util/concurrent/LinkedBlockingDeque$AbstractItr done
Event: 14.433 loading class java/util/concurrent/LinkedBlockingDeque$Itr done
Event: 14.752 loading class java/util/Collections$ReverseComparator
Event: 14.752 loading class java/util/Collections$ReverseComparator done
Event: 14.752 loading class java/util/Collections$ReverseComparator2
Event: 14.752 loading class java/util/Collections$ReverseComparator2 done
Event: 15.020 Thread 0x000001dd6f8e5a50 Thread added: 0x000001dd6f8e5a50
Event: 15.020 Thread 0x000001dd6f8e22a0 Thread added: 0x000001dd6f8e22a0
Event: 15.020 Thread 0x000001dd6f8e6470 Thread added: 0x000001dd6f8e6470
Event: 15.531 loading class java/util/stream/SortedOps$RefSortingSink
Event: 15.531 loading class java/util/stream/SortedOps$RefSortingSink done
Event: 15.552 loading class java/time/Ser
Event: 15.552 loading class java/time/Ser done
Event: 16.206 loading class sun/misc/SharedSecrets
Event: 16.206 loading class sun/misc/SharedSecrets done
Event: 16.210 loading class jdk/internal/reflect/UnsafeObjectFieldAccessorImpl
Event: 16.211 loading class jdk/internal/reflect/UnsafeObjectFieldAccessorImpl done


Dynamic libraries:
0x00007ff68f0e0000 - 0x00007ff68f0ea000 	C:\Program Files\Android\Android Studio\jbr\bin\java.exe
0x00007fff9f1b0000 - 0x00007fff9f3c7000 	C:\WINDOWS\SYSTEM32\ntdll.dll
0x00007fff9cf90000 - 0x00007fff9d054000 	C:\WINDOWS\System32\KERNEL32.DLL
0x00007fff9c4d0000 - 0x00007fff9c87b000 	C:\WINDOWS\System32\KERNELBASE.dll
0x00007fff9c880000 - 0x00007fff9c991000 	C:\WINDOWS\System32\ucrtbase.dll
0x00007fff81c90000 - 0x00007fff81cab000 	C:\Program Files\Android\Android Studio\jbr\bin\VCRUNTIME140.dll
0x00007fff76670000 - 0x00007fff76687000 	C:\Program Files\Android\Android Studio\jbr\bin\jli.dll
0x00007fff9e5a0000 - 0x00007fff9e74e000 	C:\WINDOWS\System32\USER32.dll
0x00007fff9cb10000 - 0x00007fff9cb36000 	C:\WINDOWS\System32\win32u.dll
0x00007fff9e890000 - 0x00007fff9e8b9000 	C:\WINDOWS\System32\GDI32.dll
0x00007fff9cc90000 - 0x00007fff9cda9000 	C:\WINDOWS\System32\gdi32full.dll
0x00007fff9cbf0000 - 0x00007fff9cc8a000 	C:\WINDOWS\System32\msvcp_win.dll
0x00007fff84250000 - 0x00007fff844e3000 	C:\WINDOWS\WinSxS\amd64_microsoft.windows.common-controls_6595b64144ccf1df_6.0.22621.3430_none_270fe68173859015\COMCTL32.dll
0x00007fff9ea80000 - 0x00007fff9eb27000 	C:\WINDOWS\System32\msvcrt.dll
0x00007fff9e750000 - 0x00007fff9e781000 	C:\WINDOWS\System32\IMM32.DLL
0x00007fff83dc0000 - 0x00007fff83dcc000 	C:\Program Files\Android\Android Studio\jbr\bin\vcruntime140_1.dll
0x00007fff214e0000 - 0x00007fff2156d000 	C:\Program Files\Android\Android Studio\jbr\bin\msvcp140.dll
0x00007fff043c0000 - 0x00007fff05043000 	C:\Program Files\Android\Android Studio\jbr\bin\server\jvm.dll
0x00007fff9eb30000 - 0x00007fff9ebe2000 	C:\WINDOWS\System32\ADVAPI32.dll
0x00007fff9d230000 - 0x00007fff9d2d8000 	C:\WINDOWS\System32\sechost.dll
0x00007fff9cbc0000 - 0x00007fff9cbe8000 	C:\WINDOWS\System32\bcrypt.dll
0x00007fff9d3d0000 - 0x00007fff9d4e5000 	C:\WINDOWS\System32\RPCRT4.dll
0x00007fff9b330000 - 0x00007fff9b37d000 	C:\WINDOWS\SYSTEM32\POWRPROF.dll
0x00007fff852f0000 - 0x00007fff852f9000 	C:\WINDOWS\SYSTEM32\WSOCK32.dll
0x00007fff9e000000 - 0x00007fff9e071000 	C:\WINDOWS\System32\WS2_32.dll
0x00007fff99fe0000 - 0x00007fff9a014000 	C:\WINDOWS\SYSTEM32\WINMM.dll
0x00007fff8c3c0000 - 0x00007fff8c3ca000 	C:\WINDOWS\SYSTEM32\VERSION.dll
0x00007fff9b310000 - 0x00007fff9b323000 	C:\WINDOWS\SYSTEM32\UMPDC.dll
0x00007fff9b530000 - 0x00007fff9b548000 	C:\WINDOWS\SYSTEM32\kernel.appcore.dll
0x00007fff91dc0000 - 0x00007fff91dca000 	C:\Program Files\Android\Android Studio\jbr\bin\jimage.dll
0x00007fff99c90000 - 0x00007fff99ec3000 	C:\WINDOWS\SYSTEM32\DBGHELP.DLL
0x00007fff9e110000 - 0x00007fff9e498000 	C:\WINDOWS\System32\combase.dll
0x00007fff9e4a0000 - 0x00007fff9e577000 	C:\WINDOWS\System32\OLEAUT32.dll
0x00007fff76110000 - 0x00007fff76142000 	C:\WINDOWS\SYSTEM32\dbgcore.DLL
0x00007fff9cb40000 - 0x00007fff9cbb9000 	C:\WINDOWS\System32\bcryptPrimitives.dll
0x00007fff87320000 - 0x00007fff8732e000 	C:\Program Files\Android\Android Studio\jbr\bin\instrument.dll
0x00007fff88610000 - 0x00007fff88635000 	C:\Program Files\Android\Android Studio\jbr\bin\java.dll
0x00007fff874d0000 - 0x00007fff874e8000 	C:\Program Files\Android\Android Studio\jbr\bin\zip.dll
0x00007fff9d580000 - 0x00007fff9dddb000 	C:\WINDOWS\System32\SHELL32.dll
0x00007fff9a3f0000 - 0x00007fff9ace4000 	C:\WINDOWS\SYSTEM32\windows.storage.dll
0x00007fff9a2b0000 - 0x00007fff9a3ee000 	C:\WINDOWS\SYSTEM32\wintypes.dll
0x00007fff9e790000 - 0x00007fff9e884000 	C:\WINDOWS\System32\SHCORE.dll
0x00007fff9d1d0000 - 0x00007fff9d22e000 	C:\WINDOWS\System32\shlwapi.dll
0x00007fff9c400000 - 0x00007fff9c421000 	C:\WINDOWS\SYSTEM32\profapi.dll
0x00007fff87230000 - 0x00007fff87249000 	C:\Program Files\Android\Android Studio\jbr\bin\net.dll
0x00007fff97f90000 - 0x00007fff980c6000 	C:\WINDOWS\SYSTEM32\WINHTTP.dll
0x00007fff9ba30000 - 0x00007fff9ba99000 	C:\WINDOWS\system32\mswsock.dll
0x00007fff87210000 - 0x00007fff87226000 	C:\Program Files\Android\Android Studio\jbr\bin\nio.dll
0x00007fff87410000 - 0x00007fff87420000 	C:\Program Files\Android\Android Studio\jbr\bin\verify.dll
0x00007fff80d60000 - 0x00007fff80d87000 	C:\Users\johna\.gradle\native\c067742578af261105cb4f569cf0c3c89f3d7b1fecec35dd04571415982c5e48\windows-amd64\native-platform.dll
0x00007ffef02c0000 - 0x00007ffef0404000 	C:\Users\johna\.gradle\native\38dada09dfb8b06ba9b0570ebf7e218e3eb74d4ef43ca46872605cf95ebc2f47\windows-amd64\native-platform-file-events.dll
0x00007fff88650000 - 0x00007fff88659000 	C:\Program Files\Android\Android Studio\jbr\bin\management.dll
0x00007fff874c0000 - 0x00007fff874cb000 	C:\Program Files\Android\Android Studio\jbr\bin\management_ext.dll
0x00007fff9ea70000 - 0x00007fff9ea78000 	C:\WINDOWS\System32\PSAPI.DLL
0x00007fff9bcb0000 - 0x00007fff9bccb000 	C:\WINDOWS\SYSTEM32\CRYPTSP.dll
0x00007fff9b550000 - 0x00007fff9b585000 	C:\WINDOWS\system32\rsaenh.dll
0x00007fff9bb10000 - 0x00007fff9bb38000 	C:\WINDOWS\SYSTEM32\USERENV.dll
0x00007fff9bcd0000 - 0x00007fff9bcdc000 	C:\WINDOWS\SYSTEM32\CRYPTBASE.dll
0x00007fff9b050000 - 0x00007fff9b07d000 	C:\WINDOWS\SYSTEM32\IPHLPAPI.DLL
0x00007fff9dff0000 - 0x00007fff9dff9000 	C:\WINDOWS\System32\NSI.dll
0x00007fff924c0000 - 0x00007fff924d9000 	C:\WINDOWS\SYSTEM32\dhcpcsvc6.DLL
0x00007fff92270000 - 0x00007fff9228f000 	C:\WINDOWS\SYSTEM32\dhcpcsvc.DLL
0x00007fff9b080000 - 0x00007fff9b179000 	C:\WINDOWS\SYSTEM32\DNSAPI.dll
0x00007fff88710000 - 0x00007fff88718000 	C:\WINDOWS\system32\wshunix.dll

dbghelp: loaded successfully - version: 4.0.5 - missing functions: none
symbol engine: initialized successfully - sym options: 0x614 - pdb path: .;C:\Program Files\Android\Android Studio\jbr\bin;C:\WINDOWS\SYSTEM32;C:\WINDOWS\WinSxS\amd64_microsoft.windows.common-controls_6595b64144ccf1df_6.0.22621.3430_none_270fe68173859015;C:\Program Files\Android\Android Studio\jbr\bin\server;C:\Users\johna\.gradle\native\c067742578af261105cb4f569cf0c3c89f3d7b1fecec35dd04571415982c5e48\windows-amd64;C:\Users\johna\.gradle\native\38dada09dfb8b06ba9b0570ebf7e218e3eb74d4ef43ca46872605cf95ebc2f47\windows-amd64

VM Arguments:
jvm_args: --add-opens=java.base/java.util=ALL-UNNAMED --add-opens=java.base/java.lang=ALL-UNNAMED --add-opens=java.base/java.lang.invoke=ALL-UNNAMED --add-opens=java.prefs/java.util.prefs=ALL-UNNAMED --add-opens=java.base/java.nio.charset=ALL-UNNAMED --add-opens=java.base/java.net=ALL-UNNAMED --add-opens=java.base/java.util.concurrent.atomic=ALL-UNNAMED -Xmx2048m -Dfile.encoding=UTF-8 -Duser.country=MX -Duser.language=es -Duser.variant -javaagent:C:\Users\johna\.gradle\wrapper\dists\gradle-8.4-bin\1w5dpkrfk8irigvoxmyhowfim\gradle-8.4\lib\agents\gradle-instrumentation-agent-8.4.jar 
java_command: org.gradle.launcher.daemon.bootstrap.GradleDaemon 8.4
java_class_path (initial): C:\Users\johna\.gradle\wrapper\dists\gradle-8.4-bin\1w5dpkrfk8irigvoxmyhowfim\gradle-8.4\lib\gradle-launcher-8.4.jar
Launcher Type: SUN_STANDARD

[Global flags]
     intx CICompilerCount                          = 3                                         {product} {ergonomic}
     uint ConcGCThreads                            = 1                                         {product} {ergonomic}
     uint G1ConcRefinementThreads                  = 4                                         {product} {ergonomic}
   size_t G1HeapRegionSize                         = 1048576                                   {product} {ergonomic}
    uintx GCDrainStackTargetSize                   = 64                                        {product} {ergonomic}
   size_t InitialHeapSize                          = 132120576                                 {product} {ergonomic}
   size_t MarkStackSize                            = 4194304                                   {product} {ergonomic}
   size_t MaxHeapSize                              = 2147483648                                {product} {command line}
   size_t MaxNewSize                               = 1287651328                                {product} {ergonomic}
   size_t MinHeapDeltaBytes                        = 1048576                                   {product} {ergonomic}
   size_t MinHeapSize                              = 8388608                                   {product} {ergonomic}
    uintx NonNMethodCodeHeapSize                   = 5832780                                {pd product} {ergonomic}
    uintx NonProfiledCodeHeapSize                  = 122912730                              {pd product} {ergonomic}
    uintx ProfiledCodeHeapSize                     = 122912730                              {pd product} {ergonomic}
    uintx ReservedCodeCacheSize                    = 251658240                              {pd product} {ergonomic}
     bool SegmentedCodeCache                       = true                                      {product} {ergonomic}
   size_t SoftMaxHeapSize                          = 2147483648                             {manageable} {ergonomic}
     bool UseCompressedClassPointers               = true                           {product lp64_product} {ergonomic}
     bool UseCompressedOops                        = true                           {product lp64_product} {ergonomic}
     bool UseG1GC                                  = true                                      {product} {ergonomic}
     bool UseLargePagesIndividualAllocation        = false                                  {pd product} {ergonomic}

Logging:
Log output configuration:
 #0: stdout all=warning uptime,level,tags
 #1: stderr all=off uptime,level,tags

Environment Variables:
PATH=C:\Program Files\Common Files\Oracle\Java\javapath;C:\Windows\System32\HWAudioDriverLibs;C:\WINDOWS\system32;C:\WINDOWS;C:\WINDOWS\System32\Wbem;C:\WINDOWS\System32\WindowsPowerShell\v1.0\;C:\WINDOWS\System32\OpenSSH\;C:\WINDOWS\system32\config\systemprofile\AppData\Local\Microsoft\WindowsApps;C:\Program Files\nodejs\;C:\ProgramData\chocolatey\bin;C:\WINDOWS\system32;C:\WINDOWS;C:\WINDOWS\System32\Wbem;C:\WINDOWS\System32\WindowsPowerShell\v1.0\;C:\WINDOWS\System32\OpenSSH\;C:\Desarrollo\php;C:\ProgramData\ComposerSetup\bin;C:\Program Files\Git\cmd;C:\Users\johna\AppData\Local\Microsoft\WindowsApps;C:\Users\johna\AppData\Local\Programs\Microsoft VS Code\bin;C:\Users\johna\AppData\Roaming\npm;C:\Users\johna\AppData\Roaming\Composer\vendor\bin;C:\Users\johna\AppData\Local\packer_1.8.7
USERNAME=johna
OS=Windows_NT
PROCESSOR_IDENTIFIER=Intel64 Family 6 Model 142 Stepping 12, GenuineIntel
TMP=C:\Users\johna\AppData\Local\Temp
TEMP=C:\Users\johna\AppData\Local\Temp



Periodic native trim disabled

JNI global refs:
JNI global refs: 25, weak refs: 1

JNI global refs memory usage: 843, weak refs: 841

OOME stack traces (most recent first):
Classloader memory used:
Loader org.gradle.internal.classloader.VisitableURLClassLoader                         : 3429K
Loader bootstrap                                                                       : 2441K
Loader org.gradle.initialization.MixInLegacyTypesClassLoader                           : 1045K
Loader org.gradle.internal.classloader.VisitableURLClassLoader$InstrumentingVisitableURLClassLoader: 91474B
Loader jdk.internal.loader.ClassLoaders$PlatformClassLoader                            : 69064B
Loader jdk.internal.loader.ClassLoaders$AppClassLoader                                 : 28453B
Loader jdk.internal.reflect.DelegatingClassLoader                                      : 20888B
Loader org.gradle.internal.classloader.VisitableURLClassLoader                         : 8099B

Classes loaded by more than one classloader:
Class Program                                                                         : loaded 4 times (x 72B)
Class com.google.common.collect.SingletonImmutableList                                : loaded 2 times (x 167B)
Class org.gradle.internal.classpath.ClassPath                                         : loaded 2 times (x 68B)
Class org.gradle.api.internal.classpath.DefaultModuleRegistry                         : loaded 2 times (x 84B)
Class Settings_gradle$1$1                                                             : loaded 2 times (x 72B)
Class com.google.common.base.CharMatcher$JavaDigit                                    : loaded 2 times (x 109B)
Class com.google.common.base.CharMatcher$Digit                                        : loaded 2 times (x 110B)
Class org.gradle.api.Action                                                           : loaded 2 times (x 68B)
Class com.google.common.collect.Lists$StringAsImmutableList                           : loaded 2 times (x 167B)
Class com.google.common.base.CharMatcher                                              : loaded 2 times (x 109B)
Class com.google.common.base.CharMatcher$IsNot                                        : loaded 2 times (x 109B)
Class com.google.common.base.Splitter                                                 : loaded 2 times (x 70B)
Class org.gradle.api.internal.DefaultClassPathProvider                                : loaded 2 times (x 74B)
Class org.gradle.internal.installation.GradleInstallation$1                           : loaded 2 times (x 73B)
Class com.google.common.base.CharMatcher$BitSetMatcher                                : loaded 2 times (x 110B)
Class com.google.common.base.Predicate                                                : loaded 2 times (x 68B)
Class org.gradle.internal.classloader.FilteringClassLoader                            : loaded 2 times (x 103B)
Class org.gradle.internal.classpath.DefaultClassPath$ImmutableUniqueList$Builder      : loaded 2 times (x 73B)
Class com.google.common.base.CharMatcher$InRange                                      : loaded 2 times (x 109B)
Class com.google.common.collect.Lists                                                 : loaded 2 times (x 69B)
Class org.gradle.internal.classloader.ClassLoaderVisitor                              : loaded 2 times (x 74B)
Class org.gradle.internal.service.DefaultServiceLocator                               : loaded 2 times (x 81B)
Class org.gradle.internal.service.UnknownServiceException                             : loaded 2 times (x 81B)
Class org.gradle.internal.classloader.DefaultClassLoaderFactory                       : loaded 2 times (x 80B)
Class com.google.common.collect.UnmodifiableIterator                                  : loaded 2 times (x 78B)
Class com.google.common.base.CharMatcher$SingleWidth                                  : loaded 2 times (x 110B)
Class com.google.common.base.JdkPattern                                               : loaded 2 times (x 73B)
Class org.gradle.internal.classloader.VisitableURLClassLoader$Spec                    : loaded 2 times (x 72B)
Class org.gradle.api.GradleException                                                  : loaded 2 times (x 80B)
Class com.google.common.base.CharMatcher$JavaLetterOrDigit                            : loaded 2 times (x 109B)
Class org.gradle.api.internal.classpath.ModuleRegistry                                : loaded 2 times (x 68B)
Class com.google.common.collect.ImmutableCollection                                   : loaded 2 times (x 123B)
Class org.gradle.api.internal.ClassPathProvider                                       : loaded 2 times (x 68B)
Class org.gradle.internal.classloader.ClasspathUtil$1                                 : loaded 2 times (x 74B)
Class com.google.common.collect.ImmutableList$ReverseImmutableList                    : loaded 2 times (x 168B)
Class org.gradle.internal.classloader.ClassLoaderFactory                              : loaded 2 times (x 68B)
Class com.google.common.collect.ObjectArrays                                          : loaded 2 times (x 69B)
Class com.google.common.collect.ImmutableList                                         : loaded 2 times (x 166B)
Class org.gradle.api.internal.classpath.ManifestUtil                                  : loaded 2 times (x 69B)
Class org.gradle.api.specs.Spec                                                       : loaded 2 times (x 68B)
Class com.google.common.base.CharMatcher$Whitespace                                   : loaded 2 times (x 110B)
Class com.google.common.base.Preconditions                                            : loaded 2 times (x 69B)
Class org.gradle.internal.IoActions                                                   : loaded 2 times (x 69B)
Class com.google.common.collect.CollectPreconditions                                  : loaded 2 times (x 69B)
Class com.google.common.collect.AbstractIndexedListIterator                           : loaded 2 times (x 94B)
Class com.google.common.base.CharMatcher$None                                         : loaded 2 times (x 110B)
Class org.gradle.api.internal.classpath.EffectiveClassPath                            : loaded 2 times (x 88B)
Class com.google.common.collect.UnmodifiableListIterator                              : loaded 2 times (x 93B)
Class com.google.common.collect.ImmutableList$1                                       : loaded 2 times (x 95B)
Class com.google.common.base.Splitter$Strategy                                        : loaded 2 times (x 68B)
Class org.gradle.internal.installation.CurrentGradleInstallation                      : loaded 2 times (x 71B)
Class org.gradle.internal.agents.InstrumentingClassLoader                             : loaded 2 times (x 68B)
Class org.gradle.internal.installation.CurrentGradleInstallationLocator               : loaded 2 times (x 69B)
Class org.gradle.api.internal.classpath.Module                                        : loaded 2 times (x 68B)
Class com.google.common.base.Splitter$1$1                                             : loaded 2 times (x 84B)
Class org.gradle.internal.service.CachingServiceLocator                               : loaded 2 times (x 80B)
Class org.gradle.internal.classpath.DefaultClassPath                                  : loaded 2 times (x 88B)
Class com.google.common.base.Splitter$SplittingIterator                               : loaded 2 times (x 82B)
Class Build_gradle$1                                                                  : loaded 2 times (x 76B)
Class com.google.common.base.CharMatcher$Is                                           : loaded 2 times (x 109B)
Class com.google.common.collect.RegularImmutableAsList                                : loaded 2 times (x 176B)
Class org.gradle.internal.classloader.SystemClassLoaderSpec                           : loaded 2 times (x 69B)
Class [Lcom.google.common.base.AbstractIterator$State;                                : loaded 2 times (x 67B)
Class com.google.common.base.AbstractIterator                                         : loaded 2 times (x 78B)
Class com.google.common.base.AbstractIterator$1                                       : loaded 2 times (x 69B)
Class com.google.common.base.CharMatcher$1                                            : loaded 2 times (x 111B)
Class com.google.common.base.CharMatcher$Ascii                                        : loaded 2 times (x 110B)
Class org.gradle.api.UncheckedIOException                                             : loaded 2 times (x 80B)
Class com.google.common.base.CharMatcher$And                                          : loaded 2 times (x 110B)
Class com.google.common.base.CharMatcher$Any                                          : loaded 2 times (x 110B)
Class org.gradle.internal.installation.GradleInstallation                             : loaded 2 times (x 73B)
Class com.google.common.base.CharMatcher$RangesMatcher                                : loaded 2 times (x 110B)
Class com.google.common.collect.ImmutableList$SubList                                 : loaded 2 times (x 168B)
Class org.gradle.internal.classloader.ClasspathUtil                                   : loaded 2 times (x 69B)
Class com.google.common.base.Splitter$1                                               : loaded 2 times (x 75B)
Class org.gradle.api.internal.DefaultClassPathRegistry                                : loaded 2 times (x 74B)
Class org.gradle.api.internal.classpath.DefaultModuleRegistry$DefaultModule           : loaded 2 times (x 84B)
Class com.google.common.base.CharMatcher$JavaIsoControl                               : loaded 2 times (x 110B)
Class com.google.common.base.CharMatcher$Or                                           : loaded 2 times (x 110B)
Class org.gradle.kotlin.dsl.VersionCatalogAccessorsKt                                 : loaded 2 times (x 69B)
Class com.google.common.base.CharMatcher$JavaLowerCase                                : loaded 2 times (x 109B)
Class org.gradle.api.internal.classpath.UnknownModuleException                        : loaded 2 times (x 80B)
Class com.google.common.base.CommonPattern                                            : loaded 2 times (x 72B)
Class org.gradle.internal.service.ServiceLookupException                              : loaded 2 times (x 80B)
Class org.gradle.cache.GlobalCache                                                    : loaded 2 times (x 68B)
Class com.google.common.base.CharMatcher$NegatedFastMatcher                           : loaded 2 times (x 111B)
Class [Lorg.gradle.api.internal.ClassPathProvider;                                    : loaded 2 times (x 67B)
Class org.gradle.util.internal.GUtil                                                  : loaded 2 times (x 69B)
Class org.gradle.internal.classloader.ClassLoaderSpec                                 : loaded 2 times (x 69B)
Class com.google.common.base.NullnessCasts                                            : loaded 2 times (x 69B)
Class com.google.common.base.CharMatcher$Negated                                      : loaded 2 times (x 111B)
Class com.google.common.base.CharMatcher$ForPredicate                                 : loaded 2 times (x 110B)
Class org.gradle.internal.classloader.VisitableURLClassLoader                         : loaded 2 times (x 115B)
Class org.gradle.internal.Cast                                                        : loaded 2 times (x 69B)
Class Build_gradle                                                                    : loaded 2 times (x 70B)
Class org.gradle.api.internal.ClassPathRegistry                                       : loaded 2 times (x 68B)
Class org.gradle.internal.classloader.VisitableURLClassLoader$InstrumentingVisitableURLClassLoader: loaded 2 times (x 121B)
Class org.gradle.internal.classloader.ClassLoaderHierarchy                            : loaded 2 times (x 68B)
Class com.google.common.base.AbstractIterator$State                                   : loaded 2 times (x 77B)
Class com.google.common.base.CharMatcher$NamedFastMatcher                             : loaded 2 times (x 110B)
Class org.gradle.internal.InternalTransformer                                         : loaded 2 times (x 68B)
Class org.gradle.internal.service.ServiceLocator                                      : loaded 2 times (x 68B)
Class Settings_gradle$1                                                               : loaded 2 times (x 72B)
Class com.google.common.base.CharMatcher$Invisible                                    : loaded 2 times (x 110B)
Class com.google.common.base.CharMatcher$FastMatcher                                  : loaded 2 times (x 109B)
Class org.gradle.internal.classpath.DefaultClassPath$ImmutableUniqueList              : loaded 2 times (x 159B)
Class com.google.common.base.CharMatcher$JavaLetter                                   : loaded 2 times (x 109B)
Class org.gradle.internal.classpath.TransformedClassPath                              : loaded 2 times (x 94B)
Class Settings_gradle                                                                 : loaded 2 times (x 126B)
Class com.google.common.collect.ImmutableAsList                                       : loaded 2 times (x 169B)
Class com.google.common.base.CharMatcher$AnyOf                                        : loaded 2 times (x 110B)
Class com.google.common.base.CharMatcher$IsEither                                     : loaded 2 times (x 109B)
Class com.google.common.collect.RegularImmutableList                                  : loaded 2 times (x 172B)
Class com.google.common.base.CharMatcher$JavaUpperCase                                : loaded 2 times (x 109B)


---------------  S Y S T E M  ---------------

OS:
 Windows 11 , 64 bit Build 22621 (10.0.22621.3430)
OS uptime: 0 days 9:37 hours
Hyper-V role detected

CPU: total 4 (initial active 4) (2 cores per cpu, 2 threads per core) family 6 model 142 stepping 12 microcode 0xde, cx8, cmov, fxsr, ht, mmx, 3dnowpref, sse, sse2, sse3, ssse3, sse4.1, sse4.2, popcnt, lzcnt, tsc, tscinvbit, avx, avx2, aes, erms, clmul, bmi1, bmi2, adx, fma, vzeroupper, clflush, clflushopt, hv
Processor Information for all 4 processors :
  Max Mhz: 2592, Current Mhz: 2592, Mhz Limit: 2073

Memory: 4k page, system-wide physical 8025M (153M free)
TotalPageFile size 21191M (AvailPageFile size 18M)
current process WorkingSet (physical memory assigned to process): 236M, peak: 236M
current process commit charge ("private bytes"): 276M, peak: 310M

vm_info: OpenJDK 64-Bit Server VM (17.0.9+0--11185874) for windows-amd64 JRE (17.0.9+0--11185874), built on Dec  6 2023 18:57:44 by "androidbuild" with MS VC++ 16.10 / 16.11 (VS2019)

END.
