#
# There is insufficient memory for the Java Runtime Environment to continue.
# Native memory allocation (malloc) failed to allocate 262160 bytes for Chunk::new
# Possible reasons:
#   The system is out of physical RAM or swap space
#   The process is running with CompressedOops enabled, and the Java Heap may be blocking the growth of the native heap
# Possible solutions:
#   Reduce memory load on the system
#   Increase physical memory or swap space
#   Check if swap backing store is full
#   Decrease Java heap size (-Xmx/-Xms)
#   Decrease number of Java threads
#   Decrease Java thread stack sizes (-Xss)
#   Set larger code cache with -XX:ReservedCodeCacheSize=
#   JVM is running with Unscaled Compressed Oops mode in which the Java heap is
#     placed in the first 4GB address space. The Java Heap base address is the
#     maximum limit for the native heap growth. Please use -XX:HeapBaseMinAddress
#     to set the Java Heap base and to place the Java Heap above 4GB virtual address.
# This output file may be truncated or incomplete.
#
#  Out of Memory Error (arena.cpp:191), pid=6416, tid=11012
#
# JRE version: OpenJDK Runtime Environment (17.0.9) (build 17.0.9+0--11185874)
# Java VM: OpenJDK 64-Bit Server VM (17.0.9+0--11185874, mixed mode, tiered, compressed oops, compressed class ptrs, g1 gc, windows-amd64)
# No core dump will be written. Minidumps are not enabled by default on client versions of Windows
#

---------------  S U M M A R Y ------------

Command Line: --add-opens=java.base/java.util=ALL-UNNAMED --add-opens=java.base/java.lang=ALL-UNNAMED --add-opens=java.base/java.lang.invoke=ALL-UNNAMED --add-opens=java.prefs/java.util.prefs=ALL-UNNAMED --add-opens=java.base/java.nio.charset=ALL-UNNAMED --add-opens=java.base/java.net=ALL-UNNAMED --add-opens=java.base/java.util.concurrent.atomic=ALL-UNNAMED -Xmx2048m -Dfile.encoding=UTF-8 -Duser.country=MX -Duser.language=es -Duser.variant -javaagent:C:\Users\johna\.gradle\wrapper\dists\gradle-8.4-bin\1w5dpkrfk8irigvoxmyhowfim\gradle-8.4\lib\agents\gradle-instrumentation-agent-8.4.jar org.gradle.launcher.daemon.bootstrap.GradleDaemon 8.4

Host: Intel(R) Core(TM) i3-10110U CPU @ 2.10GHz, 4 cores, 7G,  Windows 11 , 64 bit Build 22621 (10.0.22621.3430)
Time: Sat Apr 13 15:57:11 2024 Hora est. Pacífico, Sudamérica elapsed time: 31.472057 seconds (0d 0h 0m 31s)

---------------  T H R E A D  ---------------

Current thread (0x000001e1fcfd66d0):  JavaThread "C2 CompilerThread0" daemon [_thread_in_native, id=11012, stack(0x000000a732000000,0x000000a732100000)]


Current CompileTask:
C2:  31472 4544   !   4       java.net.URLClassLoader::findClass (47 bytes)

Stack: [0x000000a732000000,0x000000a732100000]
Native frames: (J=compiled Java code, j=interpreted, Vv=VM code, C=native code)
V  [jvm.dll+0x6886e9]
V  [jvm.dll+0x841e4a]
V  [jvm.dll+0x843a8e]
V  [jvm.dll+0x8440f3]
V  [jvm.dll+0x24c14f]
V  [jvm.dll+0xac44c]
V  [jvm.dll+0xaca9c]
V  [jvm.dll+0xac55b]
V  [jvm.dll+0x665a6c]
V  [jvm.dll+0x225079]
V  [jvm.dll+0x6ab981]
V  [jvm.dll+0x21cef9]
V  [jvm.dll+0x1a674d]
V  [jvm.dll+0x22d088]
V  [jvm.dll+0x22b1c0]
V  [jvm.dll+0x7f62f7]
V  [jvm.dll+0x7f06aa]
V  [jvm.dll+0x687565]
C  [ucrtbase.dll+0x29333]
C  [KERNEL32.DLL+0x1257d]
C  [ntdll.dll+0x5aa48]


---------------  P R O C E S S  ---------------

Threads class SMR info:
_java_thread_list=0x000001e1ff596e00, length=39, elements={
0x000001e1f287b270, 0x000001e1fcfb3020, 0x000001e1fcfb4450, 0x000001e1fce728e0,
0x000001e1fce733b0, 0x000001e1fcfd5020, 0x000001e1fcfd59e0, 0x000001e1fcfd66d0,
0x000001e1fcfe18a0, 0x000001e1fd026240, 0x000001e1fcde2450, 0x000001e1fd1dc2d0,
0x000001e1fe8f5a60, 0x000001e1fd617900, 0x000001e1fd5331f0, 0x000001e1feb79430,
0x000001e1fe0520c0, 0x000001e1fd12d470, 0x000001e1fd12ca50, 0x000001e1fd12c540,
0x000001e1fd12cf60, 0x000001e1fd12c030, 0x000001e1fee252b0, 0x000001e1fee29990,
0x000001e1fee25cd0, 0x000001e1fee266f0, 0x000001e1fee26c00, 0x000001e1fee28550,
0x000001e1fee257c0, 0x000001e1fee23960, 0x000001e1fee261e0, 0x000001e1fee28a60,
0x000001e1fee2a3b0, 0x000001e1fee27110, 0x000001e1fee29480, 0x000001e1fee27b30,
0x000001e1fee28040, 0x000001e1fee29ea0, 0x000001e1fee2a8c0
}

Java Threads: ( => current thread )
  0x000001e1f287b270 JavaThread "main" [_thread_blocked, id=8668, stack(0x000000a731300000,0x000000a731400000)]
  0x000001e1fcfb3020 JavaThread "Reference Handler" daemon [_thread_blocked, id=9684, stack(0x000000a731a00000,0x000000a731b00000)]
  0x000001e1fcfb4450 JavaThread "Finalizer" daemon [_thread_blocked, id=84, stack(0x000000a731b00000,0x000000a731c00000)]
  0x000001e1fce728e0 JavaThread "Signal Dispatcher" daemon [_thread_blocked, id=12828, stack(0x000000a731c00000,0x000000a731d00000)]
  0x000001e1fce733b0 JavaThread "Attach Listener" daemon [_thread_blocked, id=5740, stack(0x000000a731d00000,0x000000a731e00000)]
  0x000001e1fcfd5020 JavaThread "Service Thread" daemon [_thread_blocked, id=3256, stack(0x000000a731e00000,0x000000a731f00000)]
  0x000001e1fcfd59e0 JavaThread "Monitor Deflation Thread" daemon [_thread_blocked, id=15768, stack(0x000000a731f00000,0x000000a732000000)]
=>0x000001e1fcfd66d0 JavaThread "C2 CompilerThread0" daemon [_thread_in_native, id=11012, stack(0x000000a732000000,0x000000a732100000)]
  0x000001e1fcfe18a0 JavaThread "C1 CompilerThread0" daemon [_thread_blocked, id=10452, stack(0x000000a732100000,0x000000a732200000)]
  0x000001e1fd026240 JavaThread "Sweeper thread" daemon [_thread_blocked, id=16032, stack(0x000000a732200000,0x000000a732300000)]
  0x000001e1fcde2450 JavaThread "Common-Cleaner" daemon [_thread_blocked, id=7772, stack(0x000000a732300000,0x000000a732400000)]
  0x000001e1fd1dc2d0 JavaThread "Notification Thread" daemon [_thread_blocked, id=9008, stack(0x000000a732400000,0x000000a732500000)]
  0x000001e1fe8f5a60 JavaThread "Daemon health stats" [_thread_blocked, id=9744, stack(0x000000a732600000,0x000000a732700000)]
  0x000001e1fd617900 JavaThread "Incoming local TCP Connector on port 53906" [_thread_in_native, id=13656, stack(0x000000a732a00000,0x000000a732b00000)]
  0x000001e1fd5331f0 JavaThread "Daemon periodic checks" [_thread_blocked, id=10236, stack(0x000000a732b00000,0x000000a732c00000)]
  0x000001e1feb79430 JavaThread "Daemon" [_thread_blocked, id=11000, stack(0x000000a732c00000,0x000000a732d00000)]
  0x000001e1fe0520c0 JavaThread "Handler for socket connection from /127.0.0.1:53906 to /127.0.0.1:53907" [_thread_in_native, id=16420, stack(0x000000a732d00000,0x000000a732e00000)]
  0x000001e1fd12d470 JavaThread "Cancel handler" [_thread_blocked, id=3052, stack(0x000000a732e00000,0x000000a732f00000)]
  0x000001e1fd12ca50 JavaThread "Daemon worker" [_thread_in_vm, id=13600, stack(0x000000a732f00000,0x000000a733000000)]
  0x000001e1fd12c540 JavaThread "Asynchronous log dispatcher for DefaultDaemonConnection: socket connection from /127.0.0.1:53906 to /127.0.0.1:53907" [_thread_blocked, id=16784, stack(0x000000a733000000,0x000000a733100000)]
  0x000001e1fd12cf60 JavaThread "Stdin handler" [_thread_blocked, id=3980, stack(0x000000a733100000,0x000000a733200000)]
  0x000001e1fd12c030 JavaThread "Daemon client event forwarder" [_thread_blocked, id=5064, stack(0x000000a733200000,0x000000a733300000)]
  0x000001e1fee252b0 JavaThread "Cache worker for journal cache (C:\Users\johna\.gradle\caches\journal-1)" [_thread_blocked, id=9208, stack(0x000000a733300000,0x000000a733400000)]
  0x000001e1fee29990 JavaThread "File lock request listener" [_thread_in_native, id=4440, stack(0x000000a733400000,0x000000a733500000)]
  0x000001e1fee25cd0 JavaThread "Cache worker for file hash cache (C:\Users\johna\.gradle\caches\8.4\fileHashes)" [_thread_blocked, id=14572, stack(0x000000a733500000,0x000000a733600000)]
  0x000001e1fee266f0 JavaThread "File watcher server" daemon [_thread_in_native, id=14196, stack(0x000000a733600000,0x000000a733700000)]
  0x000001e1fee26c00 JavaThread "File watcher consumer" daemon [_thread_blocked, id=16664, stack(0x000000a733700000,0x000000a733800000)]
  0x000001e1fee28550 JavaThread "Cache worker for checksums cache (C:\Users\johna\AndroidStudioProjects\app_MediAlert\.gradle\8.4\checksums)" [_thread_blocked, id=10516, stack(0x000000a733800000,0x000000a733900000)]
  0x000001e1fee257c0 JavaThread "Cache worker for file hash cache (C:\Users\johna\AndroidStudioProjects\app_MediAlert\.gradle\8.4\fileHashes)" [_thread_blocked, id=11420, stack(0x000000a733900000,0x000000a733a00000)]
  0x000001e1fee23960 JavaThread "Cache worker for cache directory md-supplier (C:\Users\johna\.gradle\caches\8.4\md-supplier)" [_thread_blocked, id=3380, stack(0x000000a733a00000,0x000000a733b00000)]
  0x000001e1fee261e0 JavaThread "Cache worker for file content cache (C:\Users\johna\.gradle\caches\8.4\fileContent)" [_thread_blocked, id=1324, stack(0x000000a733b00000,0x000000a733c00000)]
  0x000001e1fee28a60 JavaThread "Cache worker for cache directory md-rule (C:\Users\johna\.gradle\caches\8.4\md-rule)" [_thread_blocked, id=10476, stack(0x000000a733c00000,0x000000a733d00000)]
  0x000001e1fee2a3b0 JavaThread "Cache worker for execution history cache (C:\Users\johna\.gradle\caches\8.4\executionHistory)" [_thread_blocked, id=13788, stack(0x000000a733d00000,0x000000a733e00000)]
  0x000001e1fee27110 JavaThread "Cache worker for kotlin-dsl (C:\Users\johna\.gradle\caches\8.4\kotlin-dsl)" [_thread_blocked, id=9012, stack(0x000000a733e00000,0x000000a733f00000)]
  0x000001e1fee29480 JavaThread "jar transforms" [_thread_blocked, id=7088, stack(0x000000a733f00000,0x000000a734000000)]
  0x000001e1fee27b30 JavaThread "jar transforms Thread 2" [_thread_blocked, id=6720, stack(0x000000a734000000,0x000000a734100000)]
  0x000001e1fee28040 JavaThread "jar transforms Thread 3" [_thread_blocked, id=8456, stack(0x000000a734100000,0x000000a734200000)]
  0x000001e1fee29ea0 JavaThread "jar transforms Thread 4" [_thread_blocked, id=1640, stack(0x000000a734200000,0x000000a734300000)]
  0x000001e1fee2a8c0 JavaThread "Cache worker for dependencies-accessors (C:\Users\johna\AndroidStudioProjects\app_MediAlert\.gradle\8.4\dependencies-accessors)" [_thread_blocked, id=10448, stack(0x000000a734300000,0x000000a734400000)]

Other Threads:
  0x000001e1fce02b80 VMThread "VM Thread" [stack: 0x000000a731900000,0x000000a731a00000] [id=492]
  0x000001e1fd2ea070 WatcherThread [stack: 0x000000a732500000,0x000000a732600000] [id=10704]
  0x000001e1f28d5700 GCTaskThread "GC Thread#0" [stack: 0x000000a731400000,0x000000a731500000] [id=2164]
  0x000001e1fd6cd050 GCTaskThread "GC Thread#1" [stack: 0x000000a732700000,0x000000a732800000] [id=11820]
  0x000001e1fd3598a0 GCTaskThread "GC Thread#2" [stack: 0x000000a732800000,0x000000a732900000] [id=14136]
  0x000001e1fd367450 GCTaskThread "GC Thread#3" [stack: 0x000000a732900000,0x000000a732a00000] [id=4116]
  0x000001e1f28e6650 ConcurrentGCThread "G1 Main Marker" [stack: 0x000000a731500000,0x000000a731600000] [id=13628]
  0x000001e1f28e7070 ConcurrentGCThread "G1 Conc#0" [stack: 0x000000a731600000,0x000000a731700000] [id=10376]
  0x000001e1fccb20c0 ConcurrentGCThread "G1 Refine#0" [stack: 0x000000a731700000,0x000000a731800000] [id=5512]
  0x000001e1fccb2af0 ConcurrentGCThread "G1 Service" [stack: 0x000000a731800000,0x000000a731900000] [id=17196]

Threads with active compile tasks:
C2 CompilerThread0    31506 4544   !   4       java.net.URLClassLoader::findClass (47 bytes)

VM state: not at safepoint (normal execution)

VM Mutex/Monitor currently owned by a thread: None

Heap address: 0x0000000080000000, size: 2048 MB, Compressed Oops mode: 32-bit

CDS archive(s) not mapped
Compressed class space mapped at: 0x0000000100000000-0x0000000140000000, reserved size: 1073741824
Narrow klass base: 0x0000000000000000, Narrow klass shift: 3, Narrow klass range: 0x140000000

GC Precious Log:
 CPUs: 4 total, 4 available
 Memory: 8025M
 Large Page Support: Disabled
 NUMA Support: Disabled
 Compressed Oops: Enabled (32-bit)
 Heap Region Size: 1M
 Heap Min Capacity: 8M
 Heap Initial Capacity: 126M
 Heap Max Capacity: 2G
 Pre-touch: Disabled
 Parallel Workers: 4
 Concurrent Workers: 1
 Concurrent Refinement Workers: 4
 Periodic GC: Disabled

Heap:
 garbage-first heap   total 71680K, used 46318K [0x0000000080000000, 0x0000000100000000)
  region size 1024K, 19 young (19456K), 4 survivors (4096K)
 Metaspace       used 51587K, committed 52032K, reserved 1114112K
  class space    used 7030K, committed 7232K, reserved 1048576K

Heap Regions: E=young(eden), S=young(survivor), O=old, HS=humongous(starts), HC=humongous(continues), CS=collection set, F=free, OA=open archive, CA=closed archive, TAMS=top-at-mark-start (previous, next)
|   0|0x0000000080000000, 0x0000000080100000, 0x0000000080100000|100%| O|  |TAMS 0x0000000080100000, 0x0000000080000000| Untracked 
|   1|0x0000000080100000, 0x0000000080200000, 0x0000000080200000|100%| O|  |TAMS 0x0000000080200000, 0x0000000080100000| Untracked 
|   2|0x0000000080200000, 0x0000000080300000, 0x0000000080300000|100%|HS|  |TAMS 0x0000000080300000, 0x0000000080200000| Complete 
|   3|0x0000000080300000, 0x0000000080400000, 0x0000000080400000|100%|HC|  |TAMS 0x0000000080400000, 0x0000000080300000| Complete 
|   4|0x0000000080400000, 0x0000000080500000, 0x0000000080500000|100%|HC|  |TAMS 0x0000000080500000, 0x0000000080400000| Complete 
|   5|0x0000000080500000, 0x0000000080600000, 0x0000000080600000|100%|HC|  |TAMS 0x0000000080600000, 0x0000000080500000| Complete 
|   6|0x0000000080600000, 0x0000000080700000, 0x0000000080700000|100%| O|  |TAMS 0x0000000080700000, 0x0000000080600000| Untracked 
|   7|0x0000000080700000, 0x0000000080800000, 0x0000000080800000|100%| O|  |TAMS 0x0000000080800000, 0x0000000080700000| Untracked 
|   8|0x0000000080800000, 0x0000000080900000, 0x0000000080900000|100%| O|  |TAMS 0x0000000080900000, 0x0000000080800000| Untracked 
|   9|0x0000000080900000, 0x0000000080a00000, 0x0000000080a00000|100%| O|  |TAMS 0x0000000080a00000, 0x0000000080900000| Untracked 
|  10|0x0000000080a00000, 0x0000000080b00000, 0x0000000080b00000|100%| O|  |TAMS 0x0000000080a00000, 0x0000000080a00000| Untracked 
|  11|0x0000000080b00000, 0x0000000080c00000, 0x0000000080c00000|100%| O|  |TAMS 0x0000000080c00000, 0x0000000080b00000| Untracked 
|  12|0x0000000080c00000, 0x0000000080d00000, 0x0000000080d00000|100%| O|  |TAMS 0x0000000080d00000, 0x0000000080c00000| Untracked 
|  13|0x0000000080d00000, 0x0000000080e00000, 0x0000000080e00000|100%| O|  |TAMS 0x0000000080e00000, 0x0000000080d00000| Untracked 
|  14|0x0000000080e00000, 0x0000000080f00000, 0x0000000080f00000|100%| O|  |TAMS 0x0000000080f00000, 0x0000000080e00000| Untracked 
|  15|0x0000000080f00000, 0x0000000081000000, 0x0000000081000000|100%| O|  |TAMS 0x0000000081000000, 0x0000000080f00000| Untracked 
|  16|0x0000000081000000, 0x0000000081100000, 0x0000000081100000|100%| O|  |TAMS 0x0000000081100000, 0x0000000081000000| Untracked 
|  17|0x0000000081100000, 0x0000000081200000, 0x0000000081200000|100%| O|  |TAMS 0x0000000081200000, 0x0000000081100000| Untracked 
|  18|0x0000000081200000, 0x0000000081300000, 0x0000000081300000|100%| O|  |TAMS 0x0000000081300000, 0x0000000081200000| Untracked 
|  19|0x0000000081300000, 0x0000000081400000, 0x0000000081400000|100%| O|  |TAMS 0x0000000081400000, 0x0000000081300000| Untracked 
|  20|0x0000000081400000, 0x0000000081500000, 0x0000000081500000|100%| O|  |TAMS 0x0000000081400000, 0x0000000081400000| Untracked 
|  21|0x0000000081500000, 0x0000000081600000, 0x0000000081600000|100%| O|  |TAMS 0x0000000081500000, 0x0000000081500000| Untracked 
|  22|0x0000000081600000, 0x0000000081700000, 0x0000000081700000|100%| O|  |TAMS 0x0000000081600000, 0x0000000081600000| Untracked 
|  23|0x0000000081700000, 0x0000000081800000, 0x0000000081800000|100%| O|  |TAMS 0x0000000081700000, 0x0000000081700000| Untracked 
|  24|0x0000000081800000, 0x0000000081900000, 0x0000000081900000|100%| O|  |TAMS 0x0000000081800000, 0x0000000081800000| Untracked 
|  25|0x0000000081900000, 0x0000000081a00000, 0x0000000081a00000|100%| O|  |TAMS 0x0000000081900000, 0x0000000081900000| Untracked 
|  26|0x0000000081a00000, 0x0000000081b00000, 0x0000000081b00000|100%| O|  |TAMS 0x0000000081a00000, 0x0000000081a00000| Untracked 
|  27|0x0000000081b00000, 0x0000000081c00000, 0x0000000081c00000|100%| O|  |TAMS 0x0000000081b00000, 0x0000000081b00000| Untracked 
|  28|0x0000000081c00000, 0x0000000081c18a00, 0x0000000081d00000|  9%| O|  |TAMS 0x0000000081c00000, 0x0000000081c00000| Untracked 
|  29|0x0000000081d00000, 0x0000000081d00000, 0x0000000081e00000|  0%| F|  |TAMS 0x0000000081d00000, 0x0000000081d00000| Untracked 
|  30|0x0000000081e00000, 0x0000000081e00000, 0x0000000081f00000|  0%| F|  |TAMS 0x0000000081e00000, 0x0000000081e00000| Untracked 
|  31|0x0000000081f00000, 0x0000000081f00000, 0x0000000082000000|  0%| F|  |TAMS 0x0000000081f00000, 0x0000000081f00000| Untracked 
|  32|0x0000000082000000, 0x0000000082000000, 0x0000000082100000|  0%| F|  |TAMS 0x0000000082000000, 0x0000000082000000| Untracked 
|  33|0x0000000082100000, 0x0000000082100000, 0x0000000082200000|  0%| F|  |TAMS 0x0000000082100000, 0x0000000082100000| Untracked 
|  34|0x0000000082200000, 0x0000000082200000, 0x0000000082300000|  0%| F|  |TAMS 0x0000000082200000, 0x0000000082200000| Untracked 
|  35|0x0000000082300000, 0x0000000082300000, 0x0000000082400000|  0%| F|  |TAMS 0x0000000082300000, 0x0000000082300000| Untracked 
|  36|0x0000000082400000, 0x0000000082400000, 0x0000000082500000|  0%| F|  |TAMS 0x0000000082400000, 0x0000000082400000| Untracked 
|  37|0x0000000082500000, 0x0000000082522e00, 0x0000000082600000| 13%| S|CS|TAMS 0x0000000082500000, 0x0000000082500000| Complete 
|  38|0x0000000082600000, 0x0000000082600000, 0x0000000082700000|  0%| F|  |TAMS 0x0000000082600000, 0x0000000082600000| Untracked 
|  39|0x0000000082700000, 0x0000000082700000, 0x0000000082800000|  0%| F|  |TAMS 0x0000000082700000, 0x0000000082700000| Untracked 
|  40|0x0000000082800000, 0x0000000082800000, 0x0000000082900000|  0%| F|  |TAMS 0x0000000082800000, 0x0000000082800000| Untracked 
|  41|0x0000000082900000, 0x0000000082a00000, 0x0000000082a00000|100%| S|CS|TAMS 0x0000000082900000, 0x0000000082900000| Complete 
|  42|0x0000000082a00000, 0x0000000082b00000, 0x0000000082b00000|100%| S|CS|TAMS 0x0000000082a00000, 0x0000000082a00000| Complete 
|  43|0x0000000082b00000, 0x0000000082b00000, 0x0000000082c00000|  0%| F|  |TAMS 0x0000000082b00000, 0x0000000082b00000| Untracked 
|  44|0x0000000082c00000, 0x0000000082d00000, 0x0000000082d00000|100%| S|CS|TAMS 0x0000000082c00000, 0x0000000082c00000| Complete 
|  45|0x0000000082d00000, 0x0000000082d00000, 0x0000000082e00000|  0%| F|  |TAMS 0x0000000082d00000, 0x0000000082d00000| Untracked 
|  46|0x0000000082e00000, 0x0000000082e00000, 0x0000000082f00000|  0%| F|  |TAMS 0x0000000082e00000, 0x0000000082e00000| Untracked 
|  47|0x0000000082f00000, 0x0000000082f00000, 0x0000000083000000|  0%| F|  |TAMS 0x0000000082f00000, 0x0000000082f00000| Untracked 
|  48|0x0000000083000000, 0x0000000083000000, 0x0000000083100000|  0%| F|  |TAMS 0x0000000083000000, 0x0000000083000000| Untracked 
|  49|0x0000000083100000, 0x0000000083100000, 0x0000000083200000|  0%| F|  |TAMS 0x0000000083100000, 0x0000000083100000| Untracked 
|  50|0x0000000083200000, 0x0000000083200000, 0x0000000083300000|  0%| F|  |TAMS 0x0000000083200000, 0x0000000083200000| Untracked 
|  51|0x0000000083300000, 0x0000000083300000, 0x0000000083400000|  0%| F|  |TAMS 0x0000000083300000, 0x0000000083300000| Untracked 
|  52|0x0000000083400000, 0x0000000083400000, 0x0000000083500000|  0%| F|  |TAMS 0x0000000083400000, 0x0000000083400000| Untracked 
|  53|0x0000000083500000, 0x0000000083500000, 0x0000000083600000|  0%| F|  |TAMS 0x0000000083500000, 0x0000000083500000| Untracked 
|  54|0x0000000083600000, 0x0000000083600000, 0x0000000083700000|  0%| F|  |TAMS 0x0000000083600000, 0x0000000083600000| Untracked 
|  55|0x0000000083700000, 0x00000000837e8e90, 0x0000000083800000| 90%| E|  |TAMS 0x0000000083700000, 0x0000000083700000| Complete 
|  56|0x0000000083800000, 0x0000000083900000, 0x0000000083900000|100%| E|CS|TAMS 0x0000000083800000, 0x0000000083800000| Complete 
|  57|0x0000000083900000, 0x0000000083a00000, 0x0000000083a00000|100%| E|CS|TAMS 0x0000000083900000, 0x0000000083900000| Complete 
|  58|0x0000000083a00000, 0x0000000083b00000, 0x0000000083b00000|100%| E|CS|TAMS 0x0000000083a00000, 0x0000000083a00000| Complete 
|  59|0x0000000083b00000, 0x0000000083c00000, 0x0000000083c00000|100%| E|CS|TAMS 0x0000000083b00000, 0x0000000083b00000| Complete 
|  71|0x0000000084700000, 0x0000000084800000, 0x0000000084800000|100%| E|CS|TAMS 0x0000000084700000, 0x0000000084700000| Complete 
|  72|0x0000000084800000, 0x0000000084900000, 0x0000000084900000|100%| E|CS|TAMS 0x0000000084800000, 0x0000000084800000| Complete 
|  73|0x0000000084900000, 0x0000000084a00000, 0x0000000084a00000|100%| E|CS|TAMS 0x0000000084900000, 0x0000000084900000| Complete 
|  74|0x0000000084a00000, 0x0000000084b00000, 0x0000000084b00000|100%| E|CS|TAMS 0x0000000084a00000, 0x0000000084a00000| Complete 
|  75|0x0000000084b00000, 0x0000000084c00000, 0x0000000084c00000|100%| E|CS|TAMS 0x0000000084b00000, 0x0000000084b00000| Complete 
|  76|0x0000000084c00000, 0x0000000084d00000, 0x0000000084d00000|100%| E|CS|TAMS 0x0000000084c00000, 0x0000000084c00000| Complete 
|  77|0x0000000084d00000, 0x0000000084e00000, 0x0000000084e00000|100%| E|CS|TAMS 0x0000000084d00000, 0x0000000084d00000| Complete 
|  78|0x0000000084e00000, 0x0000000084f00000, 0x0000000084f00000|100%| E|CS|TAMS 0x0000000084e00000, 0x0000000084e00000| Complete 
|  79|0x0000000084f00000, 0x0000000085000000, 0x0000000085000000|100%| E|CS|TAMS 0x0000000084f00000, 0x0000000084f00000| Complete 
| 125|0x0000000087d00000, 0x0000000087e00000, 0x0000000087e00000|100%| E|CS|TAMS 0x0000000087d00000, 0x0000000087d00000| Complete 

Card table byte_map: [0x000001e1f6150000,0x000001e1f6550000] _byte_map_base: 0x000001e1f5d50000

Marking Bits (Prev, Next): (CMBitMap*) 0x000001e1f28d5d20, (CMBitMap*) 0x000001e1f28d5d60
 Prev Bits: [0x000001e1f6950000, 0x000001e1f8950000)
 Next Bits: [0x000001e1f8950000, 0x000001e1fa950000)

Polling page: 0x000001e1f0860000

Metaspace:

Usage:
  Non-class:     43.52 MB used.
      Class:      6.87 MB used.
       Both:     50.38 MB used.

Virtual space:
  Non-class space:       64.00 MB reserved,      43.81 MB ( 68%) committed,  1 nodes.
      Class space:        1.00 GB reserved,       7.06 MB ( <1%) committed,  1 nodes.
             Both:        1.06 GB reserved,      50.88 MB (  5%) committed. 

Chunk freelists:
   Non-Class:  4.05 MB
       Class:  8.91 MB
        Both:  12.95 MB

MaxMetaspaceSize: unlimited
CompressedClassSpaceSize: 1.00 GB
Initial GC threshold: 21.00 MB
Current GC threshold: 58.75 MB
CDS: off
MetaspaceReclaimPolicy: balanced
 - commit_granule_bytes: 65536.
 - commit_granule_words: 8192.
 - virtual_space_node_default_size: 8388608.
 - enlarge_chunks_in_place: 1.
 - new_chunks_are_fully_committed: 0.
 - uncommit_free_chunks: 1.
 - use_allocation_guard: 0.
 - handle_deallocations: 1.


Internal statistics:

num_allocs_failed_limit: 6.
num_arena_births: 486.
num_arena_deaths: 0.
num_vsnodes_births: 2.
num_vsnodes_deaths: 0.
num_space_committed: 814.
num_space_uncommitted: 0.
num_chunks_returned_to_freelist: 6.
num_chunks_taken_from_freelist: 2068.
num_chunk_merges: 6.
num_chunk_splits: 1403.
num_chunks_enlarged: 1001.
num_inconsistent_stats: 0.

CodeHeap 'non-profiled nmethods': size=120000Kb used=2565Kb max_used=2565Kb free=117434Kb
 bounds [0x000001e187ad0000, 0x000001e187d60000, 0x000001e18f000000]
CodeHeap 'profiled nmethods': size=120000Kb used=9230Kb max_used=9230Kb free=110769Kb
 bounds [0x000001e180000000, 0x000001e180910000, 0x000001e187530000]
CodeHeap 'non-nmethods': size=5760Kb used=1610Kb max_used=1672Kb free=4149Kb
 bounds [0x000001e187530000, 0x000001e1877a0000, 0x000001e187ad0000]
 total_blobs=5203 nmethods=4524 adapters=591
 compilation: enabled
              stopped_count=0, restarted_count=0
 full_count=0

Compilation events (20 events):
Event: 30.823 Thread 0x000001e1fcfe18a0 nmethod 4534 0x000001e1808feb90 code [0x000001e1808fee80, 0x000001e180900048]
Event: 30.823 Thread 0x000001e1fcfe18a0 4535       3       org.gradle.internal.instantiation.generator.AbstractClassGenerator$PropertyMetadata::findAnnotation (22 bytes)
Event: 30.824 Thread 0x000001e1fcfe18a0 nmethod 4535 0x000001e180900610 code [0x000001e1809008e0, 0x000001e1809019e8]
Event: 30.824 Thread 0x000001e1fcfe18a0 4536       3       org.gradle.internal.instantiation.generator.AbstractClassGenerator$PropertyMetadata::backingFieldAnnotationOf (20 bytes)
Event: 30.824 Thread 0x000001e1fcfe18a0 nmethod 4536 0x000001e180901f90 code [0x000001e1809021c0, 0x000001e180902928]
Event: 30.824 Thread 0x000001e1fcfe18a0 4537       3       org.gradle.internal.instantiation.generator.AbstractClassGenerator$PropertyMetadata$$Lambda$124/0x000000010029e110::<init> (15 bytes)
Event: 30.824 Thread 0x000001e1fcfe18a0 nmethod 4537 0x000001e180902b90 code [0x000001e180902d40, 0x000001e180902f58]
Event: 30.829 Thread 0x000001e1fcfd66d0 4538       4       java.util.HashSet::contains (9 bytes)
Event: 30.838 Thread 0x000001e1fcfd66d0 nmethod 4538 0x000001e187d50010 code [0x000001e187d501e0, 0x000001e187d50778]
Event: 30.841 Thread 0x000001e1fcfe18a0 4539       1       com.google.common.collect.MapMakerInternalMap$AbstractStrongKeyEntry::getNext (2 bytes)
Event: 30.841 Thread 0x000001e1fcfe18a0 nmethod 4539 0x000001e187d50b90 code [0x000001e187d50d20, 0x000001e187d50df8]
Event: 31.356 Thread 0x000001e1fcfd66d0 4540       4       org.objectweb.asm.ByteVector::put122 (93 bytes)
Event: 31.358 Thread 0x000001e1fcfd66d0 nmethod 4540 0x000001e187d50e90 code [0x000001e187d51020, 0x000001e187d51208]
Event: 31.359 Thread 0x000001e1fcfe18a0 4541       3       com.google.common.collect.ImmutableList$Builder::<init> (18 bytes)
Event: 31.359 Thread 0x000001e1fcfe18a0 nmethod 4541 0x000001e180903010 code [0x000001e1809031c0, 0x000001e180903498]
Event: 31.359 Thread 0x000001e1fcfe18a0 4542       3       com.google.common.collect.ImmutableList$Builder::build (17 bytes)
Event: 31.359 Thread 0x000001e1fcfe18a0 nmethod 4542 0x000001e180903590 code [0x000001e180903720, 0x000001e180903868]
Event: 31.411 Thread 0x000001e1fcfd66d0 4543       4       sun.reflect.generics.parser.SignatureParser::init (16 bytes)
Event: 31.412 Thread 0x000001e1fcfd66d0 nmethod 4543 0x000001e187d51390 code [0x000001e187d51500, 0x000001e187d51658]
Event: 31.434 Thread 0x000001e1fcfd66d0 4544   !   4       java.net.URLClassLoader::findClass (47 bytes)

GC Heap History (20 events):
Event: 9.933 GC heap before
{Heap before GC invocations=5 (full 0):
 garbage-first heap   total 71680K, used 52866K [0x0000000080000000, 0x0000000100000000)
  region size 1024K, 42 young (43008K), 9 survivors (9216K)
 Metaspace       used 26624K, committed 26880K, reserved 1114112K
  class space    used 3430K, committed 3520K, reserved 1048576K
}
Event: 9.943 GC heap after
{Heap after GC invocations=6 (full 0):
 garbage-first heap   total 71680K, used 20388K [0x0000000080000000, 0x0000000100000000)
  region size 1024K, 2 young (2048K), 2 survivors (2048K)
 Metaspace       used 26624K, committed 26880K, reserved 1114112K
  class space    used 3430K, committed 3520K, reserved 1048576K
}
Event: 9.975 GC heap before
{Heap before GC invocations=6 (full 0):
 garbage-first heap   total 71680K, used 21412K [0x0000000080000000, 0x0000000100000000)
  region size 1024K, 3 young (3072K), 2 survivors (2048K)
 Metaspace       used 26719K, committed 27008K, reserved 1114112K
  class space    used 3450K, committed 3584K, reserved 1048576K
}
Event: 9.978 GC heap after
{Heap after GC invocations=7 (full 0):
 garbage-first heap   total 71680K, used 20767K [0x0000000080000000, 0x0000000100000000)
  region size 1024K, 1 young (1024K), 1 survivors (1024K)
 Metaspace       used 26719K, committed 27008K, reserved 1114112K
  class space    used 3450K, committed 3584K, reserved 1048576K
}
Event: 11.189 GC heap before
{Heap before GC invocations=7 (full 0):
 garbage-first heap   total 71680K, used 50463K [0x0000000080000000, 0x0000000100000000)
  region size 1024K, 30 young (30720K), 1 survivors (1024K)
 Metaspace       used 30816K, committed 31104K, reserved 1114112K
  class space    used 4106K, committed 4224K, reserved 1048576K
}
Event: 11.194 GC heap after
{Heap after GC invocations=8 (full 0):
 garbage-first heap   total 71680K, used 22019K [0x0000000080000000, 0x0000000100000000)
  region size 1024K, 2 young (2048K), 2 survivors (2048K)
 Metaspace       used 30816K, committed 31104K, reserved 1114112K
  class space    used 4106K, committed 4224K, reserved 1048576K
}
Event: 12.226 GC heap before
{Heap before GC invocations=8 (full 0):
 garbage-first heap   total 71680K, used 51715K [0x0000000080000000, 0x0000000100000000)
  region size 1024K, 32 young (32768K), 2 survivors (2048K)
 Metaspace       used 34760K, committed 35072K, reserved 1114112K
  class space    used 4735K, committed 4864K, reserved 1048576K
}
Event: 12.231 GC heap after
{Heap after GC invocations=9 (full 0):
 garbage-first heap   total 71680K, used 23384K [0x0000000080000000, 0x0000000100000000)
  region size 1024K, 3 young (3072K), 3 survivors (3072K)
 Metaspace       used 34760K, committed 35072K, reserved 1114112K
  class space    used 4735K, committed 4864K, reserved 1048576K
}
Event: 12.382 GC heap before
{Heap before GC invocations=9 (full 0):
 garbage-first heap   total 71680K, used 27480K [0x0000000080000000, 0x0000000100000000)
  region size 1024K, 8 young (8192K), 3 survivors (3072K)
 Metaspace       used 35645K, committed 35968K, reserved 1114112K
  class space    used 4856K, committed 5056K, reserved 1048576K
}
Event: 12.387 GC heap after
{Heap after GC invocations=10 (full 0):
 garbage-first heap   total 71680K, used 23607K [0x0000000080000000, 0x0000000100000000)
  region size 1024K, 2 young (2048K), 2 survivors (2048K)
 Metaspace       used 35645K, committed 35968K, reserved 1114112K
  class space    used 4856K, committed 5056K, reserved 1048576K
}
Event: 14.150 GC heap before
{Heap before GC invocations=11 (full 0):
 garbage-first heap   total 71680K, used 54327K [0x0000000080000000, 0x0000000100000000)
  region size 1024K, 33 young (33792K), 2 survivors (2048K)
 Metaspace       used 41056K, committed 41408K, reserved 1114112K
  class space    used 5426K, committed 5568K, reserved 1048576K
}
Event: 14.159 GC heap after
{Heap after GC invocations=12 (full 0):
 garbage-first heap   total 71680K, used 27541K [0x0000000080000000, 0x0000000100000000)
  region size 1024K, 5 young (5120K), 5 survivors (5120K)
 Metaspace       used 41056K, committed 41408K, reserved 1114112K
  class space    used 5426K, committed 5568K, reserved 1048576K
}
Event: 14.162 GC heap before
{Heap before GC invocations=12 (full 0):
 garbage-first heap   total 71680K, used 28565K [0x0000000080000000, 0x0000000100000000)
  region size 1024K, 6 young (6144K), 5 survivors (5120K)
 Metaspace       used 41056K, committed 41408K, reserved 1114112K
  class space    used 5426K, committed 5568K, reserved 1048576K
}
Event: 14.170 GC heap after
{Heap after GC invocations=13 (full 0):
 garbage-first heap   total 71680K, used 27633K [0x0000000080000000, 0x0000000100000000)
  region size 1024K, 1 young (1024K), 1 survivors (1024K)
 Metaspace       used 41056K, committed 41408K, reserved 1114112K
  class space    used 5426K, committed 5568K, reserved 1048576K
}
Event: 17.025 GC heap before
{Heap before GC invocations=13 (full 0):
 garbage-first heap   total 71680K, used 55281K [0x0000000080000000, 0x0000000100000000)
  region size 1024K, 27 young (27648K), 1 survivors (1024K)
 Metaspace       used 43007K, committed 43456K, reserved 1114112K
  class space    used 5617K, committed 5824K, reserved 1048576K
}
Event: 17.029 GC heap after
{Heap after GC invocations=14 (full 0):
 garbage-first heap   total 71680K, used 28861K [0x0000000080000000, 0x0000000100000000)
  region size 1024K, 2 young (2048K), 2 survivors (2048K)
 Metaspace       used 43007K, committed 43456K, reserved 1114112K
  class space    used 5617K, committed 5824K, reserved 1048576K
}
Event: 19.948 GC heap before
{Heap before GC invocations=14 (full 0):
 garbage-first heap   total 71680K, used 54461K [0x0000000080000000, 0x0000000100000000)
  region size 1024K, 28 young (28672K), 2 survivors (2048K)
 Metaspace       used 46268K, committed 46656K, reserved 1114112K
  class space    used 6195K, committed 6336K, reserved 1048576K
}
Event: 19.956 GC heap after
{Heap after GC invocations=15 (full 0):
 garbage-first heap   total 71680K, used 30881K [0x0000000080000000, 0x0000000100000000)
  region size 1024K, 4 young (4096K), 4 survivors (4096K)
 Metaspace       used 46268K, committed 46656K, reserved 1114112K
  class space    used 6195K, committed 6336K, reserved 1048576K
}
Event: 26.375 GC heap before
{Heap before GC invocations=15 (full 0):
 garbage-first heap   total 71680K, used 56481K [0x0000000080000000, 0x0000000100000000)
  region size 1024K, 29 young (29696K), 4 survivors (4096K)
 Metaspace       used 49821K, committed 50304K, reserved 1114112K
  class space    used 6742K, committed 6976K, reserved 1048576K
}
Event: 26.385 GC heap after
{Heap after GC invocations=16 (full 0):
 garbage-first heap   total 71680K, used 31982K [0x0000000080000000, 0x0000000100000000)
  region size 1024K, 4 young (4096K), 4 survivors (4096K)
 Metaspace       used 49821K, committed 50304K, reserved 1114112K
  class space    used 6742K, committed 6976K, reserved 1048576K
}

Dll operation events (3 events):
Event: 0.026 Loaded shared library C:\Program Files\Android\Android Studio\jbr\bin\java.dll
Event: 0.454 Loaded shared library C:\Program Files\Android\Android Studio\jbr\bin\zip.dll
Event: 1.701 Loaded shared library C:\Program Files\Android\Android Studio\jbr\bin\verify.dll

Deoptimization events (20 events):
Event: 30.316 Thread 0x000001e1fd12ca50 Uncommon trap: trap_request=0xffffffde fr.pc=0x000001e187d0fb0c relative=0x00000000000058ec
Event: 30.316 Thread 0x000001e1fd12ca50 Uncommon trap: reason=class_check action=maybe_recompile pc=0x000001e187d0fb0c method=java.net.URLClassLoader.defineClass(Ljava/lang/String;Ljdk/internal/loader/Resource;)Ljava/lang/Class; @ 34 c2
Event: 30.316 Thread 0x000001e1fd12ca50 DEOPT PACKING pc=0x000001e187d0fb0c sp=0x000000a732ff9720
Event: 30.316 Thread 0x000001e1fd12ca50 DEOPT UNPACKING pc=0x000001e1875869a3 sp=0x000000a732ff9518 mode 2
Event: 30.395 Thread 0x000001e1fd12ca50 Uncommon trap: trap_request=0xffffffde fr.pc=0x000001e187d0fb0c relative=0x00000000000058ec
Event: 30.395 Thread 0x000001e1fd12ca50 Uncommon trap: reason=class_check action=maybe_recompile pc=0x000001e187d0fb0c method=java.net.URLClassLoader.defineClass(Ljava/lang/String;Ljdk/internal/loader/Resource;)Ljava/lang/Class; @ 34 c2
Event: 30.395 Thread 0x000001e1fd12ca50 DEOPT PACKING pc=0x000001e187d0fb0c sp=0x000000a732ff8620
Event: 30.395 Thread 0x000001e1fd12ca50 DEOPT UNPACKING pc=0x000001e1875869a3 sp=0x000000a732ff8418 mode 2
Event: 30.446 Thread 0x000001e1fd12ca50 Uncommon trap: trap_request=0xffffffde fr.pc=0x000001e187d0fb0c relative=0x00000000000058ec
Event: 30.446 Thread 0x000001e1fd12ca50 Uncommon trap: reason=class_check action=maybe_recompile pc=0x000001e187d0fb0c method=java.net.URLClassLoader.defineClass(Ljava/lang/String;Ljdk/internal/loader/Resource;)Ljava/lang/Class; @ 34 c2
Event: 30.446 Thread 0x000001e1fd12ca50 DEOPT PACKING pc=0x000001e187d0fb0c sp=0x000000a732ff8620
Event: 30.446 Thread 0x000001e1fd12ca50 DEOPT UNPACKING pc=0x000001e1875869a3 sp=0x000000a732ff8418 mode 2
Event: 30.542 Thread 0x000001e1fd12ca50 Uncommon trap: trap_request=0xffffffde fr.pc=0x000001e187d0fb0c relative=0x00000000000058ec
Event: 30.542 Thread 0x000001e1fd12ca50 Uncommon trap: reason=class_check action=maybe_recompile pc=0x000001e187d0fb0c method=java.net.URLClassLoader.defineClass(Ljava/lang/String;Ljdk/internal/loader/Resource;)Ljava/lang/Class; @ 34 c2
Event: 30.542 Thread 0x000001e1fd12ca50 DEOPT PACKING pc=0x000001e187d0fb0c sp=0x000000a732ff8620
Event: 30.542 Thread 0x000001e1fd12ca50 DEOPT UNPACKING pc=0x000001e1875869a3 sp=0x000000a732ff8418 mode 2
Event: 30.582 Thread 0x000001e1fd12ca50 Uncommon trap: trap_request=0xffffffde fr.pc=0x000001e187d1e6f8 relative=0x0000000000005398
Event: 30.582 Thread 0x000001e1fd12ca50 Uncommon trap: reason=class_check action=maybe_recompile pc=0x000001e187d1e6f8 method=java.net.URLClassLoader.defineClass(Ljava/lang/String;Ljdk/internal/loader/Resource;)Ljava/lang/Class; @ 34 c2
Event: 30.587 Thread 0x000001e1fd12ca50 DEOPT PACKING pc=0x000001e187d1e6f8 sp=0x000000a732ff8560
Event: 30.587 Thread 0x000001e1fd12ca50 DEOPT UNPACKING pc=0x000001e1875869a3 sp=0x000000a732ff84a0 mode 2

Classes unloaded (0 events):
No events

Classes redefined (0 events):
No events

Internal exceptions (20 events):
Event: 18.920 Thread 0x000001e1fd12ca50 Implicit null exception at 0x000001e187c4a56c to 0x000001e187c4a620
Event: 19.521 Thread 0x000001e1fd12ca50 Exception <a 'java/lang/NoSuchMethodError'{0x0000000082ebd700}: 'void java.lang.invoke.DirectMethodHandle$Holder.invokeInterface(java.lang.Object, java.lang.Object)'> (0x0000000082ebd700) 
thrown [s\src\hotspot\share\interpreter\linkResolver.cpp, line 771]
Event: 19.525 Thread 0x000001e1fd12ca50 Exception <a 'java/lang/IncompatibleClassChangeError'{0x0000000082ec8b30}: Found class java.lang.Object, but interface was expected> (0x0000000082ec8b30) 
thrown [s\src\hotspot\share\interpreter\linkResolver.cpp, line 838]
Event: 19.984 Thread 0x000001e1fd12ca50 Exception <a 'java/lang/NoSuchMethodError'{0x0000000087d6eec0}: 'java.lang.Object java.lang.invoke.DirectMethodHandle$Holder.newInvokeSpecial(java.lang.Object, int, java.lang.Object)'> (0x0000000087d6eec0) 
thrown [s\src\hotspot\share\interpreter\linkResolver.cpp, line 771]
Event: 23.023 Thread 0x000001e1fd12ca50 Exception <a 'sun/nio/fs/WindowsException'{0x0000000083648660}> (0x0000000083648660) 
thrown [s\src\hotspot\share\prims\jni.cpp, line 517]
Event: 23.023 Thread 0x000001e1fd12ca50 Exception <a 'sun/nio/fs/WindowsException'{0x0000000083648958}> (0x0000000083648958) 
thrown [s\src\hotspot\share\prims\jni.cpp, line 517]
Event: 23.024 Thread 0x000001e1fd12ca50 Exception <a 'sun/nio/fs/WindowsException'{0x000000008364b160}> (0x000000008364b160) 
thrown [s\src\hotspot\share\prims\jni.cpp, line 517]
Event: 23.024 Thread 0x000001e1fd12ca50 Exception <a 'sun/nio/fs/WindowsException'{0x000000008364b550}> (0x000000008364b550) 
thrown [s\src\hotspot\share\prims\jni.cpp, line 517]
Event: 23.027 Thread 0x000001e1fd12ca50 Exception <a 'java/lang/NoSuchMethodError'{0x0000000083658a98}: 'java.lang.Object java.lang.invoke.DirectMethodHandle$Holder.newInvokeSpecial(java.lang.Object, java.lang.Object, int)'> (0x0000000083658a98) 
thrown [s\src\hotspot\share\interpreter\linkResolver.cpp, line 771]
Event: 23.423 Thread 0x000001e1fd12ca50 Exception <a 'sun/nio/fs/WindowsException'{0x00000000835cc420}> (0x00000000835cc420) 
thrown [s\src\hotspot\share\prims\jni.cpp, line 517]
Event: 23.423 Thread 0x000001e1fd12ca50 Exception <a 'sun/nio/fs/WindowsException'{0x00000000835cc810}> (0x00000000835cc810) 
thrown [s\src\hotspot\share\prims\jni.cpp, line 517]
Event: 24.149 Thread 0x000001e1fd12ca50 Exception <a 'java/lang/NoSuchMethodError'{0x00000000833cca20}: 'int java.lang.invoke.DirectMethodHandle$Holder.invokeStatic(java.lang.Object)'> (0x00000000833cca20) 
thrown [s\src\hotspot\share\interpreter\linkResolver.cpp, line 771]
Event: 24.149 Thread 0x000001e1fd12ca50 Exception <a 'java/lang/NoSuchMethodError'{0x00000000833d0b68}: 'int java.lang.invoke.DirectMethodHandle$Holder.invokeStaticInit(java.lang.Object)'> (0x00000000833d0b68) 
thrown [s\src\hotspot\share\interpreter\linkResolver.cpp, line 771]
Event: 27.260 Thread 0x000001e1fd12ca50 Exception <a 'java/lang/NoSuchMethodError'{0x0000000084fe64e0}: 'void java.lang.invoke.DirectMethodHandle$Holder.invokeStatic(java.lang.Object, java.lang.Object, java.lang.Object, java.lang.Object, java.lang.Object, java.lang.Object, java.lang.Object)'> (0x0000000084fe64e0) 
thrown [s\src\hotspot\share\interpreter\linkResolver.cpp, line 771]
Event: 27.284 Thread 0x000001e1fd12ca50 Exception <a 'java/lang/NoSuchMethodError'{0x0000000084e2b288}: 'java.lang.Object java.lang.invoke.DirectMethodHandle$Holder.invokeVirtual(java.lang.Object, java.lang.Object, int)'> (0x0000000084e2b288) 
thrown [s\src\hotspot\share\interpreter\linkResolver.cpp, line 771]
Event: 30.349 Thread 0x000001e1fd12c030 Exception <a 'java/lang/NoSuchMethodError'{0x000000008390ea10}: static Lorg/gradle/internal/build/event/types/DefaultOperationStartedProgressEvent;.<clinit>()V> (0x000000008390ea10) 
thrown [s\src\hotspot\share\prims\jni.cpp, line 1108]
Event: 30.350 Thread 0x000001e1fd12c030 Exception <a 'java/lang/NoSuchMethodError'{0x0000000083910f90}: static Lorg/gradle/internal/build/event/types/AbstractProgressEvent;.<clinit>()V> (0x0000000083910f90) 
thrown [s\src\hotspot\share\prims\jni.cpp, line 1108]
Event: 30.361 Thread 0x000001e1fd12c030 Exception <a 'java/lang/NoSuchMethodError'{0x0000000083925b50}: static Lorg/gradle/internal/build/event/types/DefaultProjectConfigurationDescriptor;.<clinit>()V> (0x0000000083925b50) 
thrown [s\src\hotspot\share\prims\jni.cpp, line 1108]
Event: 30.365 Thread 0x000001e1fd12c030 Exception <a 'java/lang/NoSuchMethodError'{0x00000000839285e8}: static Lorg/gradle/internal/build/event/types/DefaultOperationDescriptor;.<clinit>()V> (0x00000000839285e8) 
thrown [s\src\hotspot\share\prims\jni.cpp, line 1108]
Event: 30.374 Thread 0x000001e1fd12c030 Exception <a 'java/lang/NoSuchMethodError'{0x0000000083943298}: static Lorg/gradle/internal/operations/OperationIdentifier;.<clinit>()V> (0x0000000083943298) 
thrown [s\src\hotspot\share\prims\jni.cpp, line 1108]

VM Operations (20 events):
Event: 24.986 Executing VM operation: HandshakeAllThreads
Event: 24.986 Executing VM operation: HandshakeAllThreads done
Event: 24.986 Executing VM operation: Cleanup
Event: 24.986 Executing VM operation: Cleanup done
Event: 25.995 Executing VM operation: Cleanup
Event: 26.118 Executing VM operation: Cleanup done
Event: 26.375 Executing VM operation: G1CollectForAllocation
Event: 26.385 Executing VM operation: G1CollectForAllocation done
Event: 27.016 Executing VM operation: HandshakeAllThreads
Event: 27.016 Executing VM operation: HandshakeAllThreads done
Event: 27.410 Executing VM operation: HandshakeAllThreads
Event: 27.410 Executing VM operation: HandshakeAllThreads done
Event: 27.410 Executing VM operation: Cleanup
Event: 27.410 Executing VM operation: Cleanup done
Event: 28.416 Executing VM operation: Cleanup
Event: 28.580 Executing VM operation: Cleanup done
Event: 29.572 Executing VM operation: HandshakeAllThreads
Event: 29.572 Executing VM operation: HandshakeAllThreads done
Event: 30.580 Executing VM operation: Cleanup
Event: 30.580 Executing VM operation: Cleanup done

Events (20 events):
Event: 30.344 loading class java/io/ObjectStreamClass$FieldReflectorKey
Event: 30.344 loading class java/io/ObjectStreamClass$FieldReflectorKey done
Event: 30.344 loading class java/io/ObjectStreamClass$FieldReflector
Event: 30.345 loading class java/io/ObjectStreamClass$FieldReflector done
Event: 30.348 loading class java/io/ObjectStreamClass$1
Event: 30.348 loading class java/io/ObjectStreamClass$1 done
Event: 30.349 loading class java/io/ObjectStreamClass$MemberSignature
Event: 30.349 loading class java/io/ObjectStreamClass$MemberSignature done
Event: 30.349 loading class java/io/ObjectStreamClass$3
Event: 30.349 loading class java/io/ObjectStreamClass$3 done
Event: 30.349 loading class java/io/ObjectStreamClass$4
Event: 30.350 loading class java/io/ObjectStreamClass$4 done
Event: 30.350 loading class java/io/ObjectStreamClass$5
Event: 30.350 loading class java/io/ObjectStreamClass$5 done
Event: 30.351 loading class java/io/ObjectStreamClass$ClassDataSlot
Event: 30.351 loading class java/io/ObjectStreamClass$ClassDataSlot done
Event: 30.367 loading class jdk/internal/reflect/UnsafeQualifiedStaticLongFieldAccessorImpl
Event: 30.367 loading class jdk/internal/reflect/UnsafeQualifiedStaticLongFieldAccessorImpl done
Event: 30.377 loading class java/io/SerialCallbackContext
Event: 30.378 loading class java/io/SerialCallbackContext done


Dynamic libraries:
0x00007ff696480000 - 0x00007ff69648a000 	C:\Program Files\Android\Android Studio\jbr\bin\java.exe
0x00007fff9f1b0000 - 0x00007fff9f3c7000 	C:\WINDOWS\SYSTEM32\ntdll.dll
0x00007fff9cf90000 - 0x00007fff9d054000 	C:\WINDOWS\System32\KERNEL32.DLL
0x00007fff9c4d0000 - 0x00007fff9c87b000 	C:\WINDOWS\System32\KERNELBASE.dll
0x00007fff9c880000 - 0x00007fff9c991000 	C:\WINDOWS\System32\ucrtbase.dll
0x00007fff870d0000 - 0x00007fff870eb000 	C:\Program Files\Android\Android Studio\jbr\bin\VCRUNTIME140.dll
0x00007fff76670000 - 0x00007fff76687000 	C:\Program Files\Android\Android Studio\jbr\bin\jli.dll
0x00007fff9e5a0000 - 0x00007fff9e74e000 	C:\WINDOWS\System32\USER32.dll
0x00007fff9cb10000 - 0x00007fff9cb36000 	C:\WINDOWS\System32\win32u.dll
0x00007fff9e890000 - 0x00007fff9e8b9000 	C:\WINDOWS\System32\GDI32.dll
0x00007fff9cc90000 - 0x00007fff9cda9000 	C:\WINDOWS\System32\gdi32full.dll
0x00007fff9cbf0000 - 0x00007fff9cc8a000 	C:\WINDOWS\System32\msvcp_win.dll
0x00007fff84250000 - 0x00007fff844e3000 	C:\WINDOWS\WinSxS\amd64_microsoft.windows.common-controls_6595b64144ccf1df_6.0.22621.3430_none_270fe68173859015\COMCTL32.dll
0x00007fff9ea80000 - 0x00007fff9eb27000 	C:\WINDOWS\System32\msvcrt.dll
0x00007fff9e750000 - 0x00007fff9e781000 	C:\WINDOWS\System32\IMM32.DLL
0x00007fff91d40000 - 0x00007fff91d4c000 	C:\Program Files\Android\Android Studio\jbr\bin\vcruntime140_1.dll
0x00007fff4d240000 - 0x00007fff4d2cd000 	C:\Program Files\Android\Android Studio\jbr\bin\msvcp140.dll
0x00007fff043c0000 - 0x00007fff05043000 	C:\Program Files\Android\Android Studio\jbr\bin\server\jvm.dll
0x00007fff9eb30000 - 0x00007fff9ebe2000 	C:\WINDOWS\System32\ADVAPI32.dll
0x00007fff9d230000 - 0x00007fff9d2d8000 	C:\WINDOWS\System32\sechost.dll
0x00007fff9cbc0000 - 0x00007fff9cbe8000 	C:\WINDOWS\System32\bcrypt.dll
0x00007fff9d3d0000 - 0x00007fff9d4e5000 	C:\WINDOWS\System32\RPCRT4.dll
0x00007fff9b330000 - 0x00007fff9b37d000 	C:\WINDOWS\SYSTEM32\POWRPROF.dll
0x00007fff852f0000 - 0x00007fff852f9000 	C:\WINDOWS\SYSTEM32\WSOCK32.dll
0x00007fff9e000000 - 0x00007fff9e071000 	C:\WINDOWS\System32\WS2_32.dll
0x00007fff99fe0000 - 0x00007fff9a014000 	C:\WINDOWS\SYSTEM32\WINMM.dll
0x00007fff8c3c0000 - 0x00007fff8c3ca000 	C:\WINDOWS\SYSTEM32\VERSION.dll
0x00007fff9b310000 - 0x00007fff9b323000 	C:\WINDOWS\SYSTEM32\UMPDC.dll
0x00007fff9b530000 - 0x00007fff9b548000 	C:\WINDOWS\SYSTEM32\kernel.appcore.dll
0x00007fff91dc0000 - 0x00007fff91dca000 	C:\Program Files\Android\Android Studio\jbr\bin\jimage.dll
0x00007fff99c90000 - 0x00007fff99ec3000 	C:\WINDOWS\SYSTEM32\DBGHELP.DLL
0x00007fff9e110000 - 0x00007fff9e498000 	C:\WINDOWS\System32\combase.dll
0x00007fff9e4a0000 - 0x00007fff9e577000 	C:\WINDOWS\System32\OLEAUT32.dll
0x00007fff76110000 - 0x00007fff76142000 	C:\WINDOWS\SYSTEM32\dbgcore.DLL
0x00007fff9cb40000 - 0x00007fff9cbb9000 	C:\WINDOWS\System32\bcryptPrimitives.dll
0x00007fff87320000 - 0x00007fff8732e000 	C:\Program Files\Android\Android Studio\jbr\bin\instrument.dll
0x00007fff88610000 - 0x00007fff88635000 	C:\Program Files\Android\Android Studio\jbr\bin\java.dll
0x00007fff874d0000 - 0x00007fff874e8000 	C:\Program Files\Android\Android Studio\jbr\bin\zip.dll
0x00007fff9d580000 - 0x00007fff9dddb000 	C:\WINDOWS\System32\SHELL32.dll
0x00007fff9a3f0000 - 0x00007fff9ace4000 	C:\WINDOWS\SYSTEM32\windows.storage.dll
0x00007fff9a2b0000 - 0x00007fff9a3ee000 	C:\WINDOWS\SYSTEM32\wintypes.dll
0x00007fff9e790000 - 0x00007fff9e884000 	C:\WINDOWS\System32\SHCORE.dll
0x00007fff9d1d0000 - 0x00007fff9d22e000 	C:\WINDOWS\System32\shlwapi.dll
0x00007fff9c400000 - 0x00007fff9c421000 	C:\WINDOWS\SYSTEM32\profapi.dll
0x00007fff87230000 - 0x00007fff87249000 	C:\Program Files\Android\Android Studio\jbr\bin\net.dll
0x00007fff97f90000 - 0x00007fff980c6000 	C:\WINDOWS\SYSTEM32\WINHTTP.dll
0x00007fff9ba30000 - 0x00007fff9ba99000 	C:\WINDOWS\system32\mswsock.dll
0x00007fff87210000 - 0x00007fff87226000 	C:\Program Files\Android\Android Studio\jbr\bin\nio.dll
0x00007fff87410000 - 0x00007fff87420000 	C:\Program Files\Android\Android Studio\jbr\bin\verify.dll
0x00007fff80d60000 - 0x00007fff80d87000 	C:\Users\johna\.gradle\native\c067742578af261105cb4f569cf0c3c89f3d7b1fecec35dd04571415982c5e48\windows-amd64\native-platform.dll
0x00007fff17140000 - 0x00007fff17284000 	C:\Users\johna\.gradle\native\38dada09dfb8b06ba9b0570ebf7e218e3eb74d4ef43ca46872605cf95ebc2f47\windows-amd64\native-platform-file-events.dll
0x00007fff88650000 - 0x00007fff88659000 	C:\Program Files\Android\Android Studio\jbr\bin\management.dll
0x00007fff874c0000 - 0x00007fff874cb000 	C:\Program Files\Android\Android Studio\jbr\bin\management_ext.dll
0x00007fff9ea70000 - 0x00007fff9ea78000 	C:\WINDOWS\System32\PSAPI.DLL
0x00007fff9bcb0000 - 0x00007fff9bccb000 	C:\WINDOWS\SYSTEM32\CRYPTSP.dll
0x00007fff9b550000 - 0x00007fff9b585000 	C:\WINDOWS\system32\rsaenh.dll
0x00007fff9bb10000 - 0x00007fff9bb38000 	C:\WINDOWS\SYSTEM32\USERENV.dll
0x00007fff9bcd0000 - 0x00007fff9bcdc000 	C:\WINDOWS\SYSTEM32\CRYPTBASE.dll
0x00007fff9b050000 - 0x00007fff9b07d000 	C:\WINDOWS\SYSTEM32\IPHLPAPI.DLL
0x00007fff9dff0000 - 0x00007fff9dff9000 	C:\WINDOWS\System32\NSI.dll
0x00007fff924c0000 - 0x00007fff924d9000 	C:\WINDOWS\SYSTEM32\dhcpcsvc6.DLL
0x00007fff92270000 - 0x00007fff9228f000 	C:\WINDOWS\SYSTEM32\dhcpcsvc.DLL
0x00007fff9b080000 - 0x00007fff9b179000 	C:\WINDOWS\SYSTEM32\DNSAPI.dll
0x00007fff88710000 - 0x00007fff88718000 	C:\WINDOWS\system32\wshunix.dll

dbghelp: loaded successfully - version: 4.0.5 - missing functions: none
symbol engine: initialized successfully - sym options: 0x614 - pdb path: .;C:\Program Files\Android\Android Studio\jbr\bin;C:\WINDOWS\SYSTEM32;C:\WINDOWS\WinSxS\amd64_microsoft.windows.common-controls_6595b64144ccf1df_6.0.22621.3430_none_270fe68173859015;C:\Program Files\Android\Android Studio\jbr\bin\server;C:\Users\johna\.gradle\native\c067742578af261105cb4f569cf0c3c89f3d7b1fecec35dd04571415982c5e48\windows-amd64;C:\Users\johna\.gradle\native\38dada09dfb8b06ba9b0570ebf7e218e3eb74d4ef43ca46872605cf95ebc2f47\windows-amd64

VM Arguments:
jvm_args: --add-opens=java.base/java.util=ALL-UNNAMED --add-opens=java.base/java.lang=ALL-UNNAMED --add-opens=java.base/java.lang.invoke=ALL-UNNAMED --add-opens=java.prefs/java.util.prefs=ALL-UNNAMED --add-opens=java.base/java.nio.charset=ALL-UNNAMED --add-opens=java.base/java.net=ALL-UNNAMED --add-opens=java.base/java.util.concurrent.atomic=ALL-UNNAMED -Xmx2048m -Dfile.encoding=UTF-8 -Duser.country=MX -Duser.language=es -Duser.variant -javaagent:C:\Users\johna\.gradle\wrapper\dists\gradle-8.4-bin\1w5dpkrfk8irigvoxmyhowfim\gradle-8.4\lib\agents\gradle-instrumentation-agent-8.4.jar 
java_command: org.gradle.launcher.daemon.bootstrap.GradleDaemon 8.4
java_class_path (initial): C:\Users\johna\.gradle\wrapper\dists\gradle-8.4-bin\1w5dpkrfk8irigvoxmyhowfim\gradle-8.4\lib\gradle-launcher-8.4.jar
Launcher Type: SUN_STANDARD

[Global flags]
     intx CICompilerCount                          = 3                                         {product} {ergonomic}
     uint ConcGCThreads                            = 1                                         {product} {ergonomic}
     uint G1ConcRefinementThreads                  = 4                                         {product} {ergonomic}
   size_t G1HeapRegionSize                         = 1048576                                   {product} {ergonomic}
    uintx GCDrainStackTargetSize                   = 64                                        {product} {ergonomic}
   size_t InitialHeapSize                          = 132120576                                 {product} {ergonomic}
   size_t MarkStackSize                            = 4194304                                   {product} {ergonomic}
   size_t MaxHeapSize                              = 2147483648                                {product} {command line}
   size_t MaxNewSize                               = 1287651328                                {product} {ergonomic}
   size_t MinHeapDeltaBytes                        = 1048576                                   {product} {ergonomic}
   size_t MinHeapSize                              = 8388608                                   {product} {ergonomic}
    uintx NonNMethodCodeHeapSize                   = 5832780                                {pd product} {ergonomic}
    uintx NonProfiledCodeHeapSize                  = 122912730                              {pd product} {ergonomic}
    uintx ProfiledCodeHeapSize                     = 122912730                              {pd product} {ergonomic}
    uintx ReservedCodeCacheSize                    = 251658240                              {pd product} {ergonomic}
     bool SegmentedCodeCache                       = true                                      {product} {ergonomic}
   size_t SoftMaxHeapSize                          = 2147483648                             {manageable} {ergonomic}
     bool UseCompressedClassPointers               = true                           {product lp64_product} {ergonomic}
     bool UseCompressedOops                        = true                           {product lp64_product} {ergonomic}
     bool UseG1GC                                  = true                                      {product} {ergonomic}
     bool UseLargePagesIndividualAllocation        = false                                  {pd product} {ergonomic}

Logging:
Log output configuration:
 #0: stdout all=warning uptime,level,tags
 #1: stderr all=off uptime,level,tags

Environment Variables:
PATH=C:\Program Files\Common Files\Oracle\Java\javapath;C:\Windows\System32\HWAudioDriverLibs;C:\WINDOWS\system32;C:\WINDOWS;C:\WINDOWS\System32\Wbem;C:\WINDOWS\System32\WindowsPowerShell\v1.0\;C:\WINDOWS\System32\OpenSSH\;C:\WINDOWS\system32\config\systemprofile\AppData\Local\Microsoft\WindowsApps;C:\Program Files\nodejs\;C:\ProgramData\chocolatey\bin;C:\WINDOWS\system32;C:\WINDOWS;C:\WINDOWS\System32\Wbem;C:\WINDOWS\System32\WindowsPowerShell\v1.0\;C:\WINDOWS\System32\OpenSSH\;C:\Desarrollo\php;C:\ProgramData\ComposerSetup\bin;C:\Program Files\Git\cmd;C:\Users\johna\AppData\Local\Microsoft\WindowsApps;C:\Users\johna\AppData\Local\Programs\Microsoft VS Code\bin;C:\Users\johna\AppData\Roaming\npm;C:\Users\johna\AppData\Roaming\Composer\vendor\bin;C:\Users\johna\AppData\Local\packer_1.8.7
USERNAME=johna
OS=Windows_NT
PROCESSOR_IDENTIFIER=Intel64 Family 6 Model 142 Stepping 12, GenuineIntel
TMP=C:\Users\johna\AppData\Local\Temp
TEMP=C:\Users\johna\AppData\Local\Temp



Periodic native trim disabled

JNI global refs:
JNI global refs: 25, weak refs: 0

JNI global refs memory usage: 843, weak refs: 841

OOME stack traces (most recent first):
Classloader memory used:
Loader org.gradle.internal.classloader.VisitableURLClassLoader                         : 3175K
Loader bootstrap                                                                       : 2373K
Loader org.gradle.initialization.MixInLegacyTypesClassLoader                           : 793K
Loader jdk.internal.loader.ClassLoaders$PlatformClassLoader                            : 69580B
Loader jdk.internal.loader.ClassLoaders$AppClassLoader                                 : 28453B
Loader jdk.internal.reflect.DelegatingClassLoader                                      : 7318B
Loader org.gradle.internal.classloader.VisitableURLClassLoader                         : 3932B
Loader org.gradle.internal.classloader.VisitableURLClassLoader$InstrumentingVisitableURLClassLoader: 3612B

Classes loaded by more than one classloader:
Class org.gradle.internal.installation.GradleInstallation                             : loaded 2 times (x 73B)
Class org.gradle.internal.classpath.ClassPath                                         : loaded 2 times (x 68B)
Class org.gradle.api.internal.classpath.DefaultModuleRegistry                         : loaded 2 times (x 84B)
Class Settings_gradle$1$1                                                             : loaded 2 times (x 72B)
Class org.gradle.api.Action                                                           : loaded 2 times (x 68B)
Class org.gradle.api.internal.DefaultClassPathProvider                                : loaded 2 times (x 74B)
Class org.gradle.internal.installation.GradleInstallation$1                           : loaded 2 times (x 73B)
Class org.gradle.internal.classloader.FilteringClassLoader                            : loaded 2 times (x 103B)
Class org.gradle.internal.classpath.DefaultClassPath$ImmutableUniqueList$Builder      : loaded 2 times (x 73B)
Class org.gradle.internal.classloader.ClassLoaderVisitor                              : loaded 2 times (x 74B)
Class org.gradle.internal.service.DefaultServiceLocator                               : loaded 2 times (x 81B)
Class org.gradle.internal.service.UnknownServiceException                             : loaded 2 times (x 81B)
Class org.gradle.internal.classloader.DefaultClassLoaderFactory                       : loaded 2 times (x 80B)
Class org.gradle.internal.classloader.VisitableURLClassLoader$Spec                    : loaded 2 times (x 72B)
Class org.gradle.api.GradleException                                                  : loaded 2 times (x 80B)
Class org.gradle.api.internal.classpath.ModuleRegistry                                : loaded 2 times (x 68B)
Class org.gradle.api.internal.ClassPathProvider                                       : loaded 2 times (x 68B)
Class org.gradle.internal.classloader.ClasspathUtil$1                                 : loaded 2 times (x 74B)
Class org.gradle.internal.classloader.ClassLoaderFactory                              : loaded 2 times (x 68B)
Class org.gradle.api.internal.classpath.ManifestUtil                                  : loaded 2 times (x 69B)
Class org.gradle.api.specs.Spec                                                       : loaded 2 times (x 68B)
Class org.gradle.internal.IoActions                                                   : loaded 2 times (x 69B)
Class org.gradle.api.internal.classpath.EffectiveClassPath                            : loaded 2 times (x 88B)
Class org.gradle.internal.installation.CurrentGradleInstallation                      : loaded 2 times (x 71B)
Class org.gradle.internal.agents.InstrumentingClassLoader                             : loaded 2 times (x 68B)
Class org.gradle.internal.installation.CurrentGradleInstallationLocator               : loaded 2 times (x 69B)
Class org.gradle.api.internal.classpath.Module                                        : loaded 2 times (x 68B)
Class org.gradle.internal.service.CachingServiceLocator                               : loaded 2 times (x 80B)
Class org.gradle.internal.classpath.DefaultClassPath                                  : loaded 2 times (x 88B)
Class org.gradle.internal.classloader.SystemClassLoaderSpec                           : loaded 2 times (x 69B)
Class org.gradle.api.UncheckedIOException                                             : loaded 2 times (x 80B)
Class Program                                                                         : loaded 2 times (x 70B)
Class org.gradle.internal.classloader.ClasspathUtil                                   : loaded 2 times (x 69B)
Class org.gradle.api.internal.DefaultClassPathRegistry                                : loaded 2 times (x 74B)
Class org.gradle.api.internal.classpath.DefaultModuleRegistry$DefaultModule           : loaded 2 times (x 84B)
Class org.gradle.api.internal.classpath.UnknownModuleException                        : loaded 2 times (x 80B)
Class org.gradle.internal.service.ServiceLookupException                              : loaded 2 times (x 80B)
Class org.gradle.cache.GlobalCache                                                    : loaded 2 times (x 68B)
Class [Lorg.gradle.api.internal.ClassPathProvider;                                    : loaded 2 times (x 67B)
Class org.gradle.util.internal.GUtil                                                  : loaded 2 times (x 69B)
Class org.gradle.internal.classloader.ClassLoaderSpec                                 : loaded 2 times (x 69B)
Class org.gradle.internal.classloader.VisitableURLClassLoader                         : loaded 2 times (x 115B)
Class org.gradle.internal.Cast                                                        : loaded 2 times (x 69B)
Class org.gradle.api.internal.ClassPathRegistry                                       : loaded 2 times (x 68B)
Class org.gradle.internal.classloader.VisitableURLClassLoader$InstrumentingVisitableURLClassLoader: loaded 2 times (x 121B)
Class org.gradle.internal.classloader.ClassLoaderHierarchy                            : loaded 2 times (x 68B)
Class org.gradle.internal.InternalTransformer                                         : loaded 2 times (x 68B)
Class org.gradle.internal.service.ServiceLocator                                      : loaded 2 times (x 68B)
Class Settings_gradle$1                                                               : loaded 2 times (x 72B)
Class org.gradle.internal.classpath.DefaultClassPath$ImmutableUniqueList              : loaded 2 times (x 159B)
Class org.gradle.internal.classpath.TransformedClassPath                              : loaded 2 times (x 94B)
Class Settings_gradle                                                                 : loaded 2 times (x 126B)


---------------  S Y S T E M  ---------------

OS:
 Windows 11 , 64 bit Build 22621 (10.0.22621.3430)
OS uptime: 0 days 9:34 hours
Hyper-V role detected

CPU: total 4 (initial active 4) (2 cores per cpu, 2 threads per core) family 6 model 142 stepping 12 microcode 0xde, cx8, cmov, fxsr, ht, mmx, 3dnowpref, sse, sse2, sse3, ssse3, sse4.1, sse4.2, popcnt, lzcnt, tsc, tscinvbit, avx, avx2, aes, erms, clmul, bmi1, bmi2, adx, fma, vzeroupper, clflush, clflushopt, hv
Processor Information for all 4 processors :
  Max Mhz: 2592, Current Mhz: 2592, Mhz Limit: 2073

Memory: 4k page, system-wide physical 8025M (194M free)
TotalPageFile size 21191M (AvailPageFile size 1M)
current process WorkingSet (physical memory assigned to process): 209M, peak: 217M
current process commit charge ("private bytes"): 237M, peak: 245M

vm_info: OpenJDK 64-Bit Server VM (17.0.9+0--11185874) for windows-amd64 JRE (17.0.9+0--11185874), built on Dec  6 2023 18:57:44 by "androidbuild" with MS VC++ 16.10 / 16.11 (VS2019)

END.
