#
# There is insufficient memory for the Java Runtime Environment to continue.
# Native memory allocation (mmap) failed to map 132120576 bytes for G1 virtual space
# Possible reasons:
#   The system is out of physical RAM or swap space
#   The process is running with CompressedOops enabled, and the Java Heap may be blocking the growth of the native heap
# Possible solutions:
#   Reduce memory load on the system
#   Increase physical memory or swap space
#   Check if swap backing store is full
#   Decrease Java heap size (-Xmx/-Xms)
#   Decrease number of Java threads
#   Decrease Java thread stack sizes (-Xss)
#   Set larger code cache with -XX:ReservedCodeCacheSize=
#   JVM is running with Unscaled Compressed Oops mode in which the Java heap is
#     placed in the first 4GB address space. The Java Heap base address is the
#     maximum limit for the native heap growth. Please use -XX:HeapBaseMinAddress
#     to set the Java Heap base and to place the Java Heap above 4GB virtual address.
# This output file may be truncated or incomplete.
#
#  Out of Memory Error (os_windows.cpp:3825), pid=17008, tid=10912
#
# JRE version:  (17.0.9) (build )
# Java VM: OpenJDK 64-Bit Server VM (17.0.9+0--11185874, mixed mode, sharing, tiered, compressed oops, compressed class ptrs, g1 gc, windows-amd64)
# No core dump will be written. Minidumps are not enabled by default on client versions of Windows
#

---------------  S U M M A R Y ------------

Command Line: org.jetbrains.kotlin.cli.jvm.K2JVMCompiler @C:\Users\johna\AndroidStudioProjects\app_MediAlert\app\build\20240410_10411545282618287006.compiler.options

Host: Intel(R) Core(TM) i3-10110U CPU @ 2.10GHz, 4 cores, 7G,  Windows 11 , 64 bit Build 22621 (10.0.22621.3430)
Time: Wed Apr 10 22:57:05 2024 Hora est. Pacífico, Sudamérica elapsed time: 0.025404 seconds (0d 0h 0m 0s)

---------------  T H R E A D  ---------------

Current thread (0x000002480deb9360):  JavaThread "Unknown thread" [_thread_in_vm, id=10912, stack(0x000000cbcb200000,0x000000cbcb300000)]

Stack: [0x000000cbcb200000,0x000000cbcb300000]
Native frames: (J=compiled Java code, j=interpreted, Vv=VM code, C=native code)
V  [jvm.dll+0x6886e9]
V  [jvm.dll+0x841e4a]
V  [jvm.dll+0x843a8e]
V  [jvm.dll+0x8440f3]
V  [jvm.dll+0x24c14f]
V  [jvm.dll+0x685499]
V  [jvm.dll+0x679c2a]
V  [jvm.dll+0x30cf9b]
V  [jvm.dll+0x314446]
V  [jvm.dll+0x36425e]
V  [jvm.dll+0x36448f]
V  [jvm.dll+0x2e2d68]
V  [jvm.dll+0x2e3cd4]
V  [jvm.dll+0x8129f1]
V  [jvm.dll+0x3720c1]
V  [jvm.dll+0x7f152c]
V  [jvm.dll+0x3f5d4f]
V  [jvm.dll+0x3f7981]
C  [jli.dll+0x528f]
C  [ucrtbase.dll+0x29333]
C  [KERNEL32.DLL+0x1257d]
C  [ntdll.dll+0x5aa48]


---------------  P R O C E S S  ---------------

Threads class SMR info:
_java_thread_list=0x00007ff9ab40ef18, length=0, elements={
}

Java Threads: ( => current thread )

Other Threads:
  0x000002480df13630 GCTaskThread "GC Thread#0" [stack: 0x000000cbcb400000,0x000000cbcb500000] [id=15076]
  0x000002480df24080 ConcurrentGCThread "G1 Main Marker" [stack: 0x000000cbcb500000,0x000000cbcb600000] [id=11372]
  0x000002480df24aa0 ConcurrentGCThread "G1 Conc#0" [stack: 0x0000000000000000,0x0000000000000000] [id=18600]

[error occurred during error reporting (printing all threads), id 0xc0000005, EXCEPTION_ACCESS_VIOLATION (0xc0000005) at pc=0x00007ff9aabc3937]

VM state: not at safepoint (not fully initialized)

VM Mutex/Monitor currently owned by a thread:  ([mutex/lock_event])
[0x000002480deb4b80] Heap_lock - owner thread: 0x000002480deb9360

Heap address: 0x0000000082800000, size: 2008 MB, Compressed Oops mode: 32-bit

CDS archive(s) mapped at: [0x0000000000000000-0x0000000000000000-0x0000000000000000), size 0, SharedBaseAddress: 0x0000000800000000, ArchiveRelocationMode: 1.
Narrow klass base: 0x0000000000000000, Narrow klass shift: 0, Narrow klass range: 0x0

GC Precious Log:
<Empty>

Heap:
 garbage-first heap   total 0K, used 0K [0x0000000082800000, 0x0000000100000000)
  region size 1024K, 0 young (0K), 0 survivors (0K)
 Metaspace       used 0K, committed 0K, reserved 0K
  class space    used 0K, committed 0K, reserved 0K

Heap Regions: E=young(eden), S=young(survivor), O=old, HS=humongous(starts), HC=humongous(continues), CS=collection set, F=free, OA=open archive, CA=closed archive, TAMS=top-at-mark-start (previous, next)

Card table byte_map: [0x0000024822580000,0x0000024822970000] _byte_map_base: 0x000002482216c000

Marking Bits (Prev, Next): (CMBitMap*) 0x000002480df13c50, (CMBitMap*) 0x000002480df13c90
 Prev Bits: [0x0000024822d60000, 0x0000024824cc0000)
 Next Bits: [0x0000024824cc0000, 0x0000024826c20000)

GC Heap History (0 events):
No events

Dll operation events (1 events):
Event: 0.014 Loaded shared library C:\Program Files\Android\Android Studio\jbr\bin\java.dll

Deoptimization events (0 events):
No events

Classes unloaded (0 events):
No events

Classes redefined (0 events):
No events

Internal exceptions (0 events):
No events

VM Operations (0 events):
No events

Events (0 events):
No events


Dynamic libraries:
0x00007ff6bb4c0000 - 0x00007ff6bb4ca000 	C:\Program Files\Android\Android Studio\jbr\bin\java.exe
0x00007ffa2f5b0000 - 0x00007ffa2f7c7000 	C:\WINDOWS\SYSTEM32\ntdll.dll
0x00007ffa2d910000 - 0x00007ffa2d9d4000 	C:\WINDOWS\System32\KERNEL32.DLL
0x00007ffa2ccb0000 - 0x00007ffa2d057000 	C:\WINDOWS\System32\KERNELBASE.dll
0x00007ffa2cb90000 - 0x00007ffa2cca1000 	C:\WINDOWS\System32\ucrtbase.dll
0x00007ffa17830000 - 0x00007ffa17847000 	C:\Program Files\Android\Android Studio\jbr\bin\jli.dll
0x00007ffa2ee90000 - 0x00007ffa2f03e000 	C:\WINDOWS\System32\USER32.dll
0x00007ffa2cac0000 - 0x00007ffa2cae6000 	C:\WINDOWS\System32\win32u.dll
0x00007ffa2d3c0000 - 0x00007ffa2d3e9000 	C:\WINDOWS\System32\GDI32.dll
0x00007ffa2d1c0000 - 0x00007ffa2d2d9000 	C:\WINDOWS\System32\gdi32full.dll
0x00007ffa2d120000 - 0x00007ffa2d1ba000 	C:\WINDOWS\System32\msvcp_win.dll
0x00007ffa20300000 - 0x00007ffa2031b000 	C:\Program Files\Android\Android Studio\jbr\bin\VCRUNTIME140.dll
0x00007ffa14660000 - 0x00007ffa148f3000 	C:\WINDOWS\WinSxS\amd64_microsoft.windows.common-controls_6595b64144ccf1df_6.0.22621.3430_none_270fe68173859015\COMCTL32.dll
0x00007ffa2f2a0000 - 0x00007ffa2f347000 	C:\WINDOWS\System32\msvcrt.dll
0x00007ffa2f510000 - 0x00007ffa2f541000 	C:\WINDOWS\System32\IMM32.DLL
0x00007ffa201e0000 - 0x00007ffa201ec000 	C:\Program Files\Android\Android Studio\jbr\bin\vcruntime140_1.dll
0x00007ff9fcf20000 - 0x00007ff9fcfad000 	C:\Program Files\Android\Android Studio\jbr\bin\msvcp140.dll
0x00007ff9aa8d0000 - 0x00007ff9ab553000 	C:\Program Files\Android\Android Studio\jbr\bin\server\jvm.dll
0x00007ffa2de20000 - 0x00007ffa2ded2000 	C:\WINDOWS\System32\ADVAPI32.dll
0x00007ffa2f400000 - 0x00007ffa2f4a8000 	C:\WINDOWS\System32\sechost.dll
0x00007ffa2caf0000 - 0x00007ffa2cb18000 	C:\WINDOWS\System32\bcrypt.dll
0x00007ffa2d7d0000 - 0x00007ffa2d8e5000 	C:\WINDOWS\System32\RPCRT4.dll
0x00007ffa2b740000 - 0x00007ffa2b78d000 	C:\WINDOWS\SYSTEM32\POWRPROF.dll
0x00007ffa15540000 - 0x00007ffa15549000 	C:\WINDOWS\SYSTEM32\WSOCK32.dll
0x00007ffa2f050000 - 0x00007ffa2f0c1000 	C:\WINDOWS\System32\WS2_32.dll
0x00007ffa2a660000 - 0x00007ffa2a694000 	C:\WINDOWS\SYSTEM32\WINMM.dll
0x00007ffa1c8b0000 - 0x00007ffa1c8ba000 	C:\WINDOWS\SYSTEM32\VERSION.dll
0x00007ffa2b720000 - 0x00007ffa2b733000 	C:\WINDOWS\SYSTEM32\UMPDC.dll
0x00007ffa2b9d0000 - 0x00007ffa2b9e8000 	C:\WINDOWS\SYSTEM32\kernel.appcore.dll
0x00007ffa206d0000 - 0x00007ffa206da000 	C:\Program Files\Android\Android Studio\jbr\bin\jimage.dll
0x00007ffa2a0b0000 - 0x00007ffa2a2e3000 	C:\WINDOWS\SYSTEM32\DBGHELP.DLL
0x00007ffa2d9e0000 - 0x00007ffa2dd68000 	C:\WINDOWS\System32\combase.dll
0x00007ffa2d2e0000 - 0x00007ffa2d3b7000 	C:\WINDOWS\System32\OLEAUT32.dll
0x00007ffa03a40000 - 0x00007ffa03a72000 	C:\WINDOWS\SYSTEM32\dbgcore.DLL
0x00007ffa2c8d0000 - 0x00007ffa2c949000 	C:\WINDOWS\System32\bcryptPrimitives.dll
0x00007ffa200a0000 - 0x00007ffa200c5000 	C:\Program Files\Android\Android Studio\jbr\bin\java.dll

dbghelp: loaded successfully - version: 4.0.5 - missing functions: none
symbol engine: initialized successfully - sym options: 0x614 - pdb path: .;C:\Program Files\Android\Android Studio\jbr\bin;C:\WINDOWS\SYSTEM32;C:\WINDOWS\WinSxS\amd64_microsoft.windows.common-controls_6595b64144ccf1df_6.0.22621.3430_none_270fe68173859015;C:\Program Files\Android\Android Studio\jbr\bin\server

VM Arguments:
java_command: org.jetbrains.kotlin.cli.jvm.K2JVMCompiler @C:\Users\johna\AndroidStudioProjects\app_MediAlert\app\build\20240410_10411545282618287006.compiler.options
java_class_path (initial): C:\Users\johna\.gradle\caches\modules-2\files-2.1\org.jetbrains.kotlin\kotlin-compiler-embeddable\1.9.0\2c8c3a7402becca891f12739b3e9fd2dc2adbd7a\kotlin-compiler-embeddable-1.9.0.jar;C:\Users\johna\.gradle\caches\modules-2\files-2.1\org.jetbrains.kotlin\kotlin-stdlib\1.9.0\8ee15ef0c67dc83d874f412d84378d7f0eb50b63\kotlin-stdlib-1.9.0.jar;C:\Users\johna\.gradle\caches\modules-2\files-2.1\org.jetbrains.kotlin\kotlin-script-runtime\1.9.0\4b3102cbbb7e1b58d9d1adf89563f00069ffa7d1\kotlin-script-runtime-1.9.0.jar;C:\Users\johna\.gradle\caches\modules-2\files-2.1\org.jetbrains.kotlin\kotlin-reflect\1.6.10\1cbe9c92c12a94eea200d23c2bbaedaf3daf5132\kotlin-reflect-1.6.10.jar;C:\Users\johna\.gradle\caches\modules-2\files-2.1\org.jetbrains.kotlin\kotlin-daemon-embeddable\1.9.0\186543f5e28cf8d9a0290fecc2cf34301c40a65c\kotlin-daemon-embeddable-1.9.0.jar;C:\Users\johna\.gradle\caches\modules-2\files-2.1\org.jetbrains.intellij.deps\trove4j\1.0.20200330\3afb14d5f9ceb459d724e907a21145e8ff394f02\trove4j-1.0.20200330.jar;C:\Users\johna\.gradle\caches\modules-2\files-2.1\org.jetbrains.kotlin\kotlin-stdlib-common\1.9.0\cd65c21cfd1eec4d44ef09f9f52b6d9f8a720636\kotlin-stdlib-common-1.9.0.jar;C:\Users\johna\.gradle\caches\modules-2\files-2.1\org.jetbrains\annotations\13.0\919f0dfe192fb4e063e7dacadee7f8bb9a2672a9\annotations-13.0.jar
Launcher Type: SUN_STANDARD

[Global flags]
     intx CICompilerCount                          = 3                                         {product} {ergonomic}
     uint ConcGCThreads                            = 1                                         {product} {ergonomic}
     uint G1ConcRefinementThreads                  = 4                                         {product} {ergonomic}
   size_t G1HeapRegionSize                         = 1048576                                   {product} {ergonomic}
    uintx GCDrainStackTargetSize                   = 64                                        {product} {ergonomic}
   size_t InitialHeapSize                          = 132120576                                 {product} {ergonomic}
   size_t MarkStackSize                            = 4194304                                   {product} {ergonomic}
   size_t MaxHeapSize                              = 2105540608                                {product} {ergonomic}
   size_t MinHeapDeltaBytes                        = 1048576                                   {product} {ergonomic}
   size_t MinHeapSize                              = 8388608                                   {product} {ergonomic}
    uintx NonNMethodCodeHeapSize                   = 5832780                                {pd product} {ergonomic}
    uintx NonProfiledCodeHeapSize                  = 122912730                              {pd product} {ergonomic}
    uintx ProfiledCodeHeapSize                     = 122912730                              {pd product} {ergonomic}
    uintx ReservedCodeCacheSize                    = 251658240                              {pd product} {ergonomic}
     bool SegmentedCodeCache                       = true                                      {product} {ergonomic}
   size_t SoftMaxHeapSize                          = 2105540608                             {manageable} {ergonomic}
     bool UseCompressedClassPointers               = true                           {product lp64_product} {ergonomic}
     bool UseCompressedOops                        = true                           {product lp64_product} {ergonomic}
     bool UseG1GC                                  = true                                      {product} {ergonomic}
     bool UseLargePagesIndividualAllocation        = false                                  {pd product} {ergonomic}

Logging:
Log output configuration:
 #0: stdout all=warning uptime,level,tags
 #1: stderr all=off uptime,level,tags

Environment Variables:
PATH=C:\Program Files\Common Files\Oracle\Java\javapath;C:\Windows\System32\HWAudioDriverLibs;C:\WINDOWS\system32;C:\WINDOWS;C:\WINDOWS\System32\Wbem;C:\WINDOWS\System32\WindowsPowerShell\v1.0\;C:\WINDOWS\System32\OpenSSH\;C:\WINDOWS\system32\config\systemprofile\AppData\Local\Microsoft\WindowsApps;C:\Program Files\nodejs\;C:\ProgramData\chocolatey\bin;C:\WINDOWS\system32;C:\WINDOWS;C:\WINDOWS\System32\Wbem;C:\WINDOWS\System32\WindowsPowerShell\v1.0\;C:\WINDOWS\System32\OpenSSH\;C:\Desarrollo\php;C:\ProgramData\ComposerSetup\bin;C:\Program Files\Git\cmd;C:\Users\johna\AppData\Local\Microsoft\WindowsApps;C:\Users\johna\AppData\Local\Programs\Microsoft VS Code\bin;C:\Users\johna\AppData\Roaming\npm;C:\Users\johna\AppData\Roaming\Composer\vendor\bin;C:\Users\johna\AppData\Local\packer_1.8.7
USERNAME=johna
OS=Windows_NT
PROCESSOR_IDENTIFIER=Intel64 Family 6 Model 142 Stepping 12, GenuineIntel
TMP=C:\Users\johna\AppData\Local\Temp
TEMP=C:\Users\johna\AppData\Local\Temp



Periodic native trim disabled

JNI global refs:
JNI global refs: 0, weak refs: 0

JNI global refs memory usage: 0, weak refs: 0

OOME stack traces (most recent first):
Classloader memory used:


---------------  S Y S T E M  ---------------

OS:
 Windows 11 , 64 bit Build 22621 (10.0.22621.3430)
OS uptime: 2 days 5:19 hours
Hyper-V role detected

CPU: total 4 (initial active 4) (2 cores per cpu, 2 threads per core) family 6 model 142 stepping 12 microcode 0xde, cx8, cmov, fxsr, ht, mmx, 3dnowpref, sse, sse2, sse3, ssse3, sse4.1, sse4.2, popcnt, lzcnt, tsc, tscinvbit, avx, avx2, aes, erms, clmul, bmi1, bmi2, adx, fma, vzeroupper, clflush, clflushopt, hv
Processor Information for all 4 processors :
  Max Mhz: 2592, Current Mhz: 2592, Mhz Limit: 2073

Memory: 4k page, system-wide physical 8025M (279M free)
TotalPageFile size 21191M (AvailPageFile size 66M)
current process WorkingSet (physical memory assigned to process): 11M, peak: 11M
current process commit charge ("private bytes"): 52M, peak: 177M

vm_info: OpenJDK 64-Bit Server VM (17.0.9+0--11185874) for windows-amd64 JRE (17.0.9+0--11185874), built on Dec  6 2023 18:57:44 by "androidbuild" with MS VC++ 16.10 / 16.11 (VS2019)

END.
