#
# There is insufficient memory for the Java Runtime Environment to continue.
# Native memory allocation (mmap) failed to map 132120576 bytes for G1 virtual space
# Possible reasons:
#   The system is out of physical RAM or swap space
#   The process is running with CompressedOops enabled, and the Java Heap may be blocking the growth of the native heap
# Possible solutions:
#   Reduce memory load on the system
#   Increase physical memory or swap space
#   Check if swap backing store is full
#   Decrease Java heap size (-Xmx/-Xms)
#   Decrease number of Java threads
#   Decrease Java thread stack sizes (-Xss)
#   Set larger code cache with -XX:ReservedCodeCacheSize=
#   JVM is running with Unscaled Compressed Oops mode in which the Java heap is
#     placed in the first 4GB address space. The Java Heap base address is the
#     maximum limit for the native heap growth. Please use -XX:HeapBaseMinAddress
#     to set the Java Heap base and to place the Java Heap above 4GB virtual address.
# This output file may be truncated or incomplete.
#
#  Out of Memory Error (os_windows.cpp:3825), pid=1236, tid=5872
#
# JRE version:  (17.0.9) (build )
# Java VM: OpenJDK 64-Bit Server VM (17.0.9+0--11185874, mixed mode, sharing, tiered, compressed oops, compressed class ptrs, g1 gc, windows-amd64)
# No core dump will be written. Minidumps are not enabled by default on client versions of Windows
#

---------------  S U M M A R Y ------------

Command Line: org.jetbrains.kotlin.cli.jvm.K2JVMCompiler @C:\Users\johna\AndroidStudioProjects\app_MediAlert\app\build\20240418_1064210216071445397.compiler.options

Host: Intel(R) Core(TM) i3-10110U CPU @ 2.10GHz, 4 cores, 7G,  Windows 11 , 64 bit Build 22621 (10.0.22621.3430)
Time: Thu Apr 18 17:41:32 2024 Hora est. Pacífico, Sudamérica elapsed time: 0.014564 seconds (0d 0h 0m 0s)

---------------  T H R E A D  ---------------

Current thread (0x0000024837f398c0):  JavaThread "Unknown thread" [_thread_in_vm, id=5872, stack(0x000000d2b2c00000,0x000000d2b2d00000)]

Stack: [0x000000d2b2c00000,0x000000d2b2d00000]
Native frames: (J=compiled Java code, j=interpreted, Vv=VM code, C=native code)
V  [jvm.dll+0x6886e9]
V  [jvm.dll+0x841e4a]
V  [jvm.dll+0x843a8e]
V  [jvm.dll+0x8440f3]
V  [jvm.dll+0x24c14f]
V  [jvm.dll+0x685499]
V  [jvm.dll+0x679c2a]
V  [jvm.dll+0x30cf9b]
V  [jvm.dll+0x314446]
V  [jvm.dll+0x36425e]
V  [jvm.dll+0x36448f]
V  [jvm.dll+0x2e2d68]
V  [jvm.dll+0x2e3cd4]
V  [jvm.dll+0x8129f1]
V  [jvm.dll+0x3720c1]
V  [jvm.dll+0x7f152c]
V  [jvm.dll+0x3f5d4f]
V  [jvm.dll+0x3f7981]
C  [jli.dll+0x528f]
C  [ucrtbase.dll+0x29333]
C  [KERNEL32.DLL+0x1257d]
C  [ntdll.dll+0x5aa48]


---------------  P R O C E S S  ---------------

Threads class SMR info:
_java_thread_list=0x00007ffcd2f6ef18, length=0, elements={
}

Java Threads: ( => current thread )

Other Threads:
  0x0000024837f93af0 GCTaskThread "GC Thread#0" [stack: 0x000000d2b2d00000,0x000000d2b2e00000] [id=18300]
  0x0000024837fa4540 ConcurrentGCThread "G1 Main Marker" [stack: 0x000000d2b2e00000,0x000000d2b2f00000] [id=17080]
  0x0000024837fa4f60 ConcurrentGCThread "G1 Conc#0" [stack: 0x000000d2b2f00000,0x000000d2b3000000] [id=16592]

[error occurred during error reporting (printing all threads), id 0xc0000005, EXCEPTION_ACCESS_VIOLATION (0xc0000005) at pc=0x00007ffcd2723937]

VM state: not at safepoint (not fully initialized)

VM Mutex/Monitor currently owned by a thread:  ([mutex/lock_event])
[0x0000024837f35f30] Heap_lock - owner thread: 0x0000024837f398c0

Heap address: 0x0000000082800000, size: 2008 MB, Compressed Oops mode: 32-bit

CDS archive(s) mapped at: [0x0000000000000000-0x0000000000000000-0x0000000000000000), size 0, SharedBaseAddress: 0x0000000800000000, ArchiveRelocationMode: 1.
Narrow klass base: 0x0000000000000000, Narrow klass shift: 0, Narrow klass range: 0x0

GC Precious Log:
<Empty>

Heap:
 garbage-first heap   total 0K, used 0K [0x0000000082800000, 0x0000000100000000)
  region size 1024K, 0 young (0K), 0 survivors (0K)
 Metaspace       used 0K, committed 0K, reserved 0K
  class space    used 0K, committed 0K, reserved 0K

Heap Regions: E=young(eden), S=young(survivor), O=old, HS=humongous(starts), HC=humongous(continues), CS=collection set, F=free, OA=open archive, CA=closed archive, TAMS=top-at-mark-start (previous, next)

Card table byte_map: [0x000002484a800000,0x000002484abf0000] _byte_map_base: 0x000002484a3ec000

Marking Bits (Prev, Next): (CMBitMap*) 0x0000024837f94110, (CMBitMap*) 0x0000024837f94150
 Prev Bits: [0x000002484afe0000, 0x000002484cf40000)
 Next Bits: [0x000002484cf40000, 0x000002484eea0000)

GC Heap History (0 events):
No events

Dll operation events (1 events):
Event: 0.008 Loaded shared library C:\Program Files\Android\Android Studio\jbr\bin\java.dll

Deoptimization events (0 events):
No events

Classes unloaded (0 events):
No events

Classes redefined (0 events):
No events

Internal exceptions (0 events):
No events

VM Operations (0 events):
No events

Events (0 events):
No events


Dynamic libraries:
0x00007ff7156e0000 - 0x00007ff7156ea000 	C:\Program Files\Android\Android Studio\jbr\bin\java.exe
0x00007ffd5edb0000 - 0x00007ffd5efc7000 	C:\WINDOWS\SYSTEM32\ntdll.dll
0x00007ffd5d540000 - 0x00007ffd5d604000 	C:\WINDOWS\System32\KERNEL32.DLL
0x00007ffd5c610000 - 0x00007ffd5c9bb000 	C:\WINDOWS\System32\KERNELBASE.dll
0x00007ffd5c9c0000 - 0x00007ffd5cad1000 	C:\WINDOWS\System32\ucrtbase.dll
0x00007ffd3e6c0000 - 0x00007ffd3e6db000 	C:\Program Files\Android\Android Studio\jbr\bin\VCRUNTIME140.dll
0x00007ffd431a0000 - 0x00007ffd431b7000 	C:\Program Files\Android\Android Studio\jbr\bin\jli.dll
0x00007ffd5d060000 - 0x00007ffd5d20e000 	C:\WINDOWS\System32\USER32.dll
0x00007ffd3fc50000 - 0x00007ffd3fee3000 	C:\WINDOWS\WinSxS\amd64_microsoft.windows.common-controls_6595b64144ccf1df_6.0.22621.3430_none_270fe68173859015\COMCTL32.dll
0x00007ffd5c520000 - 0x00007ffd5c546000 	C:\WINDOWS\System32\win32u.dll
0x00007ffd5e3a0000 - 0x00007ffd5e447000 	C:\WINDOWS\System32\msvcrt.dll
0x00007ffd5cca0000 - 0x00007ffd5ccc9000 	C:\WINDOWS\System32\GDI32.dll
0x00007ffd5c380000 - 0x00007ffd5c499000 	C:\WINDOWS\System32\gdi32full.dll
0x00007ffd5c2e0000 - 0x00007ffd5c37a000 	C:\WINDOWS\System32\msvcp_win.dll
0x00007ffd5d500000 - 0x00007ffd5d531000 	C:\WINDOWS\System32\IMM32.DLL
0x00007ffd528f0000 - 0x00007ffd528fc000 	C:\Program Files\Android\Android Studio\jbr\bin\vcruntime140_1.dll
0x00007ffd283d0000 - 0x00007ffd2845d000 	C:\Program Files\Android\Android Studio\jbr\bin\msvcp140.dll
0x00007ffcd2430000 - 0x00007ffcd30b3000 	C:\Program Files\Android\Android Studio\jbr\bin\server\jvm.dll
0x00007ffd5d210000 - 0x00007ffd5d2c2000 	C:\WINDOWS\System32\ADVAPI32.dll
0x00007ffd5d3d0000 - 0x00007ffd5d478000 	C:\WINDOWS\System32\sechost.dll
0x00007ffd5c140000 - 0x00007ffd5c168000 	C:\WINDOWS\System32\bcrypt.dll
0x00007ffd5e080000 - 0x00007ffd5e195000 	C:\WINDOWS\System32\RPCRT4.dll
0x00007ffd51c30000 - 0x00007ffd51c64000 	C:\WINDOWS\SYSTEM32\WINMM.dll
0x00007ffd2fbc0000 - 0x00007ffd2fbc9000 	C:\WINDOWS\SYSTEM32\WSOCK32.dll
0x00007ffd5de30000 - 0x00007ffd5dea1000 	C:\WINDOWS\System32\WS2_32.dll
0x00007ffd5af30000 - 0x00007ffd5af7d000 	C:\WINDOWS\SYSTEM32\POWRPROF.dll
0x00007ffd50230000 - 0x00007ffd5023a000 	C:\WINDOWS\SYSTEM32\VERSION.dll
0x00007ffd5af10000 - 0x00007ffd5af23000 	C:\WINDOWS\SYSTEM32\UMPDC.dll
0x00007ffd5b1c0000 - 0x00007ffd5b1d8000 	C:\WINDOWS\SYSTEM32\kernel.appcore.dll
0x00007ffd55630000 - 0x00007ffd5563a000 	C:\Program Files\Android\Android Studio\jbr\bin\jimage.dll
0x00007ffd599d0000 - 0x00007ffd59c03000 	C:\WINDOWS\SYSTEM32\DBGHELP.DLL
0x00007ffd5ccd0000 - 0x00007ffd5d058000 	C:\WINDOWS\System32\combase.dll
0x00007ffd5d850000 - 0x00007ffd5d927000 	C:\WINDOWS\System32\OLEAUT32.dll
0x00007ffd3bb50000 - 0x00007ffd3bb82000 	C:\WINDOWS\SYSTEM32\dbgcore.DLL
0x00007ffd5c4a0000 - 0x00007ffd5c519000 	C:\WINDOWS\System32\bcryptPrimitives.dll
0x00007ffd52470000 - 0x00007ffd52495000 	C:\Program Files\Android\Android Studio\jbr\bin\java.dll

dbghelp: loaded successfully - version: 4.0.5 - missing functions: none
symbol engine: initialized successfully - sym options: 0x614 - pdb path: .;C:\Program Files\Android\Android Studio\jbr\bin;C:\WINDOWS\SYSTEM32;C:\WINDOWS\WinSxS\amd64_microsoft.windows.common-controls_6595b64144ccf1df_6.0.22621.3430_none_270fe68173859015;C:\Program Files\Android\Android Studio\jbr\bin\server

VM Arguments:
java_command: org.jetbrains.kotlin.cli.jvm.K2JVMCompiler @C:\Users\johna\AndroidStudioProjects\app_MediAlert\app\build\20240418_1064210216071445397.compiler.options
java_class_path (initial): C:\Users\johna\.gradle\caches\modules-2\files-2.1\org.jetbrains.kotlin\kotlin-compiler-embeddable\1.9.0\2c8c3a7402becca891f12739b3e9fd2dc2adbd7a\kotlin-compiler-embeddable-1.9.0.jar;C:\Users\johna\.gradle\caches\modules-2\files-2.1\org.jetbrains.kotlin\kotlin-stdlib\1.9.0\8ee15ef0c67dc83d874f412d84378d7f0eb50b63\kotlin-stdlib-1.9.0.jar;C:\Users\johna\.gradle\caches\modules-2\files-2.1\org.jetbrains.kotlin\kotlin-script-runtime\1.9.0\4b3102cbbb7e1b58d9d1adf89563f00069ffa7d1\kotlin-script-runtime-1.9.0.jar;C:\Users\johna\.gradle\caches\modules-2\files-2.1\org.jetbrains.kotlin\kotlin-reflect\1.6.10\1cbe9c92c12a94eea200d23c2bbaedaf3daf5132\kotlin-reflect-1.6.10.jar;C:\Users\johna\.gradle\caches\modules-2\files-2.1\org.jetbrains.kotlin\kotlin-daemon-embeddable\1.9.0\186543f5e28cf8d9a0290fecc2cf34301c40a65c\kotlin-daemon-embeddable-1.9.0.jar;C:\Users\johna\.gradle\caches\modules-2\files-2.1\org.jetbrains.intellij.deps\trove4j\1.0.20200330\3afb14d5f9ceb459d724e907a21145e8ff394f02\trove4j-1.0.20200330.jar;C:\Users\johna\.gradle\caches\modules-2\files-2.1\org.jetbrains.kotlin\kotlin-stdlib-common\1.9.0\cd65c21cfd1eec4d44ef09f9f52b6d9f8a720636\kotlin-stdlib-common-1.9.0.jar;C:\Users\johna\.gradle\caches\modules-2\files-2.1\org.jetbrains\annotations\13.0\919f0dfe192fb4e063e7dacadee7f8bb9a2672a9\annotations-13.0.jar
Launcher Type: SUN_STANDARD

[Global flags]
     intx CICompilerCount                          = 3                                         {product} {ergonomic}
     uint ConcGCThreads                            = 1                                         {product} {ergonomic}
     uint G1ConcRefinementThreads                  = 4                                         {product} {ergonomic}
   size_t G1HeapRegionSize                         = 1048576                                   {product} {ergonomic}
    uintx GCDrainStackTargetSize                   = 64                                        {product} {ergonomic}
   size_t InitialHeapSize                          = 132120576                                 {product} {ergonomic}
   size_t MarkStackSize                            = 4194304                                   {product} {ergonomic}
   size_t MaxHeapSize                              = 2105540608                                {product} {ergonomic}
   size_t MinHeapDeltaBytes                        = 1048576                                   {product} {ergonomic}
   size_t MinHeapSize                              = 8388608                                   {product} {ergonomic}
    uintx NonNMethodCodeHeapSize                   = 5832780                                {pd product} {ergonomic}
    uintx NonProfiledCodeHeapSize                  = 122912730                              {pd product} {ergonomic}
    uintx ProfiledCodeHeapSize                     = 122912730                              {pd product} {ergonomic}
    uintx ReservedCodeCacheSize                    = 251658240                              {pd product} {ergonomic}
     bool SegmentedCodeCache                       = true                                      {product} {ergonomic}
   size_t SoftMaxHeapSize                          = 2105540608                             {manageable} {ergonomic}
     bool UseCompressedClassPointers               = true                           {product lp64_product} {ergonomic}
     bool UseCompressedOops                        = true                           {product lp64_product} {ergonomic}
     bool UseG1GC                                  = true                                      {product} {ergonomic}
     bool UseLargePagesIndividualAllocation        = false                                  {pd product} {ergonomic}

Logging:
Log output configuration:
 #0: stdout all=warning uptime,level,tags
 #1: stderr all=off uptime,level,tags

Environment Variables:
PATH=C:\Program Files\Common Files\Oracle\Java\javapath;C:\Windows\System32\HWAudioDriverLibs;C:\WINDOWS\system32;C:\WINDOWS;C:\WINDOWS\System32\Wbem;C:\WINDOWS\System32\WindowsPowerShell\v1.0\;C:\WINDOWS\System32\OpenSSH\;C:\WINDOWS\system32\config\systemprofile\AppData\Local\Microsoft\WindowsApps;C:\Program Files\nodejs\;C:\ProgramData\chocolatey\bin;C:\WINDOWS\system32;C:\WINDOWS;C:\WINDOWS\System32\Wbem;C:\WINDOWS\System32\WindowsPowerShell\v1.0\;C:\WINDOWS\System32\OpenSSH\;C:\Desarrollo\php;C:\ProgramData\ComposerSetup\bin;C:\Program Files\Git\cmd;C:\Users\johna\AppData\Local\Microsoft\WindowsApps;C:\Users\johna\AppData\Local\Programs\Microsoft VS Code\bin;C:\Users\johna\AppData\Roaming\npm;C:\Users\johna\AppData\Roaming\Composer\vendor\bin;C:\Users\johna\AppData\Local\packer_1.8.7
USERNAME=johna
OS=Windows_NT
PROCESSOR_IDENTIFIER=Intel64 Family 6 Model 142 Stepping 12, GenuineIntel
TMP=C:\Users\johna\AppData\Local\Temp
TEMP=C:\Users\johna\AppData\Local\Temp



Periodic native trim disabled

JNI global refs:
JNI global refs: 0, weak refs: 0

JNI global refs memory usage: 0, weak refs: 0

OOME stack traces (most recent first):
Classloader memory used:


---------------  S Y S T E M  ---------------

OS:
 Windows 11 , 64 bit Build 22621 (10.0.22621.3430)
OS uptime: 1 days 3:55 hours
Hyper-V role detected

CPU: total 4 (initial active 4) (2 cores per cpu, 2 threads per core) family 6 model 142 stepping 12 microcode 0xde, cx8, cmov, fxsr, ht, mmx, 3dnowpref, sse, sse2, sse3, ssse3, sse4.1, sse4.2, popcnt, lzcnt, tsc, tscinvbit, avx, avx2, aes, erms, clmul, bmi1, bmi2, adx, fma, vzeroupper, clflush, clflushopt, hv
Processor Information for all 4 processors :
  Max Mhz: 2592, Current Mhz: 2592, Mhz Limit: 2073

Memory: 4k page, system-wide physical 8025M (343M free)
TotalPageFile size 23385M (AvailPageFile size 118M)
current process WorkingSet (physical memory assigned to process): 11M, peak: 11M
current process commit charge ("private bytes"): 52M, peak: 178M

vm_info: OpenJDK 64-Bit Server VM (17.0.9+0--11185874) for windows-amd64 JRE (17.0.9+0--11185874), built on Dec  6 2023 18:57:44 by "androidbuild" with MS VC++ 16.10 / 16.11 (VS2019)

END.
